[2024-04-30T21:05:30.894+0000] {taskinstance.py:1979} INFO - Dependencies all met for dep_context=non-requeueable deps ti=<TaskInstance: homework2_data_pipeline_demo.data_acquisition manual__2024-04-30T20:55:43.518367+00:00 [queued]>
[2024-04-30T21:05:30.906+0000] {taskinstance.py:1979} INFO - Dependencies all met for dep_context=requeueable deps ti=<TaskInstance: homework2_data_pipeline_demo.data_acquisition manual__2024-04-30T20:55:43.518367+00:00 [queued]>
[2024-04-30T21:05:30.907+0000] {taskinstance.py:2193} INFO - Starting attempt 4 of 4
[2024-04-30T21:05:30.925+0000] {taskinstance.py:2217} INFO - Executing <Task(_PythonVirtualenvDecoratedOperator): data_acquisition> on 2024-04-30 20:55:43.518367+00:00
[2024-04-30T21:05:30.932+0000] {standard_task_runner.py:60} INFO - Started process 6649 to run task
[2024-04-30T21:05:30.938+0000] {standard_task_runner.py:87} INFO - Running: ['***', 'tasks', 'run', 'homework2_data_pipeline_demo', 'data_acquisition', 'manual__2024-04-30T20:55:43.518367+00:00', '--job-id', '68', '--raw', '--subdir', 'DAGS_FOLDER/pipeline.py', '--cfg-path', '/tmp/tmpxyzso675']
[2024-04-30T21:05:30.940+0000] {standard_task_runner.py:88} INFO - Job 68: Subtask data_acquisition
[2024-04-30T21:05:31.011+0000] {task_command.py:423} INFO - Running <TaskInstance: homework2_data_pipeline_demo.data_acquisition manual__2024-04-30T20:55:43.518367+00:00 [running]> on host f153e58ecd1c
[2024-04-30T21:05:31.125+0000] {taskinstance.py:2513} INFO - Exporting env vars: AIRFLOW_CTX_DAG_OWNER='***' AIRFLOW_CTX_DAG_ID='homework2_data_pipeline_demo' AIRFLOW_CTX_TASK_ID='data_acquisition' AIRFLOW_CTX_EXECUTION_DATE='2024-04-30T20:55:43.518367+00:00' AIRFLOW_CTX_TRY_NUMBER='4' AIRFLOW_CTX_DAG_RUN_ID='manual__2024-04-30T20:55:43.518367+00:00'
[2024-04-30T21:05:31.128+0000] {process_utils.py:182} INFO - Executing cmd: /usr/local/bin/python -m virtualenv /tmp/venvaje9cwpu --python=python
[2024-04-30T21:05:31.141+0000] {process_utils.py:186} INFO - Output:
[2024-04-30T21:05:32.321+0000] {process_utils.py:190} INFO - created virtual environment CPython3.8.19.final.0-64 in 466ms
[2024-04-30T21:05:32.322+0000] {process_utils.py:190} INFO -   creator CPython3Posix(dest=/tmp/venvaje9cwpu, clear=False, no_vcs_ignore=False, global=False)
[2024-04-30T21:05:32.322+0000] {process_utils.py:190} INFO -   seeder FromAppData(download=False, pip=bundle, setuptools=bundle, wheel=bundle, via=copy, app_data_dir=/home/***/.local/share/virtualenv)
[2024-04-30T21:05:32.323+0000] {process_utils.py:190} INFO -     added seed packages: pip==24.0, setuptools==69.2.0, wheel==0.43.0
[2024-04-30T21:05:32.324+0000] {process_utils.py:190} INFO -   activators BashActivator,CShellActivator,FishActivator,NushellActivator,PowerShellActivator,PythonActivator
[2024-04-30T21:05:32.380+0000] {process_utils.py:182} INFO - Executing cmd: /tmp/venvaje9cwpu/bin/pip install -r /tmp/venvaje9cwpu/requirements.txt
[2024-04-30T21:05:32.392+0000] {process_utils.py:186} INFO - Output:
[2024-04-30T21:05:34.057+0000] {process_utils.py:190} INFO - Collecting dill (from -r /tmp/venvaje9cwpu/requirements.txt (line 1))
[2024-04-30T21:05:34.061+0000] {process_utils.py:190} INFO -   Using cached dill-0.3.8-py3-none-any.whl.metadata (10 kB)
[2024-04-30T21:05:34.099+0000] {process_utils.py:190} INFO - Collecting funcsigs (from -r /tmp/venvaje9cwpu/requirements.txt (line 2))
[2024-04-30T21:05:34.104+0000] {process_utils.py:190} INFO -   Using cached funcsigs-1.0.2-py2.py3-none-any.whl.metadata (14 kB)
[2024-04-30T21:05:34.502+0000] {process_utils.py:190} INFO - Collecting pandas (from -r /tmp/venvaje9cwpu/requirements.txt (line 3))
[2024-04-30T21:05:34.506+0000] {process_utils.py:190} INFO -   Using cached pandas-2.0.3-cp38-cp38-manylinux_2_17_x86_64.manylinux2014_x86_64.whl.metadata (18 kB)
[2024-04-30T21:05:34.742+0000] {process_utils.py:190} INFO - Collecting python-dateutil>=2.8.2 (from pandas->-r /tmp/venvaje9cwpu/requirements.txt (line 3))
[2024-04-30T21:05:34.746+0000] {process_utils.py:190} INFO -   Using cached python_dateutil-2.9.0.post0-py2.py3-none-any.whl.metadata (8.4 kB)
[2024-04-30T21:05:34.878+0000] {process_utils.py:190} INFO - Collecting pytz>=2020.1 (from pandas->-r /tmp/venvaje9cwpu/requirements.txt (line 3))
[2024-04-30T21:05:34.881+0000] {process_utils.py:190} INFO -   Using cached pytz-2024.1-py2.py3-none-any.whl.metadata (22 kB)
[2024-04-30T21:05:34.929+0000] {process_utils.py:190} INFO - Collecting tzdata>=2022.1 (from pandas->-r /tmp/venvaje9cwpu/requirements.txt (line 3))
[2024-04-30T21:05:34.934+0000] {process_utils.py:190} INFO -   Using cached tzdata-2024.1-py2.py3-none-any.whl.metadata (1.4 kB)
[2024-04-30T21:05:35.464+0000] {process_utils.py:190} INFO - Collecting numpy>=1.20.3 (from pandas->-r /tmp/venvaje9cwpu/requirements.txt (line 3))
[2024-04-30T21:05:35.468+0000] {process_utils.py:190} INFO -   Using cached numpy-1.24.4-cp38-cp38-manylinux_2_17_x86_64.manylinux2014_x86_64.whl.metadata (5.6 kB)
[2024-04-30T21:05:35.518+0000] {process_utils.py:190} INFO - Collecting six>=1.5 (from python-dateutil>=2.8.2->pandas->-r /tmp/venvaje9cwpu/requirements.txt (line 3))
[2024-04-30T21:05:35.521+0000] {process_utils.py:190} INFO -   Using cached six-1.16.0-py2.py3-none-any.whl.metadata (1.8 kB)
[2024-04-30T21:05:35.537+0000] {process_utils.py:190} INFO - Using cached dill-0.3.8-py3-none-any.whl (116 kB)
[2024-04-30T21:05:35.540+0000] {process_utils.py:190} INFO - Using cached funcsigs-1.0.2-py2.py3-none-any.whl (17 kB)
[2024-04-30T21:05:35.543+0000] {process_utils.py:190} INFO - Using cached pandas-2.0.3-cp38-cp38-manylinux_2_17_x86_64.manylinux2014_x86_64.whl (12.4 MB)
[2024-04-30T21:05:35.588+0000] {process_utils.py:190} INFO - Using cached numpy-1.24.4-cp38-cp38-manylinux_2_17_x86_64.manylinux2014_x86_64.whl (17.3 MB)
[2024-04-30T21:05:35.650+0000] {process_utils.py:190} INFO - Using cached python_dateutil-2.9.0.post0-py2.py3-none-any.whl (229 kB)
[2024-04-30T21:05:35.656+0000] {process_utils.py:190} INFO - Using cached pytz-2024.1-py2.py3-none-any.whl (505 kB)
[2024-04-30T21:05:35.662+0000] {process_utils.py:190} INFO - Using cached tzdata-2024.1-py2.py3-none-any.whl (345 kB)
[2024-04-30T21:05:35.667+0000] {process_utils.py:190} INFO - Using cached six-1.16.0-py2.py3-none-any.whl (11 kB)
[2024-04-30T21:05:36.164+0000] {process_utils.py:190} INFO - Installing collected packages: pytz, funcsigs, tzdata, six, numpy, dill, python-dateutil, pandas
[2024-04-30T21:05:45.640+0000] {process_utils.py:190} INFO - Successfully installed dill-0.3.8 funcsigs-1.0.2 numpy-1.24.4 pandas-2.0.3 python-dateutil-2.9.0.post0 pytz-2024.1 six-1.16.0 tzdata-2024.1
[2024-04-30T21:05:46.091+0000] {process_utils.py:182} INFO - Executing cmd: /tmp/venvaje9cwpu/bin/python /tmp/venv-callhk4q79m6/script.py /tmp/venv-callhk4q79m6/script.in /tmp/venv-callhk4q79m6/script.out /tmp/venv-callhk4q79m6/string_args.txt /tmp/venv-callhk4q79m6/termination.log
[2024-04-30T21:05:46.102+0000] {process_utils.py:186} INFO - Output:
[2024-04-30T21:05:47.176+0000] {python.py:202} INFO - Done. Returned value was: {'status': 'success', 'data_path': '/storage/acquire/Metro_zori_uc_sfrcondomfr_sm_month.csv'}
[2024-04-30T21:05:47.210+0000] {taskinstance.py:1149} INFO - Marking task as SUCCESS. dag_id=homework2_data_pipeline_demo, task_id=data_acquisition, execution_date=20240430T205543, start_date=20240430T210530, end_date=20240430T210547
[2024-04-30T21:05:47.260+0000] {local_task_job_runner.py:234} INFO - Task exited with return code 0
[2024-04-30T21:05:47.280+0000] {taskinstance.py:3312} INFO - 0 downstream tasks scheduled from follow-on schedule check
