[2024-05-01T06:44:30.713+0000] {taskinstance.py:1979} INFO - Dependencies all met for dep_context=non-requeueable deps ti=<TaskInstance: homework2_data_pipeline_demo.data_acquisition manual__2024-04-30T20:55:43.518367+00:00 [queued]>
[2024-05-01T06:44:30.725+0000] {taskinstance.py:1979} INFO - Dependencies all met for dep_context=requeueable deps ti=<TaskInstance: homework2_data_pipeline_demo.data_acquisition manual__2024-04-30T20:55:43.518367+00:00 [queued]>
[2024-05-01T06:44:30.726+0000] {taskinstance.py:2193} INFO - Starting attempt 10 of 10
[2024-05-01T06:44:30.745+0000] {taskinstance.py:2217} INFO - Executing <Task(_PythonVirtualenvDecoratedOperator): data_acquisition> on 2024-04-30 20:55:43.518367+00:00
[2024-05-01T06:44:30.755+0000] {standard_task_runner.py:60} INFO - Started process 7656 to run task
[2024-05-01T06:44:30.761+0000] {standard_task_runner.py:87} INFO - Running: ['***', 'tasks', 'run', 'homework2_data_pipeline_demo', 'data_acquisition', 'manual__2024-04-30T20:55:43.518367+00:00', '--job-id', '86', '--raw', '--subdir', 'DAGS_FOLDER/pipeline.py', '--cfg-path', '/tmp/tmpr66fr0th']
[2024-05-01T06:44:30.764+0000] {standard_task_runner.py:88} INFO - Job 86: Subtask data_acquisition
[2024-05-01T06:44:30.834+0000] {task_command.py:423} INFO - Running <TaskInstance: homework2_data_pipeline_demo.data_acquisition manual__2024-04-30T20:55:43.518367+00:00 [running]> on host f153e58ecd1c
[2024-05-01T06:44:30.938+0000] {taskinstance.py:2513} INFO - Exporting env vars: AIRFLOW_CTX_DAG_OWNER='***' AIRFLOW_CTX_DAG_ID='homework2_data_pipeline_demo' AIRFLOW_CTX_TASK_ID='data_acquisition' AIRFLOW_CTX_EXECUTION_DATE='2024-04-30T20:55:43.518367+00:00' AIRFLOW_CTX_TRY_NUMBER='10' AIRFLOW_CTX_DAG_RUN_ID='manual__2024-04-30T20:55:43.518367+00:00'
[2024-05-01T06:44:30.941+0000] {process_utils.py:182} INFO - Executing cmd: /usr/local/bin/python -m virtualenv /tmp/venvtoabgzzr --python=python
[2024-05-01T06:44:30.952+0000] {process_utils.py:186} INFO - Output:
[2024-05-01T06:44:32.131+0000] {process_utils.py:190} INFO - created virtual environment CPython3.8.19.final.0-64 in 441ms
[2024-05-01T06:44:32.132+0000] {process_utils.py:190} INFO -   creator CPython3Posix(dest=/tmp/venvtoabgzzr, clear=False, no_vcs_ignore=False, global=False)
[2024-05-01T06:44:32.133+0000] {process_utils.py:190} INFO -   seeder FromAppData(download=False, pip=bundle, setuptools=bundle, wheel=bundle, via=copy, app_data_dir=/home/***/.local/share/virtualenv)
[2024-05-01T06:44:32.134+0000] {process_utils.py:190} INFO -     added seed packages: pip==24.0, setuptools==69.2.0, wheel==0.43.0
[2024-05-01T06:44:32.134+0000] {process_utils.py:190} INFO -   activators BashActivator,CShellActivator,FishActivator,NushellActivator,PowerShellActivator,PythonActivator
[2024-05-01T06:44:32.194+0000] {process_utils.py:182} INFO - Executing cmd: /tmp/venvtoabgzzr/bin/pip install -r /tmp/venvtoabgzzr/requirements.txt
[2024-05-01T06:44:32.205+0000] {process_utils.py:186} INFO - Output:
[2024-05-01T06:44:33.960+0000] {process_utils.py:190} INFO - Collecting dill (from -r /tmp/venvtoabgzzr/requirements.txt (line 1))
[2024-05-01T06:44:33.963+0000] {process_utils.py:190} INFO -   Using cached dill-0.3.8-py3-none-any.whl.metadata (10 kB)
[2024-05-01T06:44:33.994+0000] {process_utils.py:190} INFO - Collecting funcsigs (from -r /tmp/venvtoabgzzr/requirements.txt (line 2))
[2024-05-01T06:44:33.998+0000] {process_utils.py:190} INFO -   Using cached funcsigs-1.0.2-py2.py3-none-any.whl.metadata (14 kB)
[2024-05-01T06:44:34.326+0000] {process_utils.py:190} INFO - Collecting pandas (from -r /tmp/venvtoabgzzr/requirements.txt (line 3))
[2024-05-01T06:44:34.329+0000] {process_utils.py:190} INFO -   Using cached pandas-2.0.3-cp38-cp38-manylinux_2_17_x86_64.manylinux2014_x86_64.whl.metadata (18 kB)
[2024-05-01T06:44:34.556+0000] {process_utils.py:190} INFO - Collecting python-dateutil>=2.8.2 (from pandas->-r /tmp/venvtoabgzzr/requirements.txt (line 3))
[2024-05-01T06:44:34.559+0000] {process_utils.py:190} INFO -   Using cached python_dateutil-2.9.0.post0-py2.py3-none-any.whl.metadata (8.4 kB)
[2024-05-01T06:44:34.687+0000] {process_utils.py:190} INFO - Collecting pytz>=2020.1 (from pandas->-r /tmp/venvtoabgzzr/requirements.txt (line 3))
[2024-05-01T06:44:34.690+0000] {process_utils.py:190} INFO -   Using cached pytz-2024.1-py2.py3-none-any.whl.metadata (22 kB)
[2024-05-01T06:44:34.748+0000] {process_utils.py:190} INFO - Collecting tzdata>=2022.1 (from pandas->-r /tmp/venvtoabgzzr/requirements.txt (line 3))
[2024-05-01T06:44:34.754+0000] {process_utils.py:190} INFO -   Using cached tzdata-2024.1-py2.py3-none-any.whl.metadata (1.4 kB)
[2024-05-01T06:44:35.220+0000] {process_utils.py:190} INFO - Collecting numpy>=1.20.3 (from pandas->-r /tmp/venvtoabgzzr/requirements.txt (line 3))
[2024-05-01T06:44:35.224+0000] {process_utils.py:190} INFO -   Using cached numpy-1.24.4-cp38-cp38-manylinux_2_17_x86_64.manylinux2014_x86_64.whl.metadata (5.6 kB)
[2024-05-01T06:44:35.275+0000] {process_utils.py:190} INFO - Collecting six>=1.5 (from python-dateutil>=2.8.2->pandas->-r /tmp/venvtoabgzzr/requirements.txt (line 3))
[2024-05-01T06:44:35.278+0000] {process_utils.py:190} INFO -   Using cached six-1.16.0-py2.py3-none-any.whl.metadata (1.8 kB)
[2024-05-01T06:44:35.294+0000] {process_utils.py:190} INFO - Using cached dill-0.3.8-py3-none-any.whl (116 kB)
[2024-05-01T06:44:35.298+0000] {process_utils.py:190} INFO - Using cached funcsigs-1.0.2-py2.py3-none-any.whl (17 kB)
[2024-05-01T06:44:35.300+0000] {process_utils.py:190} INFO - Using cached pandas-2.0.3-cp38-cp38-manylinux_2_17_x86_64.manylinux2014_x86_64.whl (12.4 MB)
[2024-05-01T06:44:35.349+0000] {process_utils.py:190} INFO - Using cached numpy-1.24.4-cp38-cp38-manylinux_2_17_x86_64.manylinux2014_x86_64.whl (17.3 MB)
[2024-05-01T06:44:35.417+0000] {process_utils.py:190} INFO - Using cached python_dateutil-2.9.0.post0-py2.py3-none-any.whl (229 kB)
[2024-05-01T06:44:35.420+0000] {process_utils.py:190} INFO - Using cached pytz-2024.1-py2.py3-none-any.whl (505 kB)
[2024-05-01T06:44:35.426+0000] {process_utils.py:190} INFO - Using cached tzdata-2024.1-py2.py3-none-any.whl (345 kB)
[2024-05-01T06:44:35.430+0000] {process_utils.py:190} INFO - Using cached six-1.16.0-py2.py3-none-any.whl (11 kB)
[2024-05-01T06:44:35.894+0000] {process_utils.py:190} INFO - Installing collected packages: pytz, funcsigs, tzdata, six, numpy, dill, python-dateutil, pandas
[2024-05-01T06:44:45.534+0000] {process_utils.py:190} INFO - Successfully installed dill-0.3.8 funcsigs-1.0.2 numpy-1.24.4 pandas-2.0.3 python-dateutil-2.9.0.post0 pytz-2024.1 six-1.16.0 tzdata-2024.1
[2024-05-01T06:44:45.950+0000] {process_utils.py:182} INFO - Executing cmd: /tmp/venvtoabgzzr/bin/python /tmp/venv-callwsbnb_ng/script.py /tmp/venv-callwsbnb_ng/script.in /tmp/venv-callwsbnb_ng/script.out /tmp/venv-callwsbnb_ng/string_args.txt /tmp/venv-callwsbnb_ng/termination.log
[2024-05-01T06:44:45.961+0000] {process_utils.py:186} INFO - Output:
[2024-05-01T06:44:46.931+0000] {python.py:202} INFO - Done. Returned value was: {'status': 'success', 'data_path': '/storage/acquire/Metro_zori_uc_sfrcondomfr_sm_month.csv'}
[2024-05-01T06:44:46.963+0000] {taskinstance.py:1149} INFO - Marking task as SUCCESS. dag_id=homework2_data_pipeline_demo, task_id=data_acquisition, execution_date=20240430T205543, start_date=20240501T064430, end_date=20240501T064446
[2024-05-01T06:44:46.986+0000] {local_task_job_runner.py:234} INFO - Task exited with return code 0
[2024-05-01T06:44:47.018+0000] {taskinstance.py:3312} INFO - 1 downstream tasks scheduled from follow-on schedule check
