[2024-04-30T21:10:04.005+0000] {taskinstance.py:1979} INFO - Dependencies all met for dep_context=non-requeueable deps ti=<TaskInstance: homework2_data_pipeline_demo.data_acquisition manual__2024-04-30T20:55:43.518367+00:00 [queued]>
[2024-04-30T21:10:04.024+0000] {taskinstance.py:1979} INFO - Dependencies all met for dep_context=requeueable deps ti=<TaskInstance: homework2_data_pipeline_demo.data_acquisition manual__2024-04-30T20:55:43.518367+00:00 [queued]>
[2024-04-30T21:10:04.024+0000] {taskinstance.py:2193} INFO - Starting attempt 6 of 6
[2024-04-30T21:10:04.058+0000] {taskinstance.py:2217} INFO - Executing <Task(_PythonVirtualenvDecoratedOperator): data_acquisition> on 2024-04-30 20:55:43.518367+00:00
[2024-04-30T21:10:04.070+0000] {standard_task_runner.py:60} INFO - Started process 6898 to run task
[2024-04-30T21:10:04.079+0000] {standard_task_runner.py:87} INFO - Running: ['***', 'tasks', 'run', 'homework2_data_pipeline_demo', 'data_acquisition', 'manual__2024-04-30T20:55:43.518367+00:00', '--job-id', '78', '--raw', '--subdir', 'DAGS_FOLDER/pipeline.py', '--cfg-path', '/tmp/tmp866a1lzp']
[2024-04-30T21:10:04.082+0000] {standard_task_runner.py:88} INFO - Job 78: Subtask data_acquisition
[2024-04-30T21:10:04.195+0000] {task_command.py:423} INFO - Running <TaskInstance: homework2_data_pipeline_demo.data_acquisition manual__2024-04-30T20:55:43.518367+00:00 [running]> on host f153e58ecd1c
[2024-04-30T21:10:04.373+0000] {taskinstance.py:2513} INFO - Exporting env vars: AIRFLOW_CTX_DAG_OWNER='***' AIRFLOW_CTX_DAG_ID='homework2_data_pipeline_demo' AIRFLOW_CTX_TASK_ID='data_acquisition' AIRFLOW_CTX_EXECUTION_DATE='2024-04-30T20:55:43.518367+00:00' AIRFLOW_CTX_TRY_NUMBER='6' AIRFLOW_CTX_DAG_RUN_ID='manual__2024-04-30T20:55:43.518367+00:00'
[2024-04-30T21:10:04.377+0000] {process_utils.py:182} INFO - Executing cmd: /usr/local/bin/python -m virtualenv /tmp/venvjt7sjpwv --python=python
[2024-04-30T21:10:04.401+0000] {process_utils.py:186} INFO - Output:
[2024-04-30T21:10:06.843+0000] {process_utils.py:190} INFO - created virtual environment CPython3.8.19.final.0-64 in 982ms
[2024-04-30T21:10:06.846+0000] {process_utils.py:190} INFO -   creator CPython3Posix(dest=/tmp/venvjt7sjpwv, clear=False, no_vcs_ignore=False, global=False)
[2024-04-30T21:10:06.856+0000] {process_utils.py:190} INFO -   seeder FromAppData(download=False, pip=bundle, setuptools=bundle, wheel=bundle, via=copy, app_data_dir=/home/***/.local/share/virtualenv)
[2024-04-30T21:10:06.858+0000] {process_utils.py:190} INFO -     added seed packages: pip==24.0, setuptools==69.2.0, wheel==0.43.0
[2024-04-30T21:10:06.859+0000] {process_utils.py:190} INFO -   activators BashActivator,CShellActivator,FishActivator,NushellActivator,PowerShellActivator,PythonActivator
[2024-04-30T21:10:07.094+0000] {process_utils.py:182} INFO - Executing cmd: /tmp/venvjt7sjpwv/bin/pip install -r /tmp/venvjt7sjpwv/requirements.txt
[2024-04-30T21:10:07.142+0000] {process_utils.py:186} INFO - Output:
[2024-04-30T21:10:11.474+0000] {process_utils.py:190} INFO - Collecting dill (from -r /tmp/venvjt7sjpwv/requirements.txt (line 1))
[2024-04-30T21:10:11.478+0000] {process_utils.py:190} INFO -   Using cached dill-0.3.8-py3-none-any.whl.metadata (10 kB)
[2024-04-30T21:10:11.536+0000] {process_utils.py:190} INFO - Collecting funcsigs (from -r /tmp/venvjt7sjpwv/requirements.txt (line 2))
[2024-04-30T21:10:11.545+0000] {process_utils.py:190} INFO -   Using cached funcsigs-1.0.2-py2.py3-none-any.whl.metadata (14 kB)
[2024-04-30T21:10:12.129+0000] {process_utils.py:190} INFO - Collecting pandas (from -r /tmp/venvjt7sjpwv/requirements.txt (line 3))
[2024-04-30T21:10:12.139+0000] {process_utils.py:190} INFO -   Using cached pandas-2.0.3-cp38-cp38-manylinux_2_17_x86_64.manylinux2014_x86_64.whl.metadata (18 kB)
[2024-04-30T21:10:12.608+0000] {process_utils.py:190} INFO - Collecting python-dateutil>=2.8.2 (from pandas->-r /tmp/venvjt7sjpwv/requirements.txt (line 3))
[2024-04-30T21:10:12.614+0000] {process_utils.py:190} INFO -   Using cached python_dateutil-2.9.0.post0-py2.py3-none-any.whl.metadata (8.4 kB)
[2024-04-30T21:10:12.811+0000] {process_utils.py:190} INFO - Collecting pytz>=2020.1 (from pandas->-r /tmp/venvjt7sjpwv/requirements.txt (line 3))
[2024-04-30T21:10:12.819+0000] {process_utils.py:190} INFO -   Using cached pytz-2024.1-py2.py3-none-any.whl.metadata (22 kB)
[2024-04-30T21:10:12.907+0000] {process_utils.py:190} INFO - Collecting tzdata>=2022.1 (from pandas->-r /tmp/venvjt7sjpwv/requirements.txt (line 3))
[2024-04-30T21:10:12.911+0000] {process_utils.py:190} INFO -   Using cached tzdata-2024.1-py2.py3-none-any.whl.metadata (1.4 kB)
[2024-04-30T21:10:13.671+0000] {process_utils.py:190} INFO - Collecting numpy>=1.20.3 (from pandas->-r /tmp/venvjt7sjpwv/requirements.txt (line 3))
[2024-04-30T21:10:13.678+0000] {process_utils.py:190} INFO -   Using cached numpy-1.24.4-cp38-cp38-manylinux_2_17_x86_64.manylinux2014_x86_64.whl.metadata (5.6 kB)
[2024-04-30T21:10:13.777+0000] {process_utils.py:190} INFO - Collecting six>=1.5 (from python-dateutil>=2.8.2->pandas->-r /tmp/venvjt7sjpwv/requirements.txt (line 3))
[2024-04-30T21:10:13.783+0000] {process_utils.py:190} INFO -   Using cached six-1.16.0-py2.py3-none-any.whl.metadata (1.8 kB)
[2024-04-30T21:10:13.812+0000] {process_utils.py:190} INFO - Using cached dill-0.3.8-py3-none-any.whl (116 kB)
[2024-04-30T21:10:13.820+0000] {process_utils.py:190} INFO - Using cached funcsigs-1.0.2-py2.py3-none-any.whl (17 kB)
[2024-04-30T21:10:13.825+0000] {process_utils.py:190} INFO - Using cached pandas-2.0.3-cp38-cp38-manylinux_2_17_x86_64.manylinux2014_x86_64.whl (12.4 MB)
[2024-04-30T21:10:13.910+0000] {process_utils.py:190} INFO - Using cached numpy-1.24.4-cp38-cp38-manylinux_2_17_x86_64.manylinux2014_x86_64.whl (17.3 MB)
[2024-04-30T21:10:14.007+0000] {process_utils.py:190} INFO - Using cached python_dateutil-2.9.0.post0-py2.py3-none-any.whl (229 kB)
[2024-04-30T21:10:14.014+0000] {process_utils.py:190} INFO - Using cached pytz-2024.1-py2.py3-none-any.whl (505 kB)
[2024-04-30T21:10:14.023+0000] {process_utils.py:190} INFO - Using cached tzdata-2024.1-py2.py3-none-any.whl (345 kB)
[2024-04-30T21:10:14.031+0000] {process_utils.py:190} INFO - Using cached six-1.16.0-py2.py3-none-any.whl (11 kB)
[2024-04-30T21:10:14.834+0000] {process_utils.py:190} INFO - Installing collected packages: pytz, funcsigs, tzdata, six, numpy, dill, python-dateutil, pandas
[2024-04-30T21:10:34.328+0000] {process_utils.py:190} INFO - Successfully installed dill-0.3.8 funcsigs-1.0.2 numpy-1.24.4 pandas-2.0.3 python-dateutil-2.9.0.post0 pytz-2024.1 six-1.16.0 tzdata-2024.1
[2024-04-30T21:10:35.222+0000] {process_utils.py:182} INFO - Executing cmd: /tmp/venvjt7sjpwv/bin/python /tmp/venv-callwer8f_ay/script.py /tmp/venv-callwer8f_ay/script.in /tmp/venv-callwer8f_ay/script.out /tmp/venv-callwer8f_ay/string_args.txt /tmp/venv-callwer8f_ay/termination.log
[2024-04-30T21:10:35.243+0000] {process_utils.py:186} INFO - Output:
[2024-04-30T21:10:37.228+0000] {python.py:202} INFO - Done. Returned value was: {'status': 'success', 'data_path': '/storage/acquire/Metro_zori_uc_sfrcondomfr_sm_month.csv'}
[2024-04-30T21:10:37.290+0000] {taskinstance.py:1149} INFO - Marking task as SUCCESS. dag_id=homework2_data_pipeline_demo, task_id=data_acquisition, execution_date=20240430T205543, start_date=20240430T211004, end_date=20240430T211037
[2024-04-30T21:10:37.367+0000] {local_task_job_runner.py:234} INFO - Task exited with return code 0
[2024-04-30T21:10:37.460+0000] {taskinstance.py:3312} INFO - 0 downstream tasks scheduled from follow-on schedule check
