[2024-04-30T21:07:15.080+0000] {taskinstance.py:1979} INFO - Dependencies all met for dep_context=non-requeueable deps ti=<TaskInstance: homework2_data_pipeline_demo.data_acquisition manual__2024-04-30T20:55:43.518367+00:00 [queued]>
[2024-04-30T21:07:15.092+0000] {taskinstance.py:1979} INFO - Dependencies all met for dep_context=requeueable deps ti=<TaskInstance: homework2_data_pipeline_demo.data_acquisition manual__2024-04-30T20:55:43.518367+00:00 [queued]>
[2024-04-30T21:07:15.092+0000] {taskinstance.py:2193} INFO - Starting attempt 5 of 5
[2024-04-30T21:07:15.114+0000] {taskinstance.py:2217} INFO - Executing <Task(_PythonVirtualenvDecoratedOperator): data_acquisition> on 2024-04-30 20:55:43.518367+00:00
[2024-04-30T21:07:15.122+0000] {standard_task_runner.py:60} INFO - Started process 6763 to run task
[2024-04-30T21:07:15.127+0000] {standard_task_runner.py:87} INFO - Running: ['***', 'tasks', 'run', 'homework2_data_pipeline_demo', 'data_acquisition', 'manual__2024-04-30T20:55:43.518367+00:00', '--job-id', '72', '--raw', '--subdir', 'DAGS_FOLDER/pipeline.py', '--cfg-path', '/tmp/tmp_ihjdplh']
[2024-04-30T21:07:15.128+0000] {standard_task_runner.py:88} INFO - Job 72: Subtask data_acquisition
[2024-04-30T21:07:15.206+0000] {task_command.py:423} INFO - Running <TaskInstance: homework2_data_pipeline_demo.data_acquisition manual__2024-04-30T20:55:43.518367+00:00 [running]> on host f153e58ecd1c
[2024-04-30T21:07:15.318+0000] {taskinstance.py:2513} INFO - Exporting env vars: AIRFLOW_CTX_DAG_OWNER='***' AIRFLOW_CTX_DAG_ID='homework2_data_pipeline_demo' AIRFLOW_CTX_TASK_ID='data_acquisition' AIRFLOW_CTX_EXECUTION_DATE='2024-04-30T20:55:43.518367+00:00' AIRFLOW_CTX_TRY_NUMBER='5' AIRFLOW_CTX_DAG_RUN_ID='manual__2024-04-30T20:55:43.518367+00:00'
[2024-04-30T21:07:15.321+0000] {process_utils.py:182} INFO - Executing cmd: /usr/local/bin/python -m virtualenv /tmp/venvvq_29yk5 --python=python
[2024-04-30T21:07:15.334+0000] {process_utils.py:186} INFO - Output:
[2024-04-30T21:07:16.437+0000] {process_utils.py:190} INFO - created virtual environment CPython3.8.19.final.0-64 in 451ms
[2024-04-30T21:07:16.438+0000] {process_utils.py:190} INFO -   creator CPython3Posix(dest=/tmp/venvvq_29yk5, clear=False, no_vcs_ignore=False, global=False)
[2024-04-30T21:07:16.439+0000] {process_utils.py:190} INFO -   seeder FromAppData(download=False, pip=bundle, setuptools=bundle, wheel=bundle, via=copy, app_data_dir=/home/***/.local/share/virtualenv)
[2024-04-30T21:07:16.440+0000] {process_utils.py:190} INFO -     added seed packages: pip==24.0, setuptools==69.2.0, wheel==0.43.0
[2024-04-30T21:07:16.440+0000] {process_utils.py:190} INFO -   activators BashActivator,CShellActivator,FishActivator,NushellActivator,PowerShellActivator,PythonActivator
[2024-04-30T21:07:16.501+0000] {process_utils.py:182} INFO - Executing cmd: /tmp/venvvq_29yk5/bin/pip install -r /tmp/venvvq_29yk5/requirements.txt
[2024-04-30T21:07:16.512+0000] {process_utils.py:186} INFO - Output:
[2024-04-30T21:07:18.347+0000] {process_utils.py:190} INFO - Collecting dill (from -r /tmp/venvvq_29yk5/requirements.txt (line 1))
[2024-04-30T21:07:18.350+0000] {process_utils.py:190} INFO -   Using cached dill-0.3.8-py3-none-any.whl.metadata (10 kB)
[2024-04-30T21:07:18.380+0000] {process_utils.py:190} INFO - Collecting funcsigs (from -r /tmp/venvvq_29yk5/requirements.txt (line 2))
[2024-04-30T21:07:18.383+0000] {process_utils.py:190} INFO -   Using cached funcsigs-1.0.2-py2.py3-none-any.whl.metadata (14 kB)
[2024-04-30T21:07:18.741+0000] {process_utils.py:190} INFO - Collecting pandas (from -r /tmp/venvvq_29yk5/requirements.txt (line 3))
[2024-04-30T21:07:18.745+0000] {process_utils.py:190} INFO -   Using cached pandas-2.0.3-cp38-cp38-manylinux_2_17_x86_64.manylinux2014_x86_64.whl.metadata (18 kB)
[2024-04-30T21:07:18.990+0000] {process_utils.py:190} INFO - Collecting python-dateutil>=2.8.2 (from pandas->-r /tmp/venvvq_29yk5/requirements.txt (line 3))
[2024-04-30T21:07:18.996+0000] {process_utils.py:190} INFO -   Using cached python_dateutil-2.9.0.post0-py2.py3-none-any.whl.metadata (8.4 kB)
[2024-04-30T21:07:19.161+0000] {process_utils.py:190} INFO - Collecting pytz>=2020.1 (from pandas->-r /tmp/venvvq_29yk5/requirements.txt (line 3))
[2024-04-30T21:07:19.165+0000] {process_utils.py:190} INFO -   Using cached pytz-2024.1-py2.py3-none-any.whl.metadata (22 kB)
[2024-04-30T21:07:19.213+0000] {process_utils.py:190} INFO - Collecting tzdata>=2022.1 (from pandas->-r /tmp/venvvq_29yk5/requirements.txt (line 3))
[2024-04-30T21:07:19.217+0000] {process_utils.py:190} INFO -   Using cached tzdata-2024.1-py2.py3-none-any.whl.metadata (1.4 kB)
[2024-04-30T21:07:19.702+0000] {process_utils.py:190} INFO - Collecting numpy>=1.20.3 (from pandas->-r /tmp/venvvq_29yk5/requirements.txt (line 3))
[2024-04-30T21:07:19.705+0000] {process_utils.py:190} INFO -   Using cached numpy-1.24.4-cp38-cp38-manylinux_2_17_x86_64.manylinux2014_x86_64.whl.metadata (5.6 kB)
[2024-04-30T21:07:19.751+0000] {process_utils.py:190} INFO - Collecting six>=1.5 (from python-dateutil>=2.8.2->pandas->-r /tmp/venvvq_29yk5/requirements.txt (line 3))
[2024-04-30T21:07:19.755+0000] {process_utils.py:190} INFO -   Using cached six-1.16.0-py2.py3-none-any.whl.metadata (1.8 kB)
[2024-04-30T21:07:19.770+0000] {process_utils.py:190} INFO - Using cached dill-0.3.8-py3-none-any.whl (116 kB)
[2024-04-30T21:07:19.774+0000] {process_utils.py:190} INFO - Using cached funcsigs-1.0.2-py2.py3-none-any.whl (17 kB)
[2024-04-30T21:07:19.776+0000] {process_utils.py:190} INFO - Using cached pandas-2.0.3-cp38-cp38-manylinux_2_17_x86_64.manylinux2014_x86_64.whl (12.4 MB)
[2024-04-30T21:07:19.815+0000] {process_utils.py:190} INFO - Using cached numpy-1.24.4-cp38-cp38-manylinux_2_17_x86_64.manylinux2014_x86_64.whl (17.3 MB)
[2024-04-30T21:07:19.872+0000] {process_utils.py:190} INFO - Using cached python_dateutil-2.9.0.post0-py2.py3-none-any.whl (229 kB)
[2024-04-30T21:07:19.875+0000] {process_utils.py:190} INFO - Using cached pytz-2024.1-py2.py3-none-any.whl (505 kB)
[2024-04-30T21:07:19.880+0000] {process_utils.py:190} INFO - Using cached tzdata-2024.1-py2.py3-none-any.whl (345 kB)
[2024-04-30T21:07:19.884+0000] {process_utils.py:190} INFO - Using cached six-1.16.0-py2.py3-none-any.whl (11 kB)
[2024-04-30T21:07:20.400+0000] {process_utils.py:190} INFO - Installing collected packages: pytz, funcsigs, tzdata, six, numpy, dill, python-dateutil, pandas
[2024-04-30T21:07:29.971+0000] {process_utils.py:190} INFO - Successfully installed dill-0.3.8 funcsigs-1.0.2 numpy-1.24.4 pandas-2.0.3 python-dateutil-2.9.0.post0 pytz-2024.1 six-1.16.0 tzdata-2024.1
[2024-04-30T21:07:30.433+0000] {process_utils.py:182} INFO - Executing cmd: /tmp/venvvq_29yk5/bin/python /tmp/venv-call4d96skbm/script.py /tmp/venv-call4d96skbm/script.in /tmp/venv-call4d96skbm/script.out /tmp/venv-call4d96skbm/string_args.txt /tmp/venv-call4d96skbm/termination.log
[2024-04-30T21:07:30.444+0000] {process_utils.py:186} INFO - Output:
[2024-04-30T21:07:31.454+0000] {python.py:202} INFO - Done. Returned value was: {'status': 'success', 'data_path': '/storage/acquire/Metro_zori_uc_sfrcondomfr_sm_month.csv'}
[2024-04-30T21:07:31.488+0000] {taskinstance.py:1149} INFO - Marking task as SUCCESS. dag_id=homework2_data_pipeline_demo, task_id=data_acquisition, execution_date=20240430T205543, start_date=20240430T210715, end_date=20240430T210731
[2024-04-30T21:07:31.522+0000] {local_task_job_runner.py:234} INFO - Task exited with return code 0
[2024-04-30T21:07:31.554+0000] {taskinstance.py:3312} INFO - 0 downstream tasks scheduled from follow-on schedule check
