[2024-04-30T21:01:48.982+0000] {taskinstance.py:1979} INFO - Dependencies all met for dep_context=non-requeueable deps ti=<TaskInstance: homework2_data_pipeline_demo.data_acquisition manual__2024-04-30T20:55:43.518367+00:00 [queued]>
[2024-04-30T21:01:48.996+0000] {taskinstance.py:1979} INFO - Dependencies all met for dep_context=requeueable deps ti=<TaskInstance: homework2_data_pipeline_demo.data_acquisition manual__2024-04-30T20:55:43.518367+00:00 [queued]>
[2024-04-30T21:01:48.996+0000] {taskinstance.py:2193} INFO - Starting attempt 3 of 3
[2024-04-30T21:01:49.016+0000] {taskinstance.py:2217} INFO - Executing <Task(_PythonVirtualenvDecoratedOperator): data_acquisition> on 2024-04-30 20:55:43.518367+00:00
[2024-04-30T21:01:49.025+0000] {standard_task_runner.py:60} INFO - Started process 6503 to run task
[2024-04-30T21:01:49.031+0000] {standard_task_runner.py:87} INFO - Running: ['***', 'tasks', 'run', 'homework2_data_pipeline_demo', 'data_acquisition', 'manual__2024-04-30T20:55:43.518367+00:00', '--job-id', '64', '--raw', '--subdir', 'DAGS_FOLDER/pipeline.py', '--cfg-path', '/tmp/tmptqn1ty52']
[2024-04-30T21:01:49.034+0000] {standard_task_runner.py:88} INFO - Job 64: Subtask data_acquisition
[2024-04-30T21:01:49.107+0000] {task_command.py:423} INFO - Running <TaskInstance: homework2_data_pipeline_demo.data_acquisition manual__2024-04-30T20:55:43.518367+00:00 [running]> on host f153e58ecd1c
[2024-04-30T21:01:49.219+0000] {taskinstance.py:2513} INFO - Exporting env vars: AIRFLOW_CTX_DAG_OWNER='***' AIRFLOW_CTX_DAG_ID='homework2_data_pipeline_demo' AIRFLOW_CTX_TASK_ID='data_acquisition' AIRFLOW_CTX_EXECUTION_DATE='2024-04-30T20:55:43.518367+00:00' AIRFLOW_CTX_TRY_NUMBER='3' AIRFLOW_CTX_DAG_RUN_ID='manual__2024-04-30T20:55:43.518367+00:00'
[2024-04-30T21:01:49.223+0000] {process_utils.py:182} INFO - Executing cmd: /usr/local/bin/python -m virtualenv /tmp/venvdzl22zv3 --python=python
[2024-04-30T21:01:49.235+0000] {process_utils.py:186} INFO - Output:
[2024-04-30T21:01:50.374+0000] {process_utils.py:190} INFO - created virtual environment CPython3.8.19.final.0-64 in 434ms
[2024-04-30T21:01:50.375+0000] {process_utils.py:190} INFO -   creator CPython3Posix(dest=/tmp/venvdzl22zv3, clear=False, no_vcs_ignore=False, global=False)
[2024-04-30T21:01:50.376+0000] {process_utils.py:190} INFO -   seeder FromAppData(download=False, pip=bundle, setuptools=bundle, wheel=bundle, via=copy, app_data_dir=/home/***/.local/share/virtualenv)
[2024-04-30T21:01:50.377+0000] {process_utils.py:190} INFO -     added seed packages: pip==24.0, setuptools==69.2.0, wheel==0.43.0
[2024-04-30T21:01:50.377+0000] {process_utils.py:190} INFO -   activators BashActivator,CShellActivator,FishActivator,NushellActivator,PowerShellActivator,PythonActivator
[2024-04-30T21:01:50.428+0000] {process_utils.py:182} INFO - Executing cmd: /tmp/venvdzl22zv3/bin/pip install -r /tmp/venvdzl22zv3/requirements.txt
[2024-04-30T21:01:50.438+0000] {process_utils.py:186} INFO - Output:
[2024-04-30T21:01:51.995+0000] {process_utils.py:190} INFO - Collecting dill (from -r /tmp/venvdzl22zv3/requirements.txt (line 1))
[2024-04-30T21:01:52.000+0000] {process_utils.py:190} INFO -   Using cached dill-0.3.8-py3-none-any.whl.metadata (10 kB)
[2024-04-30T21:01:52.043+0000] {process_utils.py:190} INFO - Collecting funcsigs (from -r /tmp/venvdzl22zv3/requirements.txt (line 2))
[2024-04-30T21:01:52.046+0000] {process_utils.py:190} INFO -   Using cached funcsigs-1.0.2-py2.py3-none-any.whl.metadata (14 kB)
[2024-04-30T21:01:52.366+0000] {process_utils.py:190} INFO - Collecting pandas (from -r /tmp/venvdzl22zv3/requirements.txt (line 3))
[2024-04-30T21:01:52.369+0000] {process_utils.py:190} INFO -   Using cached pandas-2.0.3-cp38-cp38-manylinux_2_17_x86_64.manylinux2014_x86_64.whl.metadata (18 kB)
[2024-04-30T21:01:52.579+0000] {process_utils.py:190} INFO - Collecting python-dateutil>=2.8.2 (from pandas->-r /tmp/venvdzl22zv3/requirements.txt (line 3))
[2024-04-30T21:01:52.583+0000] {process_utils.py:190} INFO -   Using cached python_dateutil-2.9.0.post0-py2.py3-none-any.whl.metadata (8.4 kB)
[2024-04-30T21:01:52.724+0000] {process_utils.py:190} INFO - Collecting pytz>=2020.1 (from pandas->-r /tmp/venvdzl22zv3/requirements.txt (line 3))
[2024-04-30T21:01:52.727+0000] {process_utils.py:190} INFO -   Using cached pytz-2024.1-py2.py3-none-any.whl.metadata (22 kB)
[2024-04-30T21:01:52.781+0000] {process_utils.py:190} INFO - Collecting tzdata>=2022.1 (from pandas->-r /tmp/venvdzl22zv3/requirements.txt (line 3))
[2024-04-30T21:01:52.785+0000] {process_utils.py:190} INFO -   Using cached tzdata-2024.1-py2.py3-none-any.whl.metadata (1.4 kB)
[2024-04-30T21:01:53.280+0000] {process_utils.py:190} INFO - Collecting numpy>=1.20.3 (from pandas->-r /tmp/venvdzl22zv3/requirements.txt (line 3))
[2024-04-30T21:01:53.283+0000] {process_utils.py:190} INFO -   Using cached numpy-1.24.4-cp38-cp38-manylinux_2_17_x86_64.manylinux2014_x86_64.whl.metadata (5.6 kB)
[2024-04-30T21:01:53.340+0000] {process_utils.py:190} INFO - Collecting six>=1.5 (from python-dateutil>=2.8.2->pandas->-r /tmp/venvdzl22zv3/requirements.txt (line 3))
[2024-04-30T21:01:53.343+0000] {process_utils.py:190} INFO -   Using cached six-1.16.0-py2.py3-none-any.whl.metadata (1.8 kB)
[2024-04-30T21:01:53.359+0000] {process_utils.py:190} INFO - Using cached dill-0.3.8-py3-none-any.whl (116 kB)
[2024-04-30T21:01:53.362+0000] {process_utils.py:190} INFO - Using cached funcsigs-1.0.2-py2.py3-none-any.whl (17 kB)
[2024-04-30T21:01:53.365+0000] {process_utils.py:190} INFO - Using cached pandas-2.0.3-cp38-cp38-manylinux_2_17_x86_64.manylinux2014_x86_64.whl (12.4 MB)
[2024-04-30T21:01:53.409+0000] {process_utils.py:190} INFO - Using cached numpy-1.24.4-cp38-cp38-manylinux_2_17_x86_64.manylinux2014_x86_64.whl (17.3 MB)
[2024-04-30T21:01:53.464+0000] {process_utils.py:190} INFO - Using cached python_dateutil-2.9.0.post0-py2.py3-none-any.whl (229 kB)
[2024-04-30T21:01:53.468+0000] {process_utils.py:190} INFO - Using cached pytz-2024.1-py2.py3-none-any.whl (505 kB)
[2024-04-30T21:01:53.473+0000] {process_utils.py:190} INFO - Using cached tzdata-2024.1-py2.py3-none-any.whl (345 kB)
[2024-04-30T21:01:53.479+0000] {process_utils.py:190} INFO - Using cached six-1.16.0-py2.py3-none-any.whl (11 kB)
[2024-04-30T21:01:54.017+0000] {process_utils.py:190} INFO - Installing collected packages: pytz, funcsigs, tzdata, six, numpy, dill, python-dateutil, pandas
[2024-04-30T21:02:03.898+0000] {process_utils.py:190} INFO - Successfully installed dill-0.3.8 funcsigs-1.0.2 numpy-1.24.4 pandas-2.0.3 python-dateutil-2.9.0.post0 pytz-2024.1 six-1.16.0 tzdata-2024.1
[2024-04-30T21:02:04.379+0000] {process_utils.py:182} INFO - Executing cmd: /tmp/venvdzl22zv3/bin/python /tmp/venv-call1ywb4ajb/script.py /tmp/venv-call1ywb4ajb/script.in /tmp/venv-call1ywb4ajb/script.out /tmp/venv-call1ywb4ajb/string_args.txt /tmp/venv-call1ywb4ajb/termination.log
[2024-04-30T21:02:04.390+0000] {process_utils.py:186} INFO - Output:
[2024-04-30T21:02:05.411+0000] {python.py:202} INFO - Done. Returned value was: {'status': 'success', 'data_path': '/storage/acquire/Metro_zori_uc_sfrcondomfr_sm_month.csv'}
[2024-04-30T21:02:05.456+0000] {taskinstance.py:1149} INFO - Marking task as SUCCESS. dag_id=homework2_data_pipeline_demo, task_id=data_acquisition, execution_date=20240430T205543, start_date=20240430T210148, end_date=20240430T210205
[2024-04-30T21:02:05.517+0000] {local_task_job_runner.py:234} INFO - Task exited with return code 0
[2024-04-30T21:02:05.541+0000] {taskinstance.py:3312} INFO - 0 downstream tasks scheduled from follow-on schedule check
