[2024-05-01T06:57:30.987+0000] {taskinstance.py:1979} INFO - Dependencies all met for dep_context=non-requeueable deps ti=<TaskInstance: homework2_data_pipeline_demo.data_acquisition manual__2024-04-30T20:55:43.518367+00:00 [queued]>
[2024-05-01T06:57:30.999+0000] {taskinstance.py:1979} INFO - Dependencies all met for dep_context=requeueable deps ti=<TaskInstance: homework2_data_pipeline_demo.data_acquisition manual__2024-04-30T20:55:43.518367+00:00 [queued]>
[2024-05-01T06:57:31.000+0000] {taskinstance.py:2193} INFO - Starting attempt 14 of 14
[2024-05-01T06:57:31.018+0000] {taskinstance.py:2217} INFO - Executing <Task(_PythonVirtualenvDecoratedOperator): data_acquisition> on 2024-04-30 20:55:43.518367+00:00
[2024-05-01T06:57:31.025+0000] {standard_task_runner.py:60} INFO - Started process 8021 to run task
[2024-05-01T06:57:31.029+0000] {standard_task_runner.py:87} INFO - Running: ['***', 'tasks', 'run', 'homework2_data_pipeline_demo', 'data_acquisition', 'manual__2024-04-30T20:55:43.518367+00:00', '--job-id', '94', '--raw', '--subdir', 'DAGS_FOLDER/pipeline.py', '--cfg-path', '/tmp/tmpxy8xzzx7']
[2024-05-01T06:57:31.031+0000] {standard_task_runner.py:88} INFO - Job 94: Subtask data_acquisition
[2024-05-01T06:57:31.098+0000] {task_command.py:423} INFO - Running <TaskInstance: homework2_data_pipeline_demo.data_acquisition manual__2024-04-30T20:55:43.518367+00:00 [running]> on host f153e58ecd1c
[2024-05-01T06:57:31.208+0000] {taskinstance.py:2513} INFO - Exporting env vars: AIRFLOW_CTX_DAG_OWNER='***' AIRFLOW_CTX_DAG_ID='homework2_data_pipeline_demo' AIRFLOW_CTX_TASK_ID='data_acquisition' AIRFLOW_CTX_EXECUTION_DATE='2024-04-30T20:55:43.518367+00:00' AIRFLOW_CTX_TRY_NUMBER='14' AIRFLOW_CTX_DAG_RUN_ID='manual__2024-04-30T20:55:43.518367+00:00'
[2024-05-01T06:57:31.211+0000] {process_utils.py:182} INFO - Executing cmd: /usr/local/bin/python -m virtualenv /tmp/venvlozbtbb0 --python=python
[2024-05-01T06:57:31.223+0000] {process_utils.py:186} INFO - Output:
[2024-05-01T06:57:32.317+0000] {process_utils.py:190} INFO - created virtual environment CPython3.8.19.final.0-64 in 445ms
[2024-05-01T06:57:32.318+0000] {process_utils.py:190} INFO -   creator CPython3Posix(dest=/tmp/venvlozbtbb0, clear=False, no_vcs_ignore=False, global=False)
[2024-05-01T06:57:32.319+0000] {process_utils.py:190} INFO -   seeder FromAppData(download=False, pip=bundle, setuptools=bundle, wheel=bundle, via=copy, app_data_dir=/home/***/.local/share/virtualenv)
[2024-05-01T06:57:32.320+0000] {process_utils.py:190} INFO -     added seed packages: pip==24.0, setuptools==69.2.0, wheel==0.43.0
[2024-05-01T06:57:32.320+0000] {process_utils.py:190} INFO -   activators BashActivator,CShellActivator,FishActivator,NushellActivator,PowerShellActivator,PythonActivator
[2024-05-01T06:57:32.366+0000] {process_utils.py:182} INFO - Executing cmd: /tmp/venvlozbtbb0/bin/pip install -r /tmp/venvlozbtbb0/requirements.txt
[2024-05-01T06:57:32.377+0000] {process_utils.py:186} INFO - Output:
[2024-05-01T06:57:34.012+0000] {process_utils.py:190} INFO - Collecting dill (from -r /tmp/venvlozbtbb0/requirements.txt (line 1))
[2024-05-01T06:57:34.017+0000] {process_utils.py:190} INFO -   Using cached dill-0.3.8-py3-none-any.whl.metadata (10 kB)
[2024-05-01T06:57:34.050+0000] {process_utils.py:190} INFO - Collecting funcsigs (from -r /tmp/venvlozbtbb0/requirements.txt (line 2))
[2024-05-01T06:57:34.053+0000] {process_utils.py:190} INFO -   Using cached funcsigs-1.0.2-py2.py3-none-any.whl.metadata (14 kB)
[2024-05-01T06:57:34.376+0000] {process_utils.py:190} INFO - Collecting pandas (from -r /tmp/venvlozbtbb0/requirements.txt (line 3))
[2024-05-01T06:57:34.380+0000] {process_utils.py:190} INFO -   Using cached pandas-2.0.3-cp38-cp38-manylinux_2_17_x86_64.manylinux2014_x86_64.whl.metadata (18 kB)
[2024-05-01T06:57:34.617+0000] {process_utils.py:190} INFO - Collecting python-dateutil>=2.8.2 (from pandas->-r /tmp/venvlozbtbb0/requirements.txt (line 3))
[2024-05-01T06:57:34.620+0000] {process_utils.py:190} INFO -   Using cached python_dateutil-2.9.0.post0-py2.py3-none-any.whl.metadata (8.4 kB)
[2024-05-01T06:57:34.781+0000] {process_utils.py:190} INFO - Collecting pytz>=2020.1 (from pandas->-r /tmp/venvlozbtbb0/requirements.txt (line 3))
[2024-05-01T06:57:34.785+0000] {process_utils.py:190} INFO -   Using cached pytz-2024.1-py2.py3-none-any.whl.metadata (22 kB)
[2024-05-01T06:57:34.838+0000] {process_utils.py:190} INFO - Collecting tzdata>=2022.1 (from pandas->-r /tmp/venvlozbtbb0/requirements.txt (line 3))
[2024-05-01T06:57:34.842+0000] {process_utils.py:190} INFO -   Using cached tzdata-2024.1-py2.py3-none-any.whl.metadata (1.4 kB)
[2024-05-01T06:57:35.296+0000] {process_utils.py:190} INFO - Collecting numpy>=1.20.3 (from pandas->-r /tmp/venvlozbtbb0/requirements.txt (line 3))
[2024-05-01T06:57:35.300+0000] {process_utils.py:190} INFO -   Using cached numpy-1.24.4-cp38-cp38-manylinux_2_17_x86_64.manylinux2014_x86_64.whl.metadata (5.6 kB)
[2024-05-01T06:57:35.347+0000] {process_utils.py:190} INFO - Collecting six>=1.5 (from python-dateutil>=2.8.2->pandas->-r /tmp/venvlozbtbb0/requirements.txt (line 3))
[2024-05-01T06:57:35.350+0000] {process_utils.py:190} INFO -   Using cached six-1.16.0-py2.py3-none-any.whl.metadata (1.8 kB)
[2024-05-01T06:57:35.366+0000] {process_utils.py:190} INFO - Using cached dill-0.3.8-py3-none-any.whl (116 kB)
[2024-05-01T06:57:35.370+0000] {process_utils.py:190} INFO - Using cached funcsigs-1.0.2-py2.py3-none-any.whl (17 kB)
[2024-05-01T06:57:35.373+0000] {process_utils.py:190} INFO - Using cached pandas-2.0.3-cp38-cp38-manylinux_2_17_x86_64.manylinux2014_x86_64.whl (12.4 MB)
[2024-05-01T06:57:35.424+0000] {process_utils.py:190} INFO - Using cached numpy-1.24.4-cp38-cp38-manylinux_2_17_x86_64.manylinux2014_x86_64.whl (17.3 MB)
[2024-05-01T06:57:35.490+0000] {process_utils.py:190} INFO - Using cached python_dateutil-2.9.0.post0-py2.py3-none-any.whl (229 kB)
[2024-05-01T06:57:35.494+0000] {process_utils.py:190} INFO - Using cached pytz-2024.1-py2.py3-none-any.whl (505 kB)
[2024-05-01T06:57:35.500+0000] {process_utils.py:190} INFO - Using cached tzdata-2024.1-py2.py3-none-any.whl (345 kB)
[2024-05-01T06:57:35.504+0000] {process_utils.py:190} INFO - Using cached six-1.16.0-py2.py3-none-any.whl (11 kB)
[2024-05-01T06:57:35.969+0000] {process_utils.py:190} INFO - Installing collected packages: pytz, funcsigs, tzdata, six, numpy, dill, python-dateutil, pandas
[2024-05-01T06:57:44.965+0000] {process_utils.py:190} INFO - Successfully installed dill-0.3.8 funcsigs-1.0.2 numpy-1.24.4 pandas-2.0.3 python-dateutil-2.9.0.post0 pytz-2024.1 six-1.16.0 tzdata-2024.1
[2024-05-01T06:57:45.409+0000] {process_utils.py:182} INFO - Executing cmd: /tmp/venvlozbtbb0/bin/python /tmp/venv-call086o1ap_/script.py /tmp/venv-call086o1ap_/script.in /tmp/venv-call086o1ap_/script.out /tmp/venv-call086o1ap_/string_args.txt /tmp/venv-call086o1ap_/termination.log
[2024-05-01T06:57:45.421+0000] {process_utils.py:186} INFO - Output:
[2024-05-01T06:57:46.259+0000] {python.py:202} INFO - Done. Returned value was: {'status': 'success', 'data_path': '/storage/acquire/Metro_zori_uc_sfrcondomfr_sm_month.csv'}
[2024-05-01T06:57:46.293+0000] {taskinstance.py:1149} INFO - Marking task as SUCCESS. dag_id=homework2_data_pipeline_demo, task_id=data_acquisition, execution_date=20240430T205543, start_date=20240501T065730, end_date=20240501T065746
[2024-05-01T06:57:46.348+0000] {local_task_job_runner.py:234} INFO - Task exited with return code 0
[2024-05-01T06:57:46.387+0000] {taskinstance.py:3312} INFO - 0 downstream tasks scheduled from follow-on schedule check
