[2024-05-01T06:39:55.407+0000] {taskinstance.py:1979} INFO - Dependencies all met for dep_context=non-requeueable deps ti=<TaskInstance: homework2_data_pipeline_demo.data_acquisition manual__2024-04-30T20:55:43.518367+00:00 [queued]>
[2024-05-01T06:39:55.419+0000] {taskinstance.py:1979} INFO - Dependencies all met for dep_context=requeueable deps ti=<TaskInstance: homework2_data_pipeline_demo.data_acquisition manual__2024-04-30T20:55:43.518367+00:00 [queued]>
[2024-05-01T06:39:55.420+0000] {taskinstance.py:2193} INFO - Starting attempt 9 of 9
[2024-05-01T06:39:55.439+0000] {taskinstance.py:2217} INFO - Executing <Task(_PythonVirtualenvDecoratedOperator): data_acquisition> on 2024-04-30 20:55:43.518367+00:00
[2024-05-01T06:39:55.445+0000] {standard_task_runner.py:60} INFO - Started process 7539 to run task
[2024-05-01T06:39:55.450+0000] {standard_task_runner.py:87} INFO - Running: ['***', 'tasks', 'run', 'homework2_data_pipeline_demo', 'data_acquisition', 'manual__2024-04-30T20:55:43.518367+00:00', '--job-id', '84', '--raw', '--subdir', 'DAGS_FOLDER/pipeline.py', '--cfg-path', '/tmp/tmp5vuzck54']
[2024-05-01T06:39:55.452+0000] {standard_task_runner.py:88} INFO - Job 84: Subtask data_acquisition
[2024-05-01T06:39:55.518+0000] {task_command.py:423} INFO - Running <TaskInstance: homework2_data_pipeline_demo.data_acquisition manual__2024-04-30T20:55:43.518367+00:00 [running]> on host f153e58ecd1c
[2024-05-01T06:39:55.626+0000] {taskinstance.py:2513} INFO - Exporting env vars: AIRFLOW_CTX_DAG_OWNER='***' AIRFLOW_CTX_DAG_ID='homework2_data_pipeline_demo' AIRFLOW_CTX_TASK_ID='data_acquisition' AIRFLOW_CTX_EXECUTION_DATE='2024-04-30T20:55:43.518367+00:00' AIRFLOW_CTX_TRY_NUMBER='9' AIRFLOW_CTX_DAG_RUN_ID='manual__2024-04-30T20:55:43.518367+00:00'
[2024-05-01T06:39:55.630+0000] {process_utils.py:182} INFO - Executing cmd: /usr/local/bin/python -m virtualenv /tmp/venvp3tbseuk --python=python
[2024-05-01T06:39:55.642+0000] {process_utils.py:186} INFO - Output:
[2024-05-01T06:39:56.684+0000] {process_utils.py:190} INFO - created virtual environment CPython3.8.19.final.0-64 in 423ms
[2024-05-01T06:39:56.685+0000] {process_utils.py:190} INFO -   creator CPython3Posix(dest=/tmp/venvp3tbseuk, clear=False, no_vcs_ignore=False, global=False)
[2024-05-01T06:39:56.685+0000] {process_utils.py:190} INFO -   seeder FromAppData(download=False, pip=bundle, setuptools=bundle, wheel=bundle, via=copy, app_data_dir=/home/***/.local/share/virtualenv)
[2024-05-01T06:39:56.686+0000] {process_utils.py:190} INFO -     added seed packages: pip==24.0, setuptools==69.2.0, wheel==0.43.0
[2024-05-01T06:39:56.687+0000] {process_utils.py:190} INFO -   activators BashActivator,CShellActivator,FishActivator,NushellActivator,PowerShellActivator,PythonActivator
[2024-05-01T06:39:56.737+0000] {process_utils.py:182} INFO - Executing cmd: /tmp/venvp3tbseuk/bin/pip install -r /tmp/venvp3tbseuk/requirements.txt
[2024-05-01T06:39:56.752+0000] {process_utils.py:186} INFO - Output:
[2024-05-01T06:39:58.305+0000] {process_utils.py:190} INFO - Collecting dill (from -r /tmp/venvp3tbseuk/requirements.txt (line 1))
[2024-05-01T06:39:58.309+0000] {process_utils.py:190} INFO -   Using cached dill-0.3.8-py3-none-any.whl.metadata (10 kB)
[2024-05-01T06:39:58.346+0000] {process_utils.py:190} INFO - Collecting funcsigs (from -r /tmp/venvp3tbseuk/requirements.txt (line 2))
[2024-05-01T06:39:58.349+0000] {process_utils.py:190} INFO -   Using cached funcsigs-1.0.2-py2.py3-none-any.whl.metadata (14 kB)
[2024-05-01T06:39:58.677+0000] {process_utils.py:190} INFO - Collecting pandas (from -r /tmp/venvp3tbseuk/requirements.txt (line 3))
[2024-05-01T06:39:58.680+0000] {process_utils.py:190} INFO -   Using cached pandas-2.0.3-cp38-cp38-manylinux_2_17_x86_64.manylinux2014_x86_64.whl.metadata (18 kB)
[2024-05-01T06:39:58.895+0000] {process_utils.py:190} INFO - Collecting python-dateutil>=2.8.2 (from pandas->-r /tmp/venvp3tbseuk/requirements.txt (line 3))
[2024-05-01T06:39:58.898+0000] {process_utils.py:190} INFO -   Using cached python_dateutil-2.9.0.post0-py2.py3-none-any.whl.metadata (8.4 kB)
[2024-05-01T06:39:59.036+0000] {process_utils.py:190} INFO - Collecting pytz>=2020.1 (from pandas->-r /tmp/venvp3tbseuk/requirements.txt (line 3))
[2024-05-01T06:39:59.041+0000] {process_utils.py:190} INFO -   Using cached pytz-2024.1-py2.py3-none-any.whl.metadata (22 kB)
[2024-05-01T06:39:59.099+0000] {process_utils.py:190} INFO - Collecting tzdata>=2022.1 (from pandas->-r /tmp/venvp3tbseuk/requirements.txt (line 3))
[2024-05-01T06:39:59.103+0000] {process_utils.py:190} INFO -   Using cached tzdata-2024.1-py2.py3-none-any.whl.metadata (1.4 kB)
[2024-05-01T06:39:59.607+0000] {process_utils.py:190} INFO - Collecting numpy>=1.20.3 (from pandas->-r /tmp/venvp3tbseuk/requirements.txt (line 3))
[2024-05-01T06:39:59.611+0000] {process_utils.py:190} INFO -   Using cached numpy-1.24.4-cp38-cp38-manylinux_2_17_x86_64.manylinux2014_x86_64.whl.metadata (5.6 kB)
[2024-05-01T06:39:59.664+0000] {process_utils.py:190} INFO - Collecting six>=1.5 (from python-dateutil>=2.8.2->pandas->-r /tmp/venvp3tbseuk/requirements.txt (line 3))
[2024-05-01T06:39:59.667+0000] {process_utils.py:190} INFO -   Using cached six-1.16.0-py2.py3-none-any.whl.metadata (1.8 kB)
[2024-05-01T06:39:59.684+0000] {process_utils.py:190} INFO - Using cached dill-0.3.8-py3-none-any.whl (116 kB)
[2024-05-01T06:39:59.687+0000] {process_utils.py:190} INFO - Using cached funcsigs-1.0.2-py2.py3-none-any.whl (17 kB)
[2024-05-01T06:39:59.690+0000] {process_utils.py:190} INFO - Using cached pandas-2.0.3-cp38-cp38-manylinux_2_17_x86_64.manylinux2014_x86_64.whl (12.4 MB)
[2024-05-01T06:39:59.738+0000] {process_utils.py:190} INFO - Using cached numpy-1.24.4-cp38-cp38-manylinux_2_17_x86_64.manylinux2014_x86_64.whl (17.3 MB)
[2024-05-01T06:39:59.831+0000] {process_utils.py:190} INFO - Using cached python_dateutil-2.9.0.post0-py2.py3-none-any.whl (229 kB)
[2024-05-01T06:39:59.835+0000] {process_utils.py:190} INFO - Using cached pytz-2024.1-py2.py3-none-any.whl (505 kB)
[2024-05-01T06:39:59.841+0000] {process_utils.py:190} INFO - Using cached tzdata-2024.1-py2.py3-none-any.whl (345 kB)
[2024-05-01T06:39:59.846+0000] {process_utils.py:190} INFO - Using cached six-1.16.0-py2.py3-none-any.whl (11 kB)
[2024-05-01T06:40:00.348+0000] {process_utils.py:190} INFO - Installing collected packages: pytz, funcsigs, tzdata, six, numpy, dill, python-dateutil, pandas
[2024-05-01T06:40:09.754+0000] {process_utils.py:190} INFO - Successfully installed dill-0.3.8 funcsigs-1.0.2 numpy-1.24.4 pandas-2.0.3 python-dateutil-2.9.0.post0 pytz-2024.1 six-1.16.0 tzdata-2024.1
[2024-05-01T06:40:10.217+0000] {process_utils.py:182} INFO - Executing cmd: /tmp/venvp3tbseuk/bin/python /tmp/venv-calles75zu9x/script.py /tmp/venv-calles75zu9x/script.in /tmp/venv-calles75zu9x/script.out /tmp/venv-calles75zu9x/string_args.txt /tmp/venv-calles75zu9x/termination.log
[2024-05-01T06:40:10.229+0000] {process_utils.py:186} INFO - Output:
[2024-05-01T06:40:11.300+0000] {python.py:202} INFO - Done. Returned value was: {'status': 'success', 'data_path': '/storage/acquire/Metro_zori_uc_sfrcondomfr_sm_month.csv'}
[2024-05-01T06:40:11.340+0000] {taskinstance.py:1149} INFO - Marking task as SUCCESS. dag_id=homework2_data_pipeline_demo, task_id=data_acquisition, execution_date=20240430T205543, start_date=20240501T063955, end_date=20240501T064011
[2024-05-01T06:40:11.403+0000] {local_task_job_runner.py:234} INFO - Task exited with return code 0
[2024-05-01T06:40:11.443+0000] {taskinstance.py:3312} INFO - 1 downstream tasks scheduled from follow-on schedule check
