[2024-04-30T18:04:31.899+0000] {taskinstance.py:1979} INFO - Dependencies all met for dep_context=non-requeueable deps ti=<TaskInstance: big_data_python_demo.extract manual__2024-04-30T18:04:27.439026+00:00 [queued]>
[2024-04-30T18:04:31.910+0000] {taskinstance.py:1979} INFO - Dependencies all met for dep_context=requeueable deps ti=<TaskInstance: big_data_python_demo.extract manual__2024-04-30T18:04:27.439026+00:00 [queued]>
[2024-04-30T18:04:31.911+0000] {taskinstance.py:2193} INFO - Starting attempt 1 of 1
[2024-04-30T18:04:31.929+0000] {taskinstance.py:2217} INFO - Executing <Task(_PythonVirtualenvDecoratedOperator): extract> on 2024-04-30 18:04:27.439026+00:00
[2024-04-30T18:04:31.943+0000] {standard_task_runner.py:60} INFO - Started process 3156 to run task
[2024-04-30T18:04:31.948+0000] {standard_task_runner.py:87} INFO - Running: ['***', 'tasks', 'run', 'big_data_python_demo', 'extract', 'manual__2024-04-30T18:04:27.439026+00:00', '--job-id', '9', '--raw', '--subdir', 'DAGS_FOLDER/Hw2.py', '--cfg-path', '/tmp/tmp5rgq1ddf']
[2024-04-30T18:04:31.950+0000] {standard_task_runner.py:88} INFO - Job 9: Subtask extract
[2024-04-30T18:04:32.017+0000] {task_command.py:423} INFO - Running <TaskInstance: big_data_python_demo.extract manual__2024-04-30T18:04:27.439026+00:00 [running]> on host f153e58ecd1c
[2024-04-30T18:04:32.161+0000] {taskinstance.py:2513} INFO - Exporting env vars: AIRFLOW_CTX_DAG_OWNER='***' AIRFLOW_CTX_DAG_ID='big_data_python_demo' AIRFLOW_CTX_TASK_ID='extract' AIRFLOW_CTX_EXECUTION_DATE='2024-04-30T18:04:27.439026+00:00' AIRFLOW_CTX_TRY_NUMBER='1' AIRFLOW_CTX_DAG_RUN_ID='manual__2024-04-30T18:04:27.439026+00:00'
[2024-04-30T18:04:32.167+0000] {process_utils.py:182} INFO - Executing cmd: /usr/local/bin/python -m virtualenv /tmp/venvpral6fk3 --python=python
[2024-04-30T18:04:32.187+0000] {process_utils.py:186} INFO - Output:
[2024-04-30T18:04:33.539+0000] {process_utils.py:190} INFO - created virtual environment CPython3.8.19.final.0-64 in 653ms
[2024-04-30T18:04:33.540+0000] {process_utils.py:190} INFO -   creator CPython3Posix(dest=/tmp/venvpral6fk3, clear=False, no_vcs_ignore=False, global=False)
[2024-04-30T18:04:33.541+0000] {process_utils.py:190} INFO -   seeder FromAppData(download=False, pip=bundle, setuptools=bundle, wheel=bundle, via=copy, app_data_dir=/home/***/.local/share/virtualenv)
[2024-04-30T18:04:33.542+0000] {process_utils.py:190} INFO -     added seed packages: pip==24.0, setuptools==69.2.0, wheel==0.43.0
[2024-04-30T18:04:33.543+0000] {process_utils.py:190} INFO -   activators BashActivator,CShellActivator,FishActivator,NushellActivator,PowerShellActivator,PythonActivator
[2024-04-30T18:04:33.585+0000] {process_utils.py:182} INFO - Executing cmd: /tmp/venvpral6fk3/bin/pip install -r /tmp/venvpral6fk3/requirements.txt
[2024-04-30T18:04:33.597+0000] {process_utils.py:186} INFO - Output:
[2024-04-30T18:04:35.168+0000] {process_utils.py:190} INFO - Collecting dill (from -r /tmp/venvpral6fk3/requirements.txt (line 1))
[2024-04-30T18:04:35.175+0000] {process_utils.py:190} INFO -   Using cached dill-0.3.8-py3-none-any.whl.metadata (10 kB)
[2024-04-30T18:04:35.224+0000] {process_utils.py:190} INFO - Collecting funcsigs (from -r /tmp/venvpral6fk3/requirements.txt (line 2))
[2024-04-30T18:04:35.227+0000] {process_utils.py:190} INFO -   Using cached funcsigs-1.0.2-py2.py3-none-any.whl.metadata (14 kB)
[2024-04-30T18:04:35.567+0000] {process_utils.py:190} INFO - Collecting pandas (from -r /tmp/venvpral6fk3/requirements.txt (line 3))
[2024-04-30T18:04:35.571+0000] {process_utils.py:190} INFO -   Using cached pandas-2.0.3-cp38-cp38-manylinux_2_17_x86_64.manylinux2014_x86_64.whl.metadata (18 kB)
[2024-04-30T18:04:35.781+0000] {process_utils.py:190} INFO - Collecting python-dateutil>=2.8.2 (from pandas->-r /tmp/venvpral6fk3/requirements.txt (line 3))
[2024-04-30T18:04:35.785+0000] {process_utils.py:190} INFO -   Using cached python_dateutil-2.9.0.post0-py2.py3-none-any.whl.metadata (8.4 kB)
[2024-04-30T18:04:35.911+0000] {process_utils.py:190} INFO - Collecting pytz>=2020.1 (from pandas->-r /tmp/venvpral6fk3/requirements.txt (line 3))
[2024-04-30T18:04:35.915+0000] {process_utils.py:190} INFO -   Using cached pytz-2024.1-py2.py3-none-any.whl.metadata (22 kB)
[2024-04-30T18:04:35.965+0000] {process_utils.py:190} INFO - Collecting tzdata>=2022.1 (from pandas->-r /tmp/venvpral6fk3/requirements.txt (line 3))
[2024-04-30T18:04:35.968+0000] {process_utils.py:190} INFO -   Using cached tzdata-2024.1-py2.py3-none-any.whl.metadata (1.4 kB)
[2024-04-30T18:04:36.427+0000] {process_utils.py:190} INFO - Collecting numpy>=1.20.3 (from pandas->-r /tmp/venvpral6fk3/requirements.txt (line 3))
[2024-04-30T18:04:36.431+0000] {process_utils.py:190} INFO -   Using cached numpy-1.24.4-cp38-cp38-manylinux_2_17_x86_64.manylinux2014_x86_64.whl.metadata (5.6 kB)
[2024-04-30T18:04:36.483+0000] {process_utils.py:190} INFO - Collecting six>=1.5 (from python-dateutil>=2.8.2->pandas->-r /tmp/venvpral6fk3/requirements.txt (line 3))
[2024-04-30T18:04:36.486+0000] {process_utils.py:190} INFO -   Using cached six-1.16.0-py2.py3-none-any.whl.metadata (1.8 kB)
[2024-04-30T18:04:36.504+0000] {process_utils.py:190} INFO - Using cached dill-0.3.8-py3-none-any.whl (116 kB)
[2024-04-30T18:04:36.510+0000] {process_utils.py:190} INFO - Using cached funcsigs-1.0.2-py2.py3-none-any.whl (17 kB)
[2024-04-30T18:04:36.513+0000] {process_utils.py:190} INFO - Using cached pandas-2.0.3-cp38-cp38-manylinux_2_17_x86_64.manylinux2014_x86_64.whl (12.4 MB)
[2024-04-30T18:04:36.695+0000] {process_utils.py:190} INFO - Using cached numpy-1.24.4-cp38-cp38-manylinux_2_17_x86_64.manylinux2014_x86_64.whl (17.3 MB)
[2024-04-30T18:04:36.949+0000] {process_utils.py:190} INFO - Using cached python_dateutil-2.9.0.post0-py2.py3-none-any.whl (229 kB)
[2024-04-30T18:04:36.956+0000] {process_utils.py:190} INFO - Using cached pytz-2024.1-py2.py3-none-any.whl (505 kB)
[2024-04-30T18:04:36.967+0000] {process_utils.py:190} INFO - Using cached tzdata-2024.1-py2.py3-none-any.whl (345 kB)
[2024-04-30T18:04:36.976+0000] {process_utils.py:190} INFO - Using cached six-1.16.0-py2.py3-none-any.whl (11 kB)
[2024-04-30T18:04:37.545+0000] {process_utils.py:190} INFO - Installing collected packages: pytz, funcsigs, tzdata, six, numpy, dill, python-dateutil, pandas
[2024-04-30T18:04:48.045+0000] {process_utils.py:190} INFO - Successfully installed dill-0.3.8 funcsigs-1.0.2 numpy-1.24.4 pandas-2.0.3 python-dateutil-2.9.0.post0 pytz-2024.1 six-1.16.0 tzdata-2024.1
[2024-04-30T18:04:48.533+0000] {process_utils.py:182} INFO - Executing cmd: /tmp/venvpral6fk3/bin/python /tmp/venv-callxwe65af9/script.py /tmp/venv-callxwe65af9/script.in /tmp/venv-callxwe65af9/script.out /tmp/venv-callxwe65af9/string_args.txt /tmp/venv-callxwe65af9/termination.log
[2024-04-30T18:04:48.548+0000] {process_utils.py:186} INFO - Output:
[2024-04-30T18:04:49.034+0000] {python.py:202} INFO - Done. Returned value was: {'1001': 301.27, '1002': 433.21, '1003': 502.22}
[2024-04-30T18:04:49.068+0000] {taskinstance.py:1149} INFO - Marking task as SUCCESS. dag_id=big_data_python_demo, task_id=extract, execution_date=20240430T180427, start_date=20240430T180431, end_date=20240430T180449
[2024-04-30T18:04:49.096+0000] {local_task_job_runner.py:234} INFO - Task exited with return code 0
[2024-04-30T18:04:49.132+0000] {taskinstance.py:3312} INFO - 1 downstream tasks scheduled from follow-on schedule check
