[2024-04-30T21:05:51.292+0000] {taskinstance.py:1979} INFO - Dependencies all met for dep_context=non-requeueable deps ti=<TaskInstance: homework2_data_pipeline_demo.data_analysis manual__2024-04-30T20:55:43.518367+00:00 [queued]>
[2024-04-30T21:05:51.304+0000] {taskinstance.py:1979} INFO - Dependencies all met for dep_context=requeueable deps ti=<TaskInstance: homework2_data_pipeline_demo.data_analysis manual__2024-04-30T20:55:43.518367+00:00 [queued]>
[2024-04-30T21:05:51.305+0000] {taskinstance.py:2193} INFO - Starting attempt 3 of 3
[2024-04-30T21:05:51.324+0000] {taskinstance.py:2217} INFO - Executing <Task(_PythonDecoratedOperator): data_analysis> on 2024-04-30 20:55:43.518367+00:00
[2024-04-30T21:05:51.331+0000] {standard_task_runner.py:60} INFO - Started process 6734 to run task
[2024-04-30T21:05:51.337+0000] {standard_task_runner.py:87} INFO - Running: ['***', 'tasks', 'run', 'homework2_data_pipeline_demo', 'data_analysis', 'manual__2024-04-30T20:55:43.518367+00:00', '--job-id', '71', '--raw', '--subdir', 'DAGS_FOLDER/pipeline.py', '--cfg-path', '/tmp/tmpo7eixmm6']
[2024-04-30T21:05:51.339+0000] {standard_task_runner.py:88} INFO - Job 71: Subtask data_analysis
[2024-04-30T21:05:51.405+0000] {task_command.py:423} INFO - Running <TaskInstance: homework2_data_pipeline_demo.data_analysis manual__2024-04-30T20:55:43.518367+00:00 [running]> on host f153e58ecd1c
[2024-04-30T21:05:51.519+0000] {taskinstance.py:2513} INFO - Exporting env vars: AIRFLOW_CTX_DAG_OWNER='***' AIRFLOW_CTX_DAG_ID='homework2_data_pipeline_demo' AIRFLOW_CTX_TASK_ID='data_analysis' AIRFLOW_CTX_EXECUTION_DATE='2024-04-30T20:55:43.518367+00:00' AIRFLOW_CTX_TRY_NUMBER='3' AIRFLOW_CTX_DAG_RUN_ID='manual__2024-04-30T20:55:43.518367+00:00'
[2024-04-30T21:05:51.523+0000] {taskinstance.py:2731} ERROR - Task failed with exception
Traceback (most recent call last):
  File "/home/airflow/.local/lib/python3.8/site-packages/airflow/models/taskinstance.py", line 444, in _execute_task
    result = _execute_callable(context=context, **execute_callable_kwargs)
  File "/home/airflow/.local/lib/python3.8/site-packages/airflow/models/taskinstance.py", line 414, in _execute_callable
    return execute_callable(context=context, **execute_callable_kwargs)
  File "/home/airflow/.local/lib/python3.8/site-packages/airflow/decorators/base.py", line 241, in execute
    return_value = super().execute(context)
  File "/home/airflow/.local/lib/python3.8/site-packages/airflow/operators/python.py", line 200, in execute
    return_value = self.execute_callable()
  File "/home/airflow/.local/lib/python3.8/site-packages/airflow/operators/python.py", line 217, in execute_callable
    return self.python_callable(*self.op_args, **self.op_kwargs)
  File "/opt/airflow/dags/pipeline.py", line 84, in data_analysis
    with open(data_path, "w") as file:
FileNotFoundError: [Errno 2] No such file or directory: '/storage/analysis/1234'
[2024-04-30T21:05:51.537+0000] {taskinstance.py:1149} INFO - Marking task as FAILED. dag_id=homework2_data_pipeline_demo, task_id=data_analysis, execution_date=20240430T205543, start_date=20240430T210551, end_date=20240430T210551
[2024-04-30T21:05:51.554+0000] {standard_task_runner.py:107} ERROR - Failed to execute job 71 for task data_analysis ([Errno 2] No such file or directory: '/storage/analysis/1234'; 6734)
[2024-04-30T21:05:51.590+0000] {local_task_job_runner.py:234} INFO - Task exited with return code 1
[2024-04-30T21:05:51.621+0000] {taskinstance.py:3312} INFO - 0 downstream tasks scheduled from follow-on schedule check
