[2024-05-15T08:37:24.020+0000] {taskinstance.py:1979} INFO - Dependencies all met for dep_context=non-requeueable deps ti=<TaskInstance: homework2_data_pipeline_demo.data_acquisition manual__2024-04-30T20:55:51.830154+00:00 [queued]>
[2024-05-15T08:37:24.032+0000] {taskinstance.py:1979} INFO - Dependencies all met for dep_context=requeueable deps ti=<TaskInstance: homework2_data_pipeline_demo.data_acquisition manual__2024-04-30T20:55:51.830154+00:00 [queued]>
[2024-05-15T08:37:24.032+0000] {taskinstance.py:2193} INFO - Starting attempt 29 of 29
[2024-05-15T08:37:24.050+0000] {taskinstance.py:2217} INFO - Executing <Task(_PythonVirtualenvDecoratedOperator): data_acquisition> on 2024-04-30 20:55:51.830154+00:00
[2024-05-15T08:37:24.056+0000] {standard_task_runner.py:60} INFO - Started process 210 to run task
[2024-05-15T08:37:24.061+0000] {standard_task_runner.py:87} INFO - Running: ['***', 'tasks', 'run', 'homework2_data_pipeline_demo', 'data_acquisition', 'manual__2024-04-30T20:55:51.830154+00:00', '--job-id', '176', '--raw', '--subdir', 'DAGS_FOLDER/pipeline.py', '--cfg-path', '/tmp/tmp5p3wzwre']
[2024-05-15T08:37:24.062+0000] {standard_task_runner.py:88} INFO - Job 176: Subtask data_acquisition
[2024-05-15T08:37:24.125+0000] {task_command.py:423} INFO - Running <TaskInstance: homework2_data_pipeline_demo.data_acquisition manual__2024-04-30T20:55:51.830154+00:00 [running]> on host f153e58ecd1c
[2024-05-15T08:37:24.226+0000] {taskinstance.py:2513} INFO - Exporting env vars: AIRFLOW_CTX_DAG_OWNER='***' AIRFLOW_CTX_DAG_ID='homework2_data_pipeline_demo' AIRFLOW_CTX_TASK_ID='data_acquisition' AIRFLOW_CTX_EXECUTION_DATE='2024-04-30T20:55:51.830154+00:00' AIRFLOW_CTX_TRY_NUMBER='29' AIRFLOW_CTX_DAG_RUN_ID='manual__2024-04-30T20:55:51.830154+00:00'
[2024-05-15T08:37:24.230+0000] {process_utils.py:182} INFO - Executing cmd: /usr/local/bin/python -m virtualenv /tmp/venv1mksaeaz --python=python
[2024-05-15T08:37:24.240+0000] {process_utils.py:186} INFO - Output:
[2024-05-15T08:37:25.254+0000] {process_utils.py:190} INFO - created virtual environment CPython3.8.19.final.0-64 in 426ms
[2024-05-15T08:37:25.255+0000] {process_utils.py:190} INFO -   creator CPython3Posix(dest=/tmp/venv1mksaeaz, clear=False, no_vcs_ignore=False, global=False)
[2024-05-15T08:37:25.256+0000] {process_utils.py:190} INFO -   seeder FromAppData(download=False, pip=bundle, setuptools=bundle, wheel=bundle, via=copy, app_data_dir=/home/***/.local/share/virtualenv)
[2024-05-15T08:37:25.257+0000] {process_utils.py:190} INFO -     added seed packages: pip==24.0, setuptools==69.5.1, wheel==0.43.0
[2024-05-15T08:37:25.258+0000] {process_utils.py:190} INFO -   activators BashActivator,CShellActivator,FishActivator,NushellActivator,PowerShellActivator,PythonActivator
[2024-05-15T08:37:25.298+0000] {process_utils.py:182} INFO - Executing cmd: /tmp/venv1mksaeaz/bin/pip install -r /tmp/venv1mksaeaz/requirements.txt
[2024-05-15T08:37:25.308+0000] {process_utils.py:186} INFO - Output:
[2024-05-15T08:37:26.772+0000] {process_utils.py:190} INFO - Collecting dill (from -r /tmp/venv1mksaeaz/requirements.txt (line 1))
[2024-05-15T08:37:26.776+0000] {process_utils.py:190} INFO -   Using cached dill-0.3.8-py3-none-any.whl.metadata (10 kB)
[2024-05-15T08:37:26.806+0000] {process_utils.py:190} INFO - Collecting funcsigs (from -r /tmp/venv1mksaeaz/requirements.txt (line 2))
[2024-05-15T08:37:26.811+0000] {process_utils.py:190} INFO -   Using cached funcsigs-1.0.2-py2.py3-none-any.whl.metadata (14 kB)
[2024-05-15T08:37:27.112+0000] {process_utils.py:190} INFO - Collecting pandas (from -r /tmp/venv1mksaeaz/requirements.txt (line 3))
[2024-05-15T08:37:27.115+0000] {process_utils.py:190} INFO -   Using cached pandas-2.0.3-cp38-cp38-manylinux_2_17_x86_64.manylinux2014_x86_64.whl.metadata (18 kB)
[2024-05-15T08:37:27.335+0000] {process_utils.py:190} INFO - Collecting python-dateutil>=2.8.2 (from pandas->-r /tmp/venv1mksaeaz/requirements.txt (line 3))
[2024-05-15T08:37:27.338+0000] {process_utils.py:190} INFO -   Using cached python_dateutil-2.9.0.post0-py2.py3-none-any.whl.metadata (8.4 kB)
[2024-05-15T08:37:27.468+0000] {process_utils.py:190} INFO - Collecting pytz>=2020.1 (from pandas->-r /tmp/venv1mksaeaz/requirements.txt (line 3))
[2024-05-15T08:37:27.472+0000] {process_utils.py:190} INFO -   Using cached pytz-2024.1-py2.py3-none-any.whl.metadata (22 kB)
[2024-05-15T08:37:27.521+0000] {process_utils.py:190} INFO - Collecting tzdata>=2022.1 (from pandas->-r /tmp/venv1mksaeaz/requirements.txt (line 3))
[2024-05-15T08:37:27.525+0000] {process_utils.py:190} INFO -   Using cached tzdata-2024.1-py2.py3-none-any.whl.metadata (1.4 kB)
[2024-05-15T08:37:27.975+0000] {process_utils.py:190} INFO - Collecting numpy>=1.20.3 (from pandas->-r /tmp/venv1mksaeaz/requirements.txt (line 3))
[2024-05-15T08:37:27.978+0000] {process_utils.py:190} INFO -   Using cached numpy-1.24.4-cp38-cp38-manylinux_2_17_x86_64.manylinux2014_x86_64.whl.metadata (5.6 kB)
[2024-05-15T08:37:28.032+0000] {process_utils.py:190} INFO - Collecting six>=1.5 (from python-dateutil>=2.8.2->pandas->-r /tmp/venv1mksaeaz/requirements.txt (line 3))
[2024-05-15T08:37:28.035+0000] {process_utils.py:190} INFO -   Using cached six-1.16.0-py2.py3-none-any.whl.metadata (1.8 kB)
[2024-05-15T08:37:28.051+0000] {process_utils.py:190} INFO - Using cached dill-0.3.8-py3-none-any.whl (116 kB)
[2024-05-15T08:37:28.055+0000] {process_utils.py:190} INFO - Using cached funcsigs-1.0.2-py2.py3-none-any.whl (17 kB)
[2024-05-15T08:37:28.058+0000] {process_utils.py:190} INFO - Using cached pandas-2.0.3-cp38-cp38-manylinux_2_17_x86_64.manylinux2014_x86_64.whl (12.4 MB)
[2024-05-15T08:37:28.150+0000] {process_utils.py:190} INFO - Using cached numpy-1.24.4-cp38-cp38-manylinux_2_17_x86_64.manylinux2014_x86_64.whl (17.3 MB)
[2024-05-15T08:37:28.305+0000] {process_utils.py:190} INFO - Using cached python_dateutil-2.9.0.post0-py2.py3-none-any.whl (229 kB)
[2024-05-15T08:37:28.310+0000] {process_utils.py:190} INFO - Using cached pytz-2024.1-py2.py3-none-any.whl (505 kB)
[2024-05-15T08:37:28.317+0000] {process_utils.py:190} INFO - Using cached tzdata-2024.1-py2.py3-none-any.whl (345 kB)
[2024-05-15T08:37:28.323+0000] {process_utils.py:190} INFO - Using cached six-1.16.0-py2.py3-none-any.whl (11 kB)
[2024-05-15T08:37:28.807+0000] {process_utils.py:190} INFO - Installing collected packages: pytz, funcsigs, tzdata, six, numpy, dill, python-dateutil, pandas
[2024-05-15T08:37:37.956+0000] {process_utils.py:190} INFO - Successfully installed dill-0.3.8 funcsigs-1.0.2 numpy-1.24.4 pandas-2.0.3 python-dateutil-2.9.0.post0 pytz-2024.1 six-1.16.0 tzdata-2024.1
[2024-05-15T08:37:38.335+0000] {process_utils.py:182} INFO - Executing cmd: /tmp/venv1mksaeaz/bin/python /tmp/venv-callmncc44v2/script.py /tmp/venv-callmncc44v2/script.in /tmp/venv-callmncc44v2/script.out /tmp/venv-callmncc44v2/string_args.txt /tmp/venv-callmncc44v2/termination.log
[2024-05-15T08:37:38.345+0000] {process_utils.py:186} INFO - Output:
[2024-05-15T08:37:39.319+0000] {python.py:202} INFO - Done. Returned value was: {'status': 'success', 'data_path': '/storage/acquire/Metro_zori_uc_sfrcondomfr_sm_month.csv'}
[2024-05-15T08:37:39.350+0000] {taskinstance.py:1149} INFO - Marking task as SUCCESS. dag_id=homework2_data_pipeline_demo, task_id=data_acquisition, execution_date=20240430T205551, start_date=20240515T083724, end_date=20240515T083739
[2024-05-15T08:37:39.403+0000] {local_task_job_runner.py:234} INFO - Task exited with return code 0
[2024-05-15T08:37:39.436+0000] {taskinstance.py:3312} INFO - 1 downstream tasks scheduled from follow-on schedule check
