[2024-05-01T07:17:51.838+0000] {taskinstance.py:1979} INFO - Dependencies all met for dep_context=non-requeueable deps ti=<TaskInstance: homework2_data_pipeline_demo.data_acquisition manual__2024-04-30T20:55:51.830154+00:00 [queued]>
[2024-05-01T07:17:51.849+0000] {taskinstance.py:1979} INFO - Dependencies all met for dep_context=requeueable deps ti=<TaskInstance: homework2_data_pipeline_demo.data_acquisition manual__2024-04-30T20:55:51.830154+00:00 [queued]>
[2024-05-01T07:17:51.850+0000] {taskinstance.py:2193} INFO - Starting attempt 3 of 3
[2024-05-01T07:17:51.868+0000] {taskinstance.py:2217} INFO - Executing <Task(_PythonVirtualenvDecoratedOperator): data_acquisition> on 2024-04-30 20:55:51.830154+00:00
[2024-05-01T07:17:51.874+0000] {standard_task_runner.py:60} INFO - Started process 8504 to run task
[2024-05-01T07:17:51.879+0000] {standard_task_runner.py:87} INFO - Running: ['***', 'tasks', 'run', 'homework2_data_pipeline_demo', 'data_acquisition', 'manual__2024-04-30T20:55:51.830154+00:00', '--job-id', '104', '--raw', '--subdir', 'DAGS_FOLDER/pipeline.py', '--cfg-path', '/tmp/tmpfo9sdrup']
[2024-05-01T07:17:51.881+0000] {standard_task_runner.py:88} INFO - Job 104: Subtask data_acquisition
[2024-05-01T07:17:51.945+0000] {task_command.py:423} INFO - Running <TaskInstance: homework2_data_pipeline_demo.data_acquisition manual__2024-04-30T20:55:51.830154+00:00 [running]> on host f153e58ecd1c
[2024-05-01T07:17:52.047+0000] {taskinstance.py:2513} INFO - Exporting env vars: AIRFLOW_CTX_DAG_OWNER='***' AIRFLOW_CTX_DAG_ID='homework2_data_pipeline_demo' AIRFLOW_CTX_TASK_ID='data_acquisition' AIRFLOW_CTX_EXECUTION_DATE='2024-04-30T20:55:51.830154+00:00' AIRFLOW_CTX_TRY_NUMBER='3' AIRFLOW_CTX_DAG_RUN_ID='manual__2024-04-30T20:55:51.830154+00:00'
[2024-05-01T07:17:52.050+0000] {process_utils.py:182} INFO - Executing cmd: /usr/local/bin/python -m virtualenv /tmp/venvokb4hdhu --python=python
[2024-05-01T07:17:52.062+0000] {process_utils.py:186} INFO - Output:
[2024-05-01T07:17:53.138+0000] {process_utils.py:190} INFO - created virtual environment CPython3.8.19.final.0-64 in 419ms
[2024-05-01T07:17:53.139+0000] {process_utils.py:190} INFO -   creator CPython3Posix(dest=/tmp/venvokb4hdhu, clear=False, no_vcs_ignore=False, global=False)
[2024-05-01T07:17:53.140+0000] {process_utils.py:190} INFO -   seeder FromAppData(download=False, pip=bundle, setuptools=bundle, wheel=bundle, via=copy, app_data_dir=/home/***/.local/share/virtualenv)
[2024-05-01T07:17:53.140+0000] {process_utils.py:190} INFO -     added seed packages: pip==24.0, setuptools==69.2.0, wheel==0.43.0
[2024-05-01T07:17:53.141+0000] {process_utils.py:190} INFO -   activators BashActivator,CShellActivator,FishActivator,NushellActivator,PowerShellActivator,PythonActivator
[2024-05-01T07:17:53.192+0000] {process_utils.py:182} INFO - Executing cmd: /tmp/venvokb4hdhu/bin/pip install -r /tmp/venvokb4hdhu/requirements.txt
[2024-05-01T07:17:53.203+0000] {process_utils.py:186} INFO - Output:
[2024-05-01T07:17:54.869+0000] {process_utils.py:190} INFO - Collecting dill (from -r /tmp/venvokb4hdhu/requirements.txt (line 1))
[2024-05-01T07:17:54.872+0000] {process_utils.py:190} INFO -   Using cached dill-0.3.8-py3-none-any.whl.metadata (10 kB)
[2024-05-01T07:17:54.903+0000] {process_utils.py:190} INFO - Collecting funcsigs (from -r /tmp/venvokb4hdhu/requirements.txt (line 2))
[2024-05-01T07:17:54.907+0000] {process_utils.py:190} INFO -   Using cached funcsigs-1.0.2-py2.py3-none-any.whl.metadata (14 kB)
[2024-05-01T07:17:55.237+0000] {process_utils.py:190} INFO - Collecting pandas (from -r /tmp/venvokb4hdhu/requirements.txt (line 3))
[2024-05-01T07:17:55.240+0000] {process_utils.py:190} INFO -   Using cached pandas-2.0.3-cp38-cp38-manylinux_2_17_x86_64.manylinux2014_x86_64.whl.metadata (18 kB)
[2024-05-01T07:17:55.452+0000] {process_utils.py:190} INFO - Collecting python-dateutil>=2.8.2 (from pandas->-r /tmp/venvokb4hdhu/requirements.txt (line 3))
[2024-05-01T07:17:55.456+0000] {process_utils.py:190} INFO -   Using cached python_dateutil-2.9.0.post0-py2.py3-none-any.whl.metadata (8.4 kB)
[2024-05-01T07:17:55.590+0000] {process_utils.py:190} INFO - Collecting pytz>=2020.1 (from pandas->-r /tmp/venvokb4hdhu/requirements.txt (line 3))
[2024-05-01T07:17:55.593+0000] {process_utils.py:190} INFO -   Using cached pytz-2024.1-py2.py3-none-any.whl.metadata (22 kB)
[2024-05-01T07:17:55.641+0000] {process_utils.py:190} INFO - Collecting tzdata>=2022.1 (from pandas->-r /tmp/venvokb4hdhu/requirements.txt (line 3))
[2024-05-01T07:17:55.644+0000] {process_utils.py:190} INFO -   Using cached tzdata-2024.1-py2.py3-none-any.whl.metadata (1.4 kB)
[2024-05-01T07:17:56.129+0000] {process_utils.py:190} INFO - Collecting numpy>=1.20.3 (from pandas->-r /tmp/venvokb4hdhu/requirements.txt (line 3))
[2024-05-01T07:17:56.132+0000] {process_utils.py:190} INFO -   Using cached numpy-1.24.4-cp38-cp38-manylinux_2_17_x86_64.manylinux2014_x86_64.whl.metadata (5.6 kB)
[2024-05-01T07:17:56.187+0000] {process_utils.py:190} INFO - Collecting six>=1.5 (from python-dateutil>=2.8.2->pandas->-r /tmp/venvokb4hdhu/requirements.txt (line 3))
[2024-05-01T07:17:56.190+0000] {process_utils.py:190} INFO -   Using cached six-1.16.0-py2.py3-none-any.whl.metadata (1.8 kB)
[2024-05-01T07:17:56.206+0000] {process_utils.py:190} INFO - Using cached dill-0.3.8-py3-none-any.whl (116 kB)
[2024-05-01T07:17:56.210+0000] {process_utils.py:190} INFO - Using cached funcsigs-1.0.2-py2.py3-none-any.whl (17 kB)
[2024-05-01T07:17:56.213+0000] {process_utils.py:190} INFO - Using cached pandas-2.0.3-cp38-cp38-manylinux_2_17_x86_64.manylinux2014_x86_64.whl (12.4 MB)
[2024-05-01T07:17:56.266+0000] {process_utils.py:190} INFO - Using cached numpy-1.24.4-cp38-cp38-manylinux_2_17_x86_64.manylinux2014_x86_64.whl (17.3 MB)
[2024-05-01T07:17:56.331+0000] {process_utils.py:190} INFO - Using cached python_dateutil-2.9.0.post0-py2.py3-none-any.whl (229 kB)
[2024-05-01T07:17:56.334+0000] {process_utils.py:190} INFO - Using cached pytz-2024.1-py2.py3-none-any.whl (505 kB)
[2024-05-01T07:17:56.339+0000] {process_utils.py:190} INFO - Using cached tzdata-2024.1-py2.py3-none-any.whl (345 kB)
[2024-05-01T07:17:56.342+0000] {process_utils.py:190} INFO - Using cached six-1.16.0-py2.py3-none-any.whl (11 kB)
[2024-05-01T07:17:56.824+0000] {process_utils.py:190} INFO - Installing collected packages: pytz, funcsigs, tzdata, six, numpy, dill, python-dateutil, pandas
[2024-05-01T07:18:06.205+0000] {process_utils.py:190} INFO - Successfully installed dill-0.3.8 funcsigs-1.0.2 numpy-1.24.4 pandas-2.0.3 python-dateutil-2.9.0.post0 pytz-2024.1 six-1.16.0 tzdata-2024.1
[2024-05-01T07:18:06.654+0000] {process_utils.py:182} INFO - Executing cmd: /tmp/venvokb4hdhu/bin/python /tmp/venv-callws2wuoa9/script.py /tmp/venv-callws2wuoa9/script.in /tmp/venv-callws2wuoa9/script.out /tmp/venv-callws2wuoa9/string_args.txt /tmp/venv-callws2wuoa9/termination.log
[2024-05-01T07:18:06.666+0000] {process_utils.py:186} INFO - Output:
[2024-05-01T07:18:07.545+0000] {python.py:202} INFO - Done. Returned value was: {'status': 'success', 'data_path': '/storage/acquire/Metro_zori_uc_sfrcondomfr_sm_month.csv'}
[2024-05-01T07:18:07.577+0000] {taskinstance.py:1149} INFO - Marking task as SUCCESS. dag_id=homework2_data_pipeline_demo, task_id=data_acquisition, execution_date=20240430T205551, start_date=20240501T071751, end_date=20240501T071807
[2024-05-01T07:18:07.625+0000] {local_task_job_runner.py:234} INFO - Task exited with return code 0
[2024-05-01T07:18:07.657+0000] {taskinstance.py:3312} INFO - 1 downstream tasks scheduled from follow-on schedule check
