[2024-05-01T18:44:39.703+0000] {taskinstance.py:1979} INFO - Dependencies all met for dep_context=non-requeueable deps ti=<TaskInstance: homework2_data_pipeline_demo.data_acquisition manual__2024-04-30T20:55:51.830154+00:00 [queued]>
[2024-05-01T18:44:39.715+0000] {taskinstance.py:1979} INFO - Dependencies all met for dep_context=requeueable deps ti=<TaskInstance: homework2_data_pipeline_demo.data_acquisition manual__2024-04-30T20:55:51.830154+00:00 [queued]>
[2024-05-01T18:44:39.716+0000] {taskinstance.py:2193} INFO - Starting attempt 16 of 16
[2024-05-01T18:44:39.737+0000] {taskinstance.py:2217} INFO - Executing <Task(_PythonVirtualenvDecoratedOperator): data_acquisition> on 2024-04-30 20:55:51.830154+00:00
[2024-05-01T18:44:39.744+0000] {standard_task_runner.py:60} INFO - Started process 10078 to run task
[2024-05-01T18:44:39.749+0000] {standard_task_runner.py:87} INFO - Running: ['***', 'tasks', 'run', 'homework2_data_pipeline_demo', 'data_acquisition', 'manual__2024-04-30T20:55:51.830154+00:00', '--job-id', '132', '--raw', '--subdir', 'DAGS_FOLDER/pipeline.py', '--cfg-path', '/tmp/tmpjqpa4_is']
[2024-05-01T18:44:39.751+0000] {standard_task_runner.py:88} INFO - Job 132: Subtask data_acquisition
[2024-05-01T18:44:39.825+0000] {task_command.py:423} INFO - Running <TaskInstance: homework2_data_pipeline_demo.data_acquisition manual__2024-04-30T20:55:51.830154+00:00 [running]> on host f153e58ecd1c
[2024-05-01T18:44:39.944+0000] {taskinstance.py:2513} INFO - Exporting env vars: AIRFLOW_CTX_DAG_OWNER='***' AIRFLOW_CTX_DAG_ID='homework2_data_pipeline_demo' AIRFLOW_CTX_TASK_ID='data_acquisition' AIRFLOW_CTX_EXECUTION_DATE='2024-04-30T20:55:51.830154+00:00' AIRFLOW_CTX_TRY_NUMBER='16' AIRFLOW_CTX_DAG_RUN_ID='manual__2024-04-30T20:55:51.830154+00:00'
[2024-05-01T18:44:39.949+0000] {process_utils.py:182} INFO - Executing cmd: /usr/local/bin/python -m virtualenv /tmp/venvzkfh5etp --python=python
[2024-05-01T18:44:39.964+0000] {process_utils.py:186} INFO - Output:
[2024-05-01T18:44:41.108+0000] {process_utils.py:190} INFO - created virtual environment CPython3.8.19.final.0-64 in 440ms
[2024-05-01T18:44:41.109+0000] {process_utils.py:190} INFO -   creator CPython3Posix(dest=/tmp/venvzkfh5etp, clear=False, no_vcs_ignore=False, global=False)
[2024-05-01T18:44:41.110+0000] {process_utils.py:190} INFO -   seeder FromAppData(download=False, pip=bundle, setuptools=bundle, wheel=bundle, via=copy, app_data_dir=/home/***/.local/share/virtualenv)
[2024-05-01T18:44:41.111+0000] {process_utils.py:190} INFO -     added seed packages: pip==24.0, setuptools==69.2.0, wheel==0.43.0
[2024-05-01T18:44:41.112+0000] {process_utils.py:190} INFO -   activators BashActivator,CShellActivator,FishActivator,NushellActivator,PowerShellActivator,PythonActivator
[2024-05-01T18:44:41.171+0000] {process_utils.py:182} INFO - Executing cmd: /tmp/venvzkfh5etp/bin/pip install -r /tmp/venvzkfh5etp/requirements.txt
[2024-05-01T18:44:41.189+0000] {process_utils.py:186} INFO - Output:
[2024-05-01T18:44:42.804+0000] {process_utils.py:190} INFO - Collecting dill (from -r /tmp/venvzkfh5etp/requirements.txt (line 1))
[2024-05-01T18:44:42.807+0000] {process_utils.py:190} INFO -   Using cached dill-0.3.8-py3-none-any.whl.metadata (10 kB)
[2024-05-01T18:44:42.839+0000] {process_utils.py:190} INFO - Collecting funcsigs (from -r /tmp/venvzkfh5etp/requirements.txt (line 2))
[2024-05-01T18:44:42.842+0000] {process_utils.py:190} INFO -   Using cached funcsigs-1.0.2-py2.py3-none-any.whl.metadata (14 kB)
[2024-05-01T18:44:43.154+0000] {process_utils.py:190} INFO - Collecting pandas (from -r /tmp/venvzkfh5etp/requirements.txt (line 3))
[2024-05-01T18:44:43.157+0000] {process_utils.py:190} INFO -   Using cached pandas-2.0.3-cp38-cp38-manylinux_2_17_x86_64.manylinux2014_x86_64.whl.metadata (18 kB)
[2024-05-01T18:44:43.359+0000] {process_utils.py:190} INFO - Collecting python-dateutil>=2.8.2 (from pandas->-r /tmp/venvzkfh5etp/requirements.txt (line 3))
[2024-05-01T18:44:43.362+0000] {process_utils.py:190} INFO -   Using cached python_dateutil-2.9.0.post0-py2.py3-none-any.whl.metadata (8.4 kB)
[2024-05-01T18:44:43.488+0000] {process_utils.py:190} INFO - Collecting pytz>=2020.1 (from pandas->-r /tmp/venvzkfh5etp/requirements.txt (line 3))
[2024-05-01T18:44:43.491+0000] {process_utils.py:190} INFO -   Using cached pytz-2024.1-py2.py3-none-any.whl.metadata (22 kB)
[2024-05-01T18:44:43.549+0000] {process_utils.py:190} INFO - Collecting tzdata>=2022.1 (from pandas->-r /tmp/venvzkfh5etp/requirements.txt (line 3))
[2024-05-01T18:44:43.552+0000] {process_utils.py:190} INFO -   Using cached tzdata-2024.1-py2.py3-none-any.whl.metadata (1.4 kB)
[2024-05-01T18:44:44.013+0000] {process_utils.py:190} INFO - Collecting numpy>=1.20.3 (from pandas->-r /tmp/venvzkfh5etp/requirements.txt (line 3))
[2024-05-01T18:44:44.017+0000] {process_utils.py:190} INFO -   Using cached numpy-1.24.4-cp38-cp38-manylinux_2_17_x86_64.manylinux2014_x86_64.whl.metadata (5.6 kB)
[2024-05-01T18:44:44.071+0000] {process_utils.py:190} INFO - Collecting six>=1.5 (from python-dateutil>=2.8.2->pandas->-r /tmp/venvzkfh5etp/requirements.txt (line 3))
[2024-05-01T18:44:44.074+0000] {process_utils.py:190} INFO -   Using cached six-1.16.0-py2.py3-none-any.whl.metadata (1.8 kB)
[2024-05-01T18:44:44.089+0000] {process_utils.py:190} INFO - Using cached dill-0.3.8-py3-none-any.whl (116 kB)
[2024-05-01T18:44:44.092+0000] {process_utils.py:190} INFO - Using cached funcsigs-1.0.2-py2.py3-none-any.whl (17 kB)
[2024-05-01T18:44:44.095+0000] {process_utils.py:190} INFO - Using cached pandas-2.0.3-cp38-cp38-manylinux_2_17_x86_64.manylinux2014_x86_64.whl (12.4 MB)
[2024-05-01T18:44:44.147+0000] {process_utils.py:190} INFO - Using cached numpy-1.24.4-cp38-cp38-manylinux_2_17_x86_64.manylinux2014_x86_64.whl (17.3 MB)
[2024-05-01T18:44:44.227+0000] {process_utils.py:190} INFO - Using cached python_dateutil-2.9.0.post0-py2.py3-none-any.whl (229 kB)
[2024-05-01T18:44:44.230+0000] {process_utils.py:190} INFO - Using cached pytz-2024.1-py2.py3-none-any.whl (505 kB)
[2024-05-01T18:44:44.235+0000] {process_utils.py:190} INFO - Using cached tzdata-2024.1-py2.py3-none-any.whl (345 kB)
[2024-05-01T18:44:44.240+0000] {process_utils.py:190} INFO - Using cached six-1.16.0-py2.py3-none-any.whl (11 kB)
[2024-05-01T18:44:44.763+0000] {process_utils.py:190} INFO - Installing collected packages: pytz, funcsigs, tzdata, six, numpy, dill, python-dateutil, pandas
[2024-05-01T18:44:53.969+0000] {process_utils.py:190} INFO - Successfully installed dill-0.3.8 funcsigs-1.0.2 numpy-1.24.4 pandas-2.0.3 python-dateutil-2.9.0.post0 pytz-2024.1 six-1.16.0 tzdata-2024.1
[2024-05-01T18:44:54.342+0000] {process_utils.py:182} INFO - Executing cmd: /tmp/venvzkfh5etp/bin/python /tmp/venv-call5d22cpdg/script.py /tmp/venv-call5d22cpdg/script.in /tmp/venv-call5d22cpdg/script.out /tmp/venv-call5d22cpdg/string_args.txt /tmp/venv-call5d22cpdg/termination.log
[2024-05-01T18:44:54.353+0000] {process_utils.py:186} INFO - Output:
[2024-05-01T18:44:55.192+0000] {python.py:202} INFO - Done. Returned value was: {'status': 'success', 'data_path': '/storage/acquire/Metro_zori_uc_sfrcondomfr_sm_month.csv'}
[2024-05-01T18:44:55.229+0000] {taskinstance.py:1149} INFO - Marking task as SUCCESS. dag_id=homework2_data_pipeline_demo, task_id=data_acquisition, execution_date=20240430T205551, start_date=20240501T184439, end_date=20240501T184455
[2024-05-01T18:44:55.268+0000] {local_task_job_runner.py:234} INFO - Task exited with return code 0
[2024-05-01T18:44:55.301+0000] {taskinstance.py:3312} INFO - 1 downstream tasks scheduled from follow-on schedule check
