[2024-05-01T07:08:05.172+0000] {taskinstance.py:1979} INFO - Dependencies all met for dep_context=non-requeueable deps ti=<TaskInstance: homework2_data_pipeline_demo.data_acquisition manual__2024-04-30T20:55:51.830154+00:00 [queued]>
[2024-05-01T07:08:05.185+0000] {taskinstance.py:1979} INFO - Dependencies all met for dep_context=requeueable deps ti=<TaskInstance: homework2_data_pipeline_demo.data_acquisition manual__2024-04-30T20:55:51.830154+00:00 [queued]>
[2024-05-01T07:08:05.186+0000] {taskinstance.py:2193} INFO - Starting attempt 2 of 2
[2024-05-01T07:08:05.205+0000] {taskinstance.py:2217} INFO - Executing <Task(_PythonVirtualenvDecoratedOperator): data_acquisition> on 2024-04-30 20:55:51.830154+00:00
[2024-05-01T07:08:05.214+0000] {standard_task_runner.py:60} INFO - Started process 8315 to run task
[2024-05-01T07:08:05.218+0000] {standard_task_runner.py:87} INFO - Running: ['***', 'tasks', 'run', 'homework2_data_pipeline_demo', 'data_acquisition', 'manual__2024-04-30T20:55:51.830154+00:00', '--job-id', '102', '--raw', '--subdir', 'DAGS_FOLDER/pipeline.py', '--cfg-path', '/tmp/tmp0s3w06dz']
[2024-05-01T07:08:05.220+0000] {standard_task_runner.py:88} INFO - Job 102: Subtask data_acquisition
[2024-05-01T07:08:05.302+0000] {task_command.py:423} INFO - Running <TaskInstance: homework2_data_pipeline_demo.data_acquisition manual__2024-04-30T20:55:51.830154+00:00 [running]> on host f153e58ecd1c
[2024-05-01T07:08:05.413+0000] {taskinstance.py:2513} INFO - Exporting env vars: AIRFLOW_CTX_DAG_OWNER='***' AIRFLOW_CTX_DAG_ID='homework2_data_pipeline_demo' AIRFLOW_CTX_TASK_ID='data_acquisition' AIRFLOW_CTX_EXECUTION_DATE='2024-04-30T20:55:51.830154+00:00' AIRFLOW_CTX_TRY_NUMBER='2' AIRFLOW_CTX_DAG_RUN_ID='manual__2024-04-30T20:55:51.830154+00:00'
[2024-05-01T07:08:05.416+0000] {process_utils.py:182} INFO - Executing cmd: /usr/local/bin/python -m virtualenv /tmp/venvrujbat_2 --python=python
[2024-05-01T07:08:05.427+0000] {process_utils.py:186} INFO - Output:
[2024-05-01T07:08:06.507+0000] {process_utils.py:190} INFO - created virtual environment CPython3.8.19.final.0-64 in 421ms
[2024-05-01T07:08:06.508+0000] {process_utils.py:190} INFO -   creator CPython3Posix(dest=/tmp/venvrujbat_2, clear=False, no_vcs_ignore=False, global=False)
[2024-05-01T07:08:06.509+0000] {process_utils.py:190} INFO -   seeder FromAppData(download=False, pip=bundle, setuptools=bundle, wheel=bundle, via=copy, app_data_dir=/home/***/.local/share/virtualenv)
[2024-05-01T07:08:06.510+0000] {process_utils.py:190} INFO -     added seed packages: pip==24.0, setuptools==69.2.0, wheel==0.43.0
[2024-05-01T07:08:06.510+0000] {process_utils.py:190} INFO -   activators BashActivator,CShellActivator,FishActivator,NushellActivator,PowerShellActivator,PythonActivator
[2024-05-01T07:08:06.570+0000] {process_utils.py:182} INFO - Executing cmd: /tmp/venvrujbat_2/bin/pip install -r /tmp/venvrujbat_2/requirements.txt
[2024-05-01T07:08:06.582+0000] {process_utils.py:186} INFO - Output:
[2024-05-01T07:08:08.091+0000] {process_utils.py:190} INFO - Collecting dill (from -r /tmp/venvrujbat_2/requirements.txt (line 1))
[2024-05-01T07:08:08.095+0000] {process_utils.py:190} INFO -   Using cached dill-0.3.8-py3-none-any.whl.metadata (10 kB)
[2024-05-01T07:08:08.131+0000] {process_utils.py:190} INFO - Collecting funcsigs (from -r /tmp/venvrujbat_2/requirements.txt (line 2))
[2024-05-01T07:08:08.135+0000] {process_utils.py:190} INFO -   Using cached funcsigs-1.0.2-py2.py3-none-any.whl.metadata (14 kB)
[2024-05-01T07:08:08.464+0000] {process_utils.py:190} INFO - Collecting pandas (from -r /tmp/venvrujbat_2/requirements.txt (line 3))
[2024-05-01T07:08:08.467+0000] {process_utils.py:190} INFO -   Using cached pandas-2.0.3-cp38-cp38-manylinux_2_17_x86_64.manylinux2014_x86_64.whl.metadata (18 kB)
[2024-05-01T07:08:08.679+0000] {process_utils.py:190} INFO - Collecting python-dateutil>=2.8.2 (from pandas->-r /tmp/venvrujbat_2/requirements.txt (line 3))
[2024-05-01T07:08:08.683+0000] {process_utils.py:190} INFO -   Using cached python_dateutil-2.9.0.post0-py2.py3-none-any.whl.metadata (8.4 kB)
[2024-05-01T07:08:08.822+0000] {process_utils.py:190} INFO - Collecting pytz>=2020.1 (from pandas->-r /tmp/venvrujbat_2/requirements.txt (line 3))
[2024-05-01T07:08:08.826+0000] {process_utils.py:190} INFO -   Using cached pytz-2024.1-py2.py3-none-any.whl.metadata (22 kB)
[2024-05-01T07:08:08.881+0000] {process_utils.py:190} INFO - Collecting tzdata>=2022.1 (from pandas->-r /tmp/venvrujbat_2/requirements.txt (line 3))
[2024-05-01T07:08:08.885+0000] {process_utils.py:190} INFO -   Using cached tzdata-2024.1-py2.py3-none-any.whl.metadata (1.4 kB)
[2024-05-01T07:08:09.380+0000] {process_utils.py:190} INFO - Collecting numpy>=1.20.3 (from pandas->-r /tmp/venvrujbat_2/requirements.txt (line 3))
[2024-05-01T07:08:09.385+0000] {process_utils.py:190} INFO -   Using cached numpy-1.24.4-cp38-cp38-manylinux_2_17_x86_64.manylinux2014_x86_64.whl.metadata (5.6 kB)
[2024-05-01T07:08:09.459+0000] {process_utils.py:190} INFO - Collecting six>=1.5 (from python-dateutil>=2.8.2->pandas->-r /tmp/venvrujbat_2/requirements.txt (line 3))
[2024-05-01T07:08:09.464+0000] {process_utils.py:190} INFO -   Using cached six-1.16.0-py2.py3-none-any.whl.metadata (1.8 kB)
[2024-05-01T07:08:09.490+0000] {process_utils.py:190} INFO - Using cached dill-0.3.8-py3-none-any.whl (116 kB)
[2024-05-01T07:08:09.497+0000] {process_utils.py:190} INFO - Using cached funcsigs-1.0.2-py2.py3-none-any.whl (17 kB)
[2024-05-01T07:08:09.502+0000] {process_utils.py:190} INFO - Using cached pandas-2.0.3-cp38-cp38-manylinux_2_17_x86_64.manylinux2014_x86_64.whl (12.4 MB)
[2024-05-01T07:08:09.572+0000] {process_utils.py:190} INFO - Using cached numpy-1.24.4-cp38-cp38-manylinux_2_17_x86_64.manylinux2014_x86_64.whl (17.3 MB)
[2024-05-01T07:08:09.641+0000] {process_utils.py:190} INFO - Using cached python_dateutil-2.9.0.post0-py2.py3-none-any.whl (229 kB)
[2024-05-01T07:08:09.645+0000] {process_utils.py:190} INFO - Using cached pytz-2024.1-py2.py3-none-any.whl (505 kB)
[2024-05-01T07:08:09.650+0000] {process_utils.py:190} INFO - Using cached tzdata-2024.1-py2.py3-none-any.whl (345 kB)
[2024-05-01T07:08:09.655+0000] {process_utils.py:190} INFO - Using cached six-1.16.0-py2.py3-none-any.whl (11 kB)
[2024-05-01T07:08:10.140+0000] {process_utils.py:190} INFO - Installing collected packages: pytz, funcsigs, tzdata, six, numpy, dill, python-dateutil, pandas
[2024-05-01T07:08:19.275+0000] {process_utils.py:190} INFO - Successfully installed dill-0.3.8 funcsigs-1.0.2 numpy-1.24.4 pandas-2.0.3 python-dateutil-2.9.0.post0 pytz-2024.1 six-1.16.0 tzdata-2024.1
[2024-05-01T07:08:19.760+0000] {process_utils.py:182} INFO - Executing cmd: /tmp/venvrujbat_2/bin/python /tmp/venv-callzpupb3pp/script.py /tmp/venv-callzpupb3pp/script.in /tmp/venv-callzpupb3pp/script.out /tmp/venv-callzpupb3pp/string_args.txt /tmp/venv-callzpupb3pp/termination.log
[2024-05-01T07:08:19.771+0000] {process_utils.py:186} INFO - Output:
[2024-05-01T07:08:20.726+0000] {python.py:202} INFO - Done. Returned value was: {'status': 'success', 'data_path': '/storage/acquire/Metro_zori_uc_sfrcondomfr_sm_month.csv'}
[2024-05-01T07:08:20.759+0000] {taskinstance.py:1149} INFO - Marking task as SUCCESS. dag_id=homework2_data_pipeline_demo, task_id=data_acquisition, execution_date=20240430T205551, start_date=20240501T070805, end_date=20240501T070820
[2024-05-01T07:08:20.807+0000] {local_task_job_runner.py:234} INFO - Task exited with return code 0
[2024-05-01T07:08:20.842+0000] {taskinstance.py:3312} INFO - 1 downstream tasks scheduled from follow-on schedule check
