[2024-05-01T07:49:45.016+0000] {taskinstance.py:1979} INFO - Dependencies all met for dep_context=non-requeueable deps ti=<TaskInstance: homework2_data_pipeline_demo.data_acquisition manual__2024-04-30T20:55:51.830154+00:00 [queued]>
[2024-05-01T07:49:45.028+0000] {taskinstance.py:1979} INFO - Dependencies all met for dep_context=requeueable deps ti=<TaskInstance: homework2_data_pipeline_demo.data_acquisition manual__2024-04-30T20:55:51.830154+00:00 [queued]>
[2024-05-01T07:49:45.029+0000] {taskinstance.py:2193} INFO - Starting attempt 12 of 12
[2024-05-01T07:49:45.047+0000] {taskinstance.py:2217} INFO - Executing <Task(_PythonVirtualenvDecoratedOperator): data_acquisition> on 2024-04-30 20:55:51.830154+00:00
[2024-05-01T07:49:45.053+0000] {standard_task_runner.py:60} INFO - Started process 9356 to run task
[2024-05-01T07:49:45.057+0000] {standard_task_runner.py:87} INFO - Running: ['***', 'tasks', 'run', 'homework2_data_pipeline_demo', 'data_acquisition', 'manual__2024-04-30T20:55:51.830154+00:00', '--job-id', '119', '--raw', '--subdir', 'DAGS_FOLDER/pipeline.py', '--cfg-path', '/tmp/tmp17eebti3']
[2024-05-01T07:49:45.059+0000] {standard_task_runner.py:88} INFO - Job 119: Subtask data_acquisition
[2024-05-01T07:49:45.125+0000] {task_command.py:423} INFO - Running <TaskInstance: homework2_data_pipeline_demo.data_acquisition manual__2024-04-30T20:55:51.830154+00:00 [running]> on host f153e58ecd1c
[2024-05-01T07:49:45.225+0000] {taskinstance.py:2513} INFO - Exporting env vars: AIRFLOW_CTX_DAG_OWNER='***' AIRFLOW_CTX_DAG_ID='homework2_data_pipeline_demo' AIRFLOW_CTX_TASK_ID='data_acquisition' AIRFLOW_CTX_EXECUTION_DATE='2024-04-30T20:55:51.830154+00:00' AIRFLOW_CTX_TRY_NUMBER='12' AIRFLOW_CTX_DAG_RUN_ID='manual__2024-04-30T20:55:51.830154+00:00'
[2024-05-01T07:49:45.229+0000] {process_utils.py:182} INFO - Executing cmd: /usr/local/bin/python -m virtualenv /tmp/venv6k0_ez7k --python=python
[2024-05-01T07:49:45.240+0000] {process_utils.py:186} INFO - Output:
[2024-05-01T07:49:46.351+0000] {process_utils.py:190} INFO - created virtual environment CPython3.8.19.final.0-64 in 425ms
[2024-05-01T07:49:46.352+0000] {process_utils.py:190} INFO -   creator CPython3Posix(dest=/tmp/venv6k0_ez7k, clear=False, no_vcs_ignore=False, global=False)
[2024-05-01T07:49:46.353+0000] {process_utils.py:190} INFO -   seeder FromAppData(download=False, pip=bundle, setuptools=bundle, wheel=bundle, via=copy, app_data_dir=/home/***/.local/share/virtualenv)
[2024-05-01T07:49:46.354+0000] {process_utils.py:190} INFO -     added seed packages: pip==24.0, setuptools==69.2.0, wheel==0.43.0
[2024-05-01T07:49:46.355+0000] {process_utils.py:190} INFO -   activators BashActivator,CShellActivator,FishActivator,NushellActivator,PowerShellActivator,PythonActivator
[2024-05-01T07:49:46.408+0000] {process_utils.py:182} INFO - Executing cmd: /tmp/venv6k0_ez7k/bin/pip install -r /tmp/venv6k0_ez7k/requirements.txt
[2024-05-01T07:49:46.425+0000] {process_utils.py:186} INFO - Output:
[2024-05-01T07:49:48.205+0000] {process_utils.py:190} INFO - Collecting dill (from -r /tmp/venv6k0_ez7k/requirements.txt (line 1))
[2024-05-01T07:49:48.209+0000] {process_utils.py:190} INFO -   Using cached dill-0.3.8-py3-none-any.whl.metadata (10 kB)
[2024-05-01T07:49:48.244+0000] {process_utils.py:190} INFO - Collecting funcsigs (from -r /tmp/venv6k0_ez7k/requirements.txt (line 2))
[2024-05-01T07:49:48.248+0000] {process_utils.py:190} INFO -   Using cached funcsigs-1.0.2-py2.py3-none-any.whl.metadata (14 kB)
[2024-05-01T07:49:48.619+0000] {process_utils.py:190} INFO - Collecting pandas (from -r /tmp/venv6k0_ez7k/requirements.txt (line 3))
[2024-05-01T07:49:48.624+0000] {process_utils.py:190} INFO -   Using cached pandas-2.0.3-cp38-cp38-manylinux_2_17_x86_64.manylinux2014_x86_64.whl.metadata (18 kB)
[2024-05-01T07:49:48.848+0000] {process_utils.py:190} INFO - Collecting python-dateutil>=2.8.2 (from pandas->-r /tmp/venv6k0_ez7k/requirements.txt (line 3))
[2024-05-01T07:49:48.852+0000] {process_utils.py:190} INFO -   Using cached python_dateutil-2.9.0.post0-py2.py3-none-any.whl.metadata (8.4 kB)
[2024-05-01T07:49:48.995+0000] {process_utils.py:190} INFO - Collecting pytz>=2020.1 (from pandas->-r /tmp/venv6k0_ez7k/requirements.txt (line 3))
[2024-05-01T07:49:48.999+0000] {process_utils.py:190} INFO -   Using cached pytz-2024.1-py2.py3-none-any.whl.metadata (22 kB)
[2024-05-01T07:49:49.052+0000] {process_utils.py:190} INFO - Collecting tzdata>=2022.1 (from pandas->-r /tmp/venv6k0_ez7k/requirements.txt (line 3))
[2024-05-01T07:49:49.055+0000] {process_utils.py:190} INFO -   Using cached tzdata-2024.1-py2.py3-none-any.whl.metadata (1.4 kB)
[2024-05-01T07:49:49.561+0000] {process_utils.py:190} INFO - Collecting numpy>=1.20.3 (from pandas->-r /tmp/venv6k0_ez7k/requirements.txt (line 3))
[2024-05-01T07:49:49.565+0000] {process_utils.py:190} INFO -   Using cached numpy-1.24.4-cp38-cp38-manylinux_2_17_x86_64.manylinux2014_x86_64.whl.metadata (5.6 kB)
[2024-05-01T07:49:49.622+0000] {process_utils.py:190} INFO - Collecting six>=1.5 (from python-dateutil>=2.8.2->pandas->-r /tmp/venv6k0_ez7k/requirements.txt (line 3))
[2024-05-01T07:49:49.626+0000] {process_utils.py:190} INFO -   Using cached six-1.16.0-py2.py3-none-any.whl.metadata (1.8 kB)
[2024-05-01T07:49:49.642+0000] {process_utils.py:190} INFO - Using cached dill-0.3.8-py3-none-any.whl (116 kB)
[2024-05-01T07:49:49.646+0000] {process_utils.py:190} INFO - Using cached funcsigs-1.0.2-py2.py3-none-any.whl (17 kB)
[2024-05-01T07:49:49.651+0000] {process_utils.py:190} INFO - Using cached pandas-2.0.3-cp38-cp38-manylinux_2_17_x86_64.manylinux2014_x86_64.whl (12.4 MB)
[2024-05-01T07:49:49.699+0000] {process_utils.py:190} INFO - Using cached numpy-1.24.4-cp38-cp38-manylinux_2_17_x86_64.manylinux2014_x86_64.whl (17.3 MB)
[2024-05-01T07:49:49.765+0000] {process_utils.py:190} INFO - Using cached python_dateutil-2.9.0.post0-py2.py3-none-any.whl (229 kB)
[2024-05-01T07:49:49.769+0000] {process_utils.py:190} INFO - Using cached pytz-2024.1-py2.py3-none-any.whl (505 kB)
[2024-05-01T07:49:49.774+0000] {process_utils.py:190} INFO - Using cached tzdata-2024.1-py2.py3-none-any.whl (345 kB)
[2024-05-01T07:49:49.779+0000] {process_utils.py:190} INFO - Using cached six-1.16.0-py2.py3-none-any.whl (11 kB)
[2024-05-01T07:49:50.270+0000] {process_utils.py:190} INFO - Installing collected packages: pytz, funcsigs, tzdata, six, numpy, dill, python-dateutil, pandas
[2024-05-01T07:49:59.735+0000] {process_utils.py:190} INFO - Successfully installed dill-0.3.8 funcsigs-1.0.2 numpy-1.24.4 pandas-2.0.3 python-dateutil-2.9.0.post0 pytz-2024.1 six-1.16.0 tzdata-2024.1
[2024-05-01T07:50:00.165+0000] {process_utils.py:182} INFO - Executing cmd: /tmp/venv6k0_ez7k/bin/python /tmp/venv-call8w46rain/script.py /tmp/venv-call8w46rain/script.in /tmp/venv-call8w46rain/script.out /tmp/venv-call8w46rain/string_args.txt /tmp/venv-call8w46rain/termination.log
[2024-05-01T07:50:00.178+0000] {process_utils.py:186} INFO - Output:
[2024-05-01T07:50:01.090+0000] {python.py:202} INFO - Done. Returned value was: {'status': 'success', 'data_path': '/storage/acquire/.csv'}
[2024-05-01T07:50:01.127+0000] {taskinstance.py:1149} INFO - Marking task as SUCCESS. dag_id=homework2_data_pipeline_demo, task_id=data_acquisition, execution_date=20240430T205551, start_date=20240501T074945, end_date=20240501T075001
[2024-05-01T07:50:01.177+0000] {local_task_job_runner.py:234} INFO - Task exited with return code 0
[2024-05-01T07:50:01.210+0000] {taskinstance.py:3312} INFO - 1 downstream tasks scheduled from follow-on schedule check
