[2024-05-01T07:30:39.348+0000] {taskinstance.py:1979} INFO - Dependencies all met for dep_context=non-requeueable deps ti=<TaskInstance: homework2_data_pipeline_demo.data_acquisition manual__2024-04-30T20:55:51.830154+00:00 [queued]>
[2024-05-01T07:30:39.360+0000] {taskinstance.py:1979} INFO - Dependencies all met for dep_context=requeueable deps ti=<TaskInstance: homework2_data_pipeline_demo.data_acquisition manual__2024-04-30T20:55:51.830154+00:00 [queued]>
[2024-05-01T07:30:39.360+0000] {taskinstance.py:2193} INFO - Starting attempt 8 of 8
[2024-05-01T07:30:39.380+0000] {taskinstance.py:2217} INFO - Executing <Task(_PythonVirtualenvDecoratedOperator): data_acquisition> on 2024-04-30 20:55:51.830154+00:00
[2024-05-01T07:30:39.387+0000] {standard_task_runner.py:60} INFO - Started process 8901 to run task
[2024-05-01T07:30:39.391+0000] {standard_task_runner.py:87} INFO - Running: ['***', 'tasks', 'run', 'homework2_data_pipeline_demo', 'data_acquisition', 'manual__2024-04-30T20:55:51.830154+00:00', '--job-id', '110', '--raw', '--subdir', 'DAGS_FOLDER/pipeline.py', '--cfg-path', '/tmp/tmphl5m_v1k']
[2024-05-01T07:30:39.394+0000] {standard_task_runner.py:88} INFO - Job 110: Subtask data_acquisition
[2024-05-01T07:30:39.459+0000] {task_command.py:423} INFO - Running <TaskInstance: homework2_data_pipeline_demo.data_acquisition manual__2024-04-30T20:55:51.830154+00:00 [running]> on host f153e58ecd1c
[2024-05-01T07:30:39.564+0000] {taskinstance.py:2513} INFO - Exporting env vars: AIRFLOW_CTX_DAG_OWNER='***' AIRFLOW_CTX_DAG_ID='homework2_data_pipeline_demo' AIRFLOW_CTX_TASK_ID='data_acquisition' AIRFLOW_CTX_EXECUTION_DATE='2024-04-30T20:55:51.830154+00:00' AIRFLOW_CTX_TRY_NUMBER='8' AIRFLOW_CTX_DAG_RUN_ID='manual__2024-04-30T20:55:51.830154+00:00'
[2024-05-01T07:30:39.568+0000] {process_utils.py:182} INFO - Executing cmd: /usr/local/bin/python -m virtualenv /tmp/venvlyh72i2u --python=python
[2024-05-01T07:30:39.581+0000] {process_utils.py:186} INFO - Output:
[2024-05-01T07:30:40.668+0000] {process_utils.py:190} INFO - created virtual environment CPython3.8.19.final.0-64 in 464ms
[2024-05-01T07:30:40.669+0000] {process_utils.py:190} INFO -   creator CPython3Posix(dest=/tmp/venvlyh72i2u, clear=False, no_vcs_ignore=False, global=False)
[2024-05-01T07:30:40.669+0000] {process_utils.py:190} INFO -   seeder FromAppData(download=False, pip=bundle, setuptools=bundle, wheel=bundle, via=copy, app_data_dir=/home/***/.local/share/virtualenv)
[2024-05-01T07:30:40.670+0000] {process_utils.py:190} INFO -     added seed packages: pip==24.0, setuptools==69.2.0, wheel==0.43.0
[2024-05-01T07:30:40.671+0000] {process_utils.py:190} INFO -   activators BashActivator,CShellActivator,FishActivator,NushellActivator,PowerShellActivator,PythonActivator
[2024-05-01T07:30:40.725+0000] {process_utils.py:182} INFO - Executing cmd: /tmp/venvlyh72i2u/bin/pip install -r /tmp/venvlyh72i2u/requirements.txt
[2024-05-01T07:30:40.738+0000] {process_utils.py:186} INFO - Output:
[2024-05-01T07:30:42.268+0000] {process_utils.py:190} INFO - Collecting dill (from -r /tmp/venvlyh72i2u/requirements.txt (line 1))
[2024-05-01T07:30:42.272+0000] {process_utils.py:190} INFO -   Using cached dill-0.3.8-py3-none-any.whl.metadata (10 kB)
[2024-05-01T07:30:42.305+0000] {process_utils.py:190} INFO - Collecting funcsigs (from -r /tmp/venvlyh72i2u/requirements.txt (line 2))
[2024-05-01T07:30:42.308+0000] {process_utils.py:190} INFO -   Using cached funcsigs-1.0.2-py2.py3-none-any.whl.metadata (14 kB)
[2024-05-01T07:30:42.635+0000] {process_utils.py:190} INFO - Collecting pandas (from -r /tmp/venvlyh72i2u/requirements.txt (line 3))
[2024-05-01T07:30:42.639+0000] {process_utils.py:190} INFO -   Using cached pandas-2.0.3-cp38-cp38-manylinux_2_17_x86_64.manylinux2014_x86_64.whl.metadata (18 kB)
[2024-05-01T07:30:42.850+0000] {process_utils.py:190} INFO - Collecting python-dateutil>=2.8.2 (from pandas->-r /tmp/venvlyh72i2u/requirements.txt (line 3))
[2024-05-01T07:30:42.853+0000] {process_utils.py:190} INFO -   Using cached python_dateutil-2.9.0.post0-py2.py3-none-any.whl.metadata (8.4 kB)
[2024-05-01T07:30:42.988+0000] {process_utils.py:190} INFO - Collecting pytz>=2020.1 (from pandas->-r /tmp/venvlyh72i2u/requirements.txt (line 3))
[2024-05-01T07:30:42.992+0000] {process_utils.py:190} INFO -   Using cached pytz-2024.1-py2.py3-none-any.whl.metadata (22 kB)
[2024-05-01T07:30:43.043+0000] {process_utils.py:190} INFO - Collecting tzdata>=2022.1 (from pandas->-r /tmp/venvlyh72i2u/requirements.txt (line 3))
[2024-05-01T07:30:43.046+0000] {process_utils.py:190} INFO -   Using cached tzdata-2024.1-py2.py3-none-any.whl.metadata (1.4 kB)
[2024-05-01T07:30:43.508+0000] {process_utils.py:190} INFO - Collecting numpy>=1.20.3 (from pandas->-r /tmp/venvlyh72i2u/requirements.txt (line 3))
[2024-05-01T07:30:43.512+0000] {process_utils.py:190} INFO -   Using cached numpy-1.24.4-cp38-cp38-manylinux_2_17_x86_64.manylinux2014_x86_64.whl.metadata (5.6 kB)
[2024-05-01T07:30:43.570+0000] {process_utils.py:190} INFO - Collecting six>=1.5 (from python-dateutil>=2.8.2->pandas->-r /tmp/venvlyh72i2u/requirements.txt (line 3))
[2024-05-01T07:30:43.577+0000] {process_utils.py:190} INFO -   Using cached six-1.16.0-py2.py3-none-any.whl.metadata (1.8 kB)
[2024-05-01T07:30:43.597+0000] {process_utils.py:190} INFO - Using cached dill-0.3.8-py3-none-any.whl (116 kB)
[2024-05-01T07:30:43.600+0000] {process_utils.py:190} INFO - Using cached funcsigs-1.0.2-py2.py3-none-any.whl (17 kB)
[2024-05-01T07:30:43.605+0000] {process_utils.py:190} INFO - Using cached pandas-2.0.3-cp38-cp38-manylinux_2_17_x86_64.manylinux2014_x86_64.whl (12.4 MB)
[2024-05-01T07:30:43.651+0000] {process_utils.py:190} INFO - Using cached numpy-1.24.4-cp38-cp38-manylinux_2_17_x86_64.manylinux2014_x86_64.whl (17.3 MB)
[2024-05-01T07:30:43.716+0000] {process_utils.py:190} INFO - Using cached python_dateutil-2.9.0.post0-py2.py3-none-any.whl (229 kB)
[2024-05-01T07:30:43.720+0000] {process_utils.py:190} INFO - Using cached pytz-2024.1-py2.py3-none-any.whl (505 kB)
[2024-05-01T07:30:43.724+0000] {process_utils.py:190} INFO - Using cached tzdata-2024.1-py2.py3-none-any.whl (345 kB)
[2024-05-01T07:30:43.729+0000] {process_utils.py:190} INFO - Using cached six-1.16.0-py2.py3-none-any.whl (11 kB)
[2024-05-01T07:30:44.226+0000] {process_utils.py:190} INFO - Installing collected packages: pytz, funcsigs, tzdata, six, numpy, dill, python-dateutil, pandas
[2024-05-01T07:30:53.364+0000] {process_utils.py:190} INFO - Successfully installed dill-0.3.8 funcsigs-1.0.2 numpy-1.24.4 pandas-2.0.3 python-dateutil-2.9.0.post0 pytz-2024.1 six-1.16.0 tzdata-2024.1
[2024-05-01T07:30:53.815+0000] {process_utils.py:182} INFO - Executing cmd: /tmp/venvlyh72i2u/bin/python /tmp/venv-callpxlzlxwu/script.py /tmp/venv-callpxlzlxwu/script.in /tmp/venv-callpxlzlxwu/script.out /tmp/venv-callpxlzlxwu/string_args.txt /tmp/venv-callpxlzlxwu/termination.log
[2024-05-01T07:30:53.826+0000] {process_utils.py:186} INFO - Output:
[2024-05-01T07:30:54.767+0000] {python.py:202} INFO - Done. Returned value was: {'status': 'success', 'data_path': '/storage/acquire/.csv'}
[2024-05-01T07:30:54.800+0000] {taskinstance.py:1149} INFO - Marking task as SUCCESS. dag_id=homework2_data_pipeline_demo, task_id=data_acquisition, execution_date=20240430T205551, start_date=20240501T073039, end_date=20240501T073054
[2024-05-01T07:30:54.826+0000] {local_task_job_runner.py:234} INFO - Task exited with return code 0
[2024-05-01T07:30:54.859+0000] {taskinstance.py:3312} INFO - 1 downstream tasks scheduled from follow-on schedule check
