[2024-05-01T19:01:50.606+0000] {taskinstance.py:1979} INFO - Dependencies all met for dep_context=non-requeueable deps ti=<TaskInstance: homework2_data_pipeline_demo.data_acquisition manual__2024-04-30T20:55:51.830154+00:00 [queued]>
[2024-05-01T19:01:50.622+0000] {taskinstance.py:1979} INFO - Dependencies all met for dep_context=requeueable deps ti=<TaskInstance: homework2_data_pipeline_demo.data_acquisition manual__2024-04-30T20:55:51.830154+00:00 [queued]>
[2024-05-01T19:01:50.623+0000] {taskinstance.py:2193} INFO - Starting attempt 20 of 20
[2024-05-01T19:01:50.644+0000] {taskinstance.py:2217} INFO - Executing <Task(_PythonVirtualenvDecoratedOperator): data_acquisition> on 2024-04-30 20:55:51.830154+00:00
[2024-05-01T19:01:50.654+0000] {standard_task_runner.py:60} INFO - Started process 10507 to run task
[2024-05-01T19:01:50.658+0000] {standard_task_runner.py:87} INFO - Running: ['***', 'tasks', 'run', 'homework2_data_pipeline_demo', 'data_acquisition', 'manual__2024-04-30T20:55:51.830154+00:00', '--job-id', '142', '--raw', '--subdir', 'DAGS_FOLDER/pipeline.py', '--cfg-path', '/tmp/tmpxui6kamp']
[2024-05-01T19:01:50.660+0000] {standard_task_runner.py:88} INFO - Job 142: Subtask data_acquisition
[2024-05-01T19:01:50.735+0000] {task_command.py:423} INFO - Running <TaskInstance: homework2_data_pipeline_demo.data_acquisition manual__2024-04-30T20:55:51.830154+00:00 [running]> on host f153e58ecd1c
[2024-05-01T19:01:50.867+0000] {taskinstance.py:2513} INFO - Exporting env vars: AIRFLOW_CTX_DAG_OWNER='***' AIRFLOW_CTX_DAG_ID='homework2_data_pipeline_demo' AIRFLOW_CTX_TASK_ID='data_acquisition' AIRFLOW_CTX_EXECUTION_DATE='2024-04-30T20:55:51.830154+00:00' AIRFLOW_CTX_TRY_NUMBER='20' AIRFLOW_CTX_DAG_RUN_ID='manual__2024-04-30T20:55:51.830154+00:00'
[2024-05-01T19:01:50.871+0000] {process_utils.py:182} INFO - Executing cmd: /usr/local/bin/python -m virtualenv /tmp/venv1a5fil4r --python=python
[2024-05-01T19:01:50.885+0000] {process_utils.py:186} INFO - Output:
[2024-05-01T19:01:52.207+0000] {process_utils.py:190} INFO - created virtual environment CPython3.8.19.final.0-64 in 518ms
[2024-05-01T19:01:52.208+0000] {process_utils.py:190} INFO -   creator CPython3Posix(dest=/tmp/venv1a5fil4r, clear=False, no_vcs_ignore=False, global=False)
[2024-05-01T19:01:52.209+0000] {process_utils.py:190} INFO -   seeder FromAppData(download=False, pip=bundle, setuptools=bundle, wheel=bundle, via=copy, app_data_dir=/home/***/.local/share/virtualenv)
[2024-05-01T19:01:52.210+0000] {process_utils.py:190} INFO -     added seed packages: pip==24.0, setuptools==69.2.0, wheel==0.43.0
[2024-05-01T19:01:52.211+0000] {process_utils.py:190} INFO -   activators BashActivator,CShellActivator,FishActivator,NushellActivator,PowerShellActivator,PythonActivator
[2024-05-01T19:01:52.272+0000] {process_utils.py:182} INFO - Executing cmd: /tmp/venv1a5fil4r/bin/pip install -r /tmp/venv1a5fil4r/requirements.txt
[2024-05-01T19:01:52.287+0000] {process_utils.py:186} INFO - Output:
[2024-05-01T19:01:54.268+0000] {process_utils.py:190} INFO - Collecting dill (from -r /tmp/venv1a5fil4r/requirements.txt (line 1))
[2024-05-01T19:01:54.272+0000] {process_utils.py:190} INFO -   Using cached dill-0.3.8-py3-none-any.whl.metadata (10 kB)
[2024-05-01T19:01:54.308+0000] {process_utils.py:190} INFO - Collecting funcsigs (from -r /tmp/venv1a5fil4r/requirements.txt (line 2))
[2024-05-01T19:01:54.311+0000] {process_utils.py:190} INFO -   Using cached funcsigs-1.0.2-py2.py3-none-any.whl.metadata (14 kB)
[2024-05-01T19:01:54.648+0000] {process_utils.py:190} INFO - Collecting pandas (from -r /tmp/venv1a5fil4r/requirements.txt (line 3))
[2024-05-01T19:01:54.651+0000] {process_utils.py:190} INFO -   Using cached pandas-2.0.3-cp38-cp38-manylinux_2_17_x86_64.manylinux2014_x86_64.whl.metadata (18 kB)
[2024-05-01T19:01:54.918+0000] {process_utils.py:190} INFO - Collecting python-dateutil>=2.8.2 (from pandas->-r /tmp/venv1a5fil4r/requirements.txt (line 3))
[2024-05-01T19:01:54.921+0000] {process_utils.py:190} INFO -   Using cached python_dateutil-2.9.0.post0-py2.py3-none-any.whl.metadata (8.4 kB)
[2024-05-01T19:01:55.078+0000] {process_utils.py:190} INFO - Collecting pytz>=2020.1 (from pandas->-r /tmp/venv1a5fil4r/requirements.txt (line 3))
[2024-05-01T19:01:55.081+0000] {process_utils.py:190} INFO -   Using cached pytz-2024.1-py2.py3-none-any.whl.metadata (22 kB)
[2024-05-01T19:01:55.133+0000] {process_utils.py:190} INFO - Collecting tzdata>=2022.1 (from pandas->-r /tmp/venv1a5fil4r/requirements.txt (line 3))
[2024-05-01T19:01:55.136+0000] {process_utils.py:190} INFO -   Using cached tzdata-2024.1-py2.py3-none-any.whl.metadata (1.4 kB)
[2024-05-01T19:01:55.651+0000] {process_utils.py:190} INFO - Collecting numpy>=1.20.3 (from pandas->-r /tmp/venv1a5fil4r/requirements.txt (line 3))
[2024-05-01T19:01:55.655+0000] {process_utils.py:190} INFO -   Using cached numpy-1.24.4-cp38-cp38-manylinux_2_17_x86_64.manylinux2014_x86_64.whl.metadata (5.6 kB)
[2024-05-01T19:01:55.711+0000] {process_utils.py:190} INFO - Collecting six>=1.5 (from python-dateutil>=2.8.2->pandas->-r /tmp/venv1a5fil4r/requirements.txt (line 3))
[2024-05-01T19:01:55.714+0000] {process_utils.py:190} INFO -   Using cached six-1.16.0-py2.py3-none-any.whl.metadata (1.8 kB)
[2024-05-01T19:01:55.733+0000] {process_utils.py:190} INFO - Using cached dill-0.3.8-py3-none-any.whl (116 kB)
[2024-05-01T19:01:55.737+0000] {process_utils.py:190} INFO - Using cached funcsigs-1.0.2-py2.py3-none-any.whl (17 kB)
[2024-05-01T19:01:55.740+0000] {process_utils.py:190} INFO - Using cached pandas-2.0.3-cp38-cp38-manylinux_2_17_x86_64.manylinux2014_x86_64.whl (12.4 MB)
[2024-05-01T19:01:55.786+0000] {process_utils.py:190} INFO - Using cached numpy-1.24.4-cp38-cp38-manylinux_2_17_x86_64.manylinux2014_x86_64.whl (17.3 MB)
[2024-05-01T19:01:55.852+0000] {process_utils.py:190} INFO - Using cached python_dateutil-2.9.0.post0-py2.py3-none-any.whl (229 kB)
[2024-05-01T19:01:55.856+0000] {process_utils.py:190} INFO - Using cached pytz-2024.1-py2.py3-none-any.whl (505 kB)
[2024-05-01T19:01:55.860+0000] {process_utils.py:190} INFO - Using cached tzdata-2024.1-py2.py3-none-any.whl (345 kB)
[2024-05-01T19:01:55.864+0000] {process_utils.py:190} INFO - Using cached six-1.16.0-py2.py3-none-any.whl (11 kB)
[2024-05-01T19:01:56.349+0000] {process_utils.py:190} INFO - Installing collected packages: pytz, funcsigs, tzdata, six, numpy, dill, python-dateutil, pandas
[2024-05-01T19:02:05.386+0000] {process_utils.py:190} INFO - Successfully installed dill-0.3.8 funcsigs-1.0.2 numpy-1.24.4 pandas-2.0.3 python-dateutil-2.9.0.post0 pytz-2024.1 six-1.16.0 tzdata-2024.1
[2024-05-01T19:02:05.824+0000] {process_utils.py:182} INFO - Executing cmd: /tmp/venv1a5fil4r/bin/python /tmp/venv-calleu2dlw7f/script.py /tmp/venv-calleu2dlw7f/script.in /tmp/venv-calleu2dlw7f/script.out /tmp/venv-calleu2dlw7f/string_args.txt /tmp/venv-calleu2dlw7f/termination.log
[2024-05-01T19:02:05.836+0000] {process_utils.py:186} INFO - Output:
[2024-05-01T19:02:06.761+0000] {python.py:202} INFO - Done. Returned value was: {'status': 'success', 'data_path': '/storage/acquire/.csv'}
[2024-05-01T19:02:06.795+0000] {taskinstance.py:1149} INFO - Marking task as SUCCESS. dag_id=homework2_data_pipeline_demo, task_id=data_acquisition, execution_date=20240430T205551, start_date=20240501T190150, end_date=20240501T190206
[2024-05-01T19:02:06.858+0000] {local_task_job_runner.py:234} INFO - Task exited with return code 0
[2024-05-01T19:02:06.895+0000] {taskinstance.py:3312} INFO - 1 downstream tasks scheduled from follow-on schedule check
