[2024-04-30T20:55:54.989+0000] {taskinstance.py:1979} INFO - Dependencies all met for dep_context=non-requeueable deps ti=<TaskInstance: homework2_data_pipeline_demo.data_acquisition manual__2024-04-30T20:55:51.830154+00:00 [queued]>
[2024-04-30T20:55:55.002+0000] {taskinstance.py:1979} INFO - Dependencies all met for dep_context=requeueable deps ti=<TaskInstance: homework2_data_pipeline_demo.data_acquisition manual__2024-04-30T20:55:51.830154+00:00 [queued]>
[2024-04-30T20:55:55.003+0000] {taskinstance.py:2193} INFO - Starting attempt 1 of 1
[2024-04-30T20:55:55.022+0000] {taskinstance.py:2217} INFO - Executing <Task(_PythonVirtualenvDecoratedOperator): data_acquisition> on 2024-04-30 20:55:51.830154+00:00
[2024-04-30T20:55:55.030+0000] {standard_task_runner.py:60} INFO - Started process 6207 to run task
[2024-04-30T20:55:55.035+0000] {standard_task_runner.py:87} INFO - Running: ['***', 'tasks', 'run', 'homework2_data_pipeline_demo', 'data_acquisition', 'manual__2024-04-30T20:55:51.830154+00:00', '--job-id', '56', '--raw', '--subdir', 'DAGS_FOLDER/pipeline.py', '--cfg-path', '/tmp/tmpcl0p5m55']
[2024-04-30T20:55:55.037+0000] {standard_task_runner.py:88} INFO - Job 56: Subtask data_acquisition
[2024-04-30T20:55:55.109+0000] {task_command.py:423} INFO - Running <TaskInstance: homework2_data_pipeline_demo.data_acquisition manual__2024-04-30T20:55:51.830154+00:00 [running]> on host f153e58ecd1c
[2024-04-30T20:55:55.225+0000] {taskinstance.py:2513} INFO - Exporting env vars: AIRFLOW_CTX_DAG_OWNER='***' AIRFLOW_CTX_DAG_ID='homework2_data_pipeline_demo' AIRFLOW_CTX_TASK_ID='data_acquisition' AIRFLOW_CTX_EXECUTION_DATE='2024-04-30T20:55:51.830154+00:00' AIRFLOW_CTX_TRY_NUMBER='1' AIRFLOW_CTX_DAG_RUN_ID='manual__2024-04-30T20:55:51.830154+00:00'
[2024-04-30T20:55:55.230+0000] {process_utils.py:182} INFO - Executing cmd: /usr/local/bin/python -m virtualenv /tmp/venv1ud_lu0w --python=python
[2024-04-30T20:55:55.251+0000] {process_utils.py:186} INFO - Output:
[2024-04-30T20:55:56.759+0000] {process_utils.py:190} INFO - created virtual environment CPython3.8.19.final.0-64 in 523ms
[2024-04-30T20:55:56.762+0000] {process_utils.py:190} INFO -   creator CPython3Posix(dest=/tmp/venv1ud_lu0w, clear=False, no_vcs_ignore=False, global=False)
[2024-04-30T20:55:56.763+0000] {process_utils.py:190} INFO -   seeder FromAppData(download=False, pip=bundle, setuptools=bundle, wheel=bundle, via=copy, app_data_dir=/home/***/.local/share/virtualenv)
[2024-04-30T20:55:56.764+0000] {process_utils.py:190} INFO -     added seed packages: pip==24.0, setuptools==69.2.0, wheel==0.43.0
[2024-04-30T20:55:56.765+0000] {process_utils.py:190} INFO -   activators BashActivator,CShellActivator,FishActivator,NushellActivator,PowerShellActivator,PythonActivator
[2024-04-30T20:55:56.876+0000] {process_utils.py:182} INFO - Executing cmd: /tmp/venv1ud_lu0w/bin/pip install -r /tmp/venv1ud_lu0w/requirements.txt
[2024-04-30T20:55:56.900+0000] {process_utils.py:186} INFO - Output:
[2024-04-30T20:55:59.219+0000] {process_utils.py:190} INFO - Collecting dill (from -r /tmp/venv1ud_lu0w/requirements.txt (line 1))
[2024-04-30T20:55:59.225+0000] {process_utils.py:190} INFO -   Using cached dill-0.3.8-py3-none-any.whl.metadata (10 kB)
[2024-04-30T20:55:59.296+0000] {process_utils.py:190} INFO - Collecting funcsigs (from -r /tmp/venv1ud_lu0w/requirements.txt (line 2))
[2024-04-30T20:55:59.301+0000] {process_utils.py:190} INFO -   Using cached funcsigs-1.0.2-py2.py3-none-any.whl.metadata (14 kB)
[2024-04-30T20:55:59.832+0000] {process_utils.py:190} INFO - Collecting pandas (from -r /tmp/venv1ud_lu0w/requirements.txt (line 3))
[2024-04-30T20:55:59.836+0000] {process_utils.py:190} INFO -   Using cached pandas-2.0.3-cp38-cp38-manylinux_2_17_x86_64.manylinux2014_x86_64.whl.metadata (18 kB)
[2024-04-30T20:56:00.152+0000] {process_utils.py:190} INFO - Collecting python-dateutil>=2.8.2 (from pandas->-r /tmp/venv1ud_lu0w/requirements.txt (line 3))
[2024-04-30T20:56:00.156+0000] {process_utils.py:190} INFO -   Using cached python_dateutil-2.9.0.post0-py2.py3-none-any.whl.metadata (8.4 kB)
[2024-04-30T20:56:00.325+0000] {process_utils.py:190} INFO - Collecting pytz>=2020.1 (from pandas->-r /tmp/venv1ud_lu0w/requirements.txt (line 3))
[2024-04-30T20:56:00.329+0000] {process_utils.py:190} INFO -   Using cached pytz-2024.1-py2.py3-none-any.whl.metadata (22 kB)
[2024-04-30T20:56:00.384+0000] {process_utils.py:190} INFO - Collecting tzdata>=2022.1 (from pandas->-r /tmp/venv1ud_lu0w/requirements.txt (line 3))
[2024-04-30T20:56:00.389+0000] {process_utils.py:190} INFO -   Using cached tzdata-2024.1-py2.py3-none-any.whl.metadata (1.4 kB)
[2024-04-30T20:56:01.040+0000] {process_utils.py:190} INFO - Collecting numpy>=1.20.3 (from pandas->-r /tmp/venv1ud_lu0w/requirements.txt (line 3))
[2024-04-30T20:56:01.045+0000] {process_utils.py:190} INFO -   Using cached numpy-1.24.4-cp38-cp38-manylinux_2_17_x86_64.manylinux2014_x86_64.whl.metadata (5.6 kB)
[2024-04-30T20:56:01.117+0000] {process_utils.py:190} INFO - Collecting six>=1.5 (from python-dateutil>=2.8.2->pandas->-r /tmp/venv1ud_lu0w/requirements.txt (line 3))
[2024-04-30T20:56:01.121+0000] {process_utils.py:190} INFO -   Using cached six-1.16.0-py2.py3-none-any.whl.metadata (1.8 kB)
[2024-04-30T20:56:01.145+0000] {process_utils.py:190} INFO - Using cached dill-0.3.8-py3-none-any.whl (116 kB)
[2024-04-30T20:56:01.150+0000] {process_utils.py:190} INFO - Using cached funcsigs-1.0.2-py2.py3-none-any.whl (17 kB)
[2024-04-30T20:56:01.155+0000] {process_utils.py:190} INFO - Using cached pandas-2.0.3-cp38-cp38-manylinux_2_17_x86_64.manylinux2014_x86_64.whl (12.4 MB)
[2024-04-30T20:56:01.267+0000] {process_utils.py:190} INFO - Using cached numpy-1.24.4-cp38-cp38-manylinux_2_17_x86_64.manylinux2014_x86_64.whl (17.3 MB)
[2024-04-30T20:56:01.510+0000] {process_utils.py:190} INFO - Using cached python_dateutil-2.9.0.post0-py2.py3-none-any.whl (229 kB)
[2024-04-30T20:56:01.516+0000] {process_utils.py:190} INFO - Using cached pytz-2024.1-py2.py3-none-any.whl (505 kB)
[2024-04-30T20:56:01.529+0000] {process_utils.py:190} INFO - Using cached tzdata-2024.1-py2.py3-none-any.whl (345 kB)
[2024-04-30T20:56:01.541+0000] {process_utils.py:190} INFO - Using cached six-1.16.0-py2.py3-none-any.whl (11 kB)
[2024-04-30T20:56:02.211+0000] {process_utils.py:190} INFO - Installing collected packages: pytz, funcsigs, tzdata, six, numpy, dill, python-dateutil, pandas
[2024-04-30T20:56:13.982+0000] {process_utils.py:190} INFO - Successfully installed dill-0.3.8 funcsigs-1.0.2 numpy-1.24.4 pandas-2.0.3 python-dateutil-2.9.0.post0 pytz-2024.1 six-1.16.0 tzdata-2024.1
[2024-04-30T20:56:14.571+0000] {process_utils.py:182} INFO - Executing cmd: /tmp/venv1ud_lu0w/bin/python /tmp/venv-callefv28bwq/script.py /tmp/venv-callefv28bwq/script.in /tmp/venv-callefv28bwq/script.out /tmp/venv-callefv28bwq/string_args.txt /tmp/venv-callefv28bwq/termination.log
[2024-04-30T20:56:14.588+0000] {process_utils.py:186} INFO - Output:
[2024-04-30T20:56:15.785+0000] {python.py:202} INFO - Done. Returned value was: {'status': 'success', 'data_path': '/storage/acquire/Metro_zori_uc_sfrcondomfr_sm_month.csv'}
[2024-04-30T20:56:15.835+0000] {taskinstance.py:1149} INFO - Marking task as SUCCESS. dag_id=homework2_data_pipeline_demo, task_id=data_acquisition, execution_date=20240430T205551, start_date=20240430T205554, end_date=20240430T205615
[2024-04-30T20:56:15.926+0000] {local_task_job_runner.py:234} INFO - Task exited with return code 0
[2024-04-30T20:56:15.960+0000] {taskinstance.py:3312} INFO - 0 downstream tasks scheduled from follow-on schedule check
