[2024-05-01T07:42:20.638+0000] {taskinstance.py:1979} INFO - Dependencies all met for dep_context=non-requeueable deps ti=<TaskInstance: homework2_data_pipeline_demo.data_acquisition manual__2024-04-30T20:55:51.830154+00:00 [queued]>
[2024-05-01T07:42:20.649+0000] {taskinstance.py:1979} INFO - Dependencies all met for dep_context=requeueable deps ti=<TaskInstance: homework2_data_pipeline_demo.data_acquisition manual__2024-04-30T20:55:51.830154+00:00 [queued]>
[2024-05-01T07:42:20.650+0000] {taskinstance.py:2193} INFO - Starting attempt 10 of 10
[2024-05-01T07:42:20.668+0000] {taskinstance.py:2217} INFO - Executing <Task(_PythonVirtualenvDecoratedOperator): data_acquisition> on 2024-04-30 20:55:51.830154+00:00
[2024-05-01T07:42:20.675+0000] {standard_task_runner.py:60} INFO - Started process 9159 to run task
[2024-05-01T07:42:20.679+0000] {standard_task_runner.py:87} INFO - Running: ['***', 'tasks', 'run', 'homework2_data_pipeline_demo', 'data_acquisition', 'manual__2024-04-30T20:55:51.830154+00:00', '--job-id', '114', '--raw', '--subdir', 'DAGS_FOLDER/pipeline.py', '--cfg-path', '/tmp/tmpacdvfgzs']
[2024-05-01T07:42:20.681+0000] {standard_task_runner.py:88} INFO - Job 114: Subtask data_acquisition
[2024-05-01T07:42:20.746+0000] {task_command.py:423} INFO - Running <TaskInstance: homework2_data_pipeline_demo.data_acquisition manual__2024-04-30T20:55:51.830154+00:00 [running]> on host f153e58ecd1c
[2024-05-01T07:42:20.847+0000] {taskinstance.py:2513} INFO - Exporting env vars: AIRFLOW_CTX_DAG_OWNER='***' AIRFLOW_CTX_DAG_ID='homework2_data_pipeline_demo' AIRFLOW_CTX_TASK_ID='data_acquisition' AIRFLOW_CTX_EXECUTION_DATE='2024-04-30T20:55:51.830154+00:00' AIRFLOW_CTX_TRY_NUMBER='10' AIRFLOW_CTX_DAG_RUN_ID='manual__2024-04-30T20:55:51.830154+00:00'
[2024-05-01T07:42:20.850+0000] {process_utils.py:182} INFO - Executing cmd: /usr/local/bin/python -m virtualenv /tmp/venvnew8d1yu --python=python
[2024-05-01T07:42:20.862+0000] {process_utils.py:186} INFO - Output:
[2024-05-01T07:42:21.878+0000] {process_utils.py:190} INFO - created virtual environment CPython3.8.19.final.0-64 in 410ms
[2024-05-01T07:42:21.879+0000] {process_utils.py:190} INFO -   creator CPython3Posix(dest=/tmp/venvnew8d1yu, clear=False, no_vcs_ignore=False, global=False)
[2024-05-01T07:42:21.880+0000] {process_utils.py:190} INFO -   seeder FromAppData(download=False, pip=bundle, setuptools=bundle, wheel=bundle, via=copy, app_data_dir=/home/***/.local/share/virtualenv)
[2024-05-01T07:42:21.881+0000] {process_utils.py:190} INFO -     added seed packages: pip==24.0, setuptools==69.2.0, wheel==0.43.0
[2024-05-01T07:42:21.881+0000] {process_utils.py:190} INFO -   activators BashActivator,CShellActivator,FishActivator,NushellActivator,PowerShellActivator,PythonActivator
[2024-05-01T07:42:21.927+0000] {process_utils.py:182} INFO - Executing cmd: /tmp/venvnew8d1yu/bin/pip install -r /tmp/venvnew8d1yu/requirements.txt
[2024-05-01T07:42:21.938+0000] {process_utils.py:186} INFO - Output:
[2024-05-01T07:42:23.476+0000] {process_utils.py:190} INFO - Collecting dill (from -r /tmp/venvnew8d1yu/requirements.txt (line 1))
[2024-05-01T07:42:23.480+0000] {process_utils.py:190} INFO -   Using cached dill-0.3.8-py3-none-any.whl.metadata (10 kB)
[2024-05-01T07:42:23.513+0000] {process_utils.py:190} INFO - Collecting funcsigs (from -r /tmp/venvnew8d1yu/requirements.txt (line 2))
[2024-05-01T07:42:23.516+0000] {process_utils.py:190} INFO -   Using cached funcsigs-1.0.2-py2.py3-none-any.whl.metadata (14 kB)
[2024-05-01T07:42:23.850+0000] {process_utils.py:190} INFO - Collecting pandas (from -r /tmp/venvnew8d1yu/requirements.txt (line 3))
[2024-05-01T07:42:23.854+0000] {process_utils.py:190} INFO -   Using cached pandas-2.0.3-cp38-cp38-manylinux_2_17_x86_64.manylinux2014_x86_64.whl.metadata (18 kB)
[2024-05-01T07:42:24.062+0000] {process_utils.py:190} INFO - Collecting python-dateutil>=2.8.2 (from pandas->-r /tmp/venvnew8d1yu/requirements.txt (line 3))
[2024-05-01T07:42:24.065+0000] {process_utils.py:190} INFO -   Using cached python_dateutil-2.9.0.post0-py2.py3-none-any.whl.metadata (8.4 kB)
[2024-05-01T07:42:24.205+0000] {process_utils.py:190} INFO - Collecting pytz>=2020.1 (from pandas->-r /tmp/venvnew8d1yu/requirements.txt (line 3))
[2024-05-01T07:42:24.208+0000] {process_utils.py:190} INFO -   Using cached pytz-2024.1-py2.py3-none-any.whl.metadata (22 kB)
[2024-05-01T07:42:24.259+0000] {process_utils.py:190} INFO - Collecting tzdata>=2022.1 (from pandas->-r /tmp/venvnew8d1yu/requirements.txt (line 3))
[2024-05-01T07:42:24.264+0000] {process_utils.py:190} INFO -   Using cached tzdata-2024.1-py2.py3-none-any.whl.metadata (1.4 kB)
[2024-05-01T07:42:24.833+0000] {process_utils.py:190} INFO - Collecting numpy>=1.20.3 (from pandas->-r /tmp/venvnew8d1yu/requirements.txt (line 3))
[2024-05-01T07:42:24.836+0000] {process_utils.py:190} INFO -   Using cached numpy-1.24.4-cp38-cp38-manylinux_2_17_x86_64.manylinux2014_x86_64.whl.metadata (5.6 kB)
[2024-05-01T07:42:24.888+0000] {process_utils.py:190} INFO - Collecting six>=1.5 (from python-dateutil>=2.8.2->pandas->-r /tmp/venvnew8d1yu/requirements.txt (line 3))
[2024-05-01T07:42:24.891+0000] {process_utils.py:190} INFO -   Using cached six-1.16.0-py2.py3-none-any.whl.metadata (1.8 kB)
[2024-05-01T07:42:24.907+0000] {process_utils.py:190} INFO - Using cached dill-0.3.8-py3-none-any.whl (116 kB)
[2024-05-01T07:42:24.911+0000] {process_utils.py:190} INFO - Using cached funcsigs-1.0.2-py2.py3-none-any.whl (17 kB)
[2024-05-01T07:42:24.914+0000] {process_utils.py:190} INFO - Using cached pandas-2.0.3-cp38-cp38-manylinux_2_17_x86_64.manylinux2014_x86_64.whl (12.4 MB)
[2024-05-01T07:42:24.962+0000] {process_utils.py:190} INFO - Using cached numpy-1.24.4-cp38-cp38-manylinux_2_17_x86_64.manylinux2014_x86_64.whl (17.3 MB)
[2024-05-01T07:42:25.050+0000] {process_utils.py:190} INFO - Using cached python_dateutil-2.9.0.post0-py2.py3-none-any.whl (229 kB)
[2024-05-01T07:42:25.055+0000] {process_utils.py:190} INFO - Using cached pytz-2024.1-py2.py3-none-any.whl (505 kB)
[2024-05-01T07:42:25.062+0000] {process_utils.py:190} INFO - Using cached tzdata-2024.1-py2.py3-none-any.whl (345 kB)
[2024-05-01T07:42:25.071+0000] {process_utils.py:190} INFO - Using cached six-1.16.0-py2.py3-none-any.whl (11 kB)
[2024-05-01T07:42:25.624+0000] {process_utils.py:190} INFO - Installing collected packages: pytz, funcsigs, tzdata, six, numpy, dill, python-dateutil, pandas
[2024-05-01T07:42:35.238+0000] {process_utils.py:190} INFO - Successfully installed dill-0.3.8 funcsigs-1.0.2 numpy-1.24.4 pandas-2.0.3 python-dateutil-2.9.0.post0 pytz-2024.1 six-1.16.0 tzdata-2024.1
[2024-05-01T07:42:35.666+0000] {process_utils.py:182} INFO - Executing cmd: /tmp/venvnew8d1yu/bin/python /tmp/venv-callmqqyjcei/script.py /tmp/venv-callmqqyjcei/script.in /tmp/venv-callmqqyjcei/script.out /tmp/venv-callmqqyjcei/string_args.txt /tmp/venv-callmqqyjcei/termination.log
[2024-05-01T07:42:35.678+0000] {process_utils.py:186} INFO - Output:
[2024-05-01T07:42:36.708+0000] {python.py:202} INFO - Done. Returned value was: {'status': 'success', 'data_path': '/storage/acquire/.csv'}
[2024-05-01T07:42:36.742+0000] {taskinstance.py:1149} INFO - Marking task as SUCCESS. dag_id=homework2_data_pipeline_demo, task_id=data_acquisition, execution_date=20240430T205551, start_date=20240501T074220, end_date=20240501T074236
[2024-05-01T07:42:36.775+0000] {local_task_job_runner.py:234} INFO - Task exited with return code 0
[2024-05-01T07:42:36.809+0000] {taskinstance.py:3312} INFO - 1 downstream tasks scheduled from follow-on schedule check
