[2024-05-15T08:33:32.039+0000] {taskinstance.py:1979} INFO - Dependencies all met for dep_context=non-requeueable deps ti=<TaskInstance: homework2_data_pipeline_demo.data_acquisition manual__2024-04-30T20:55:51.830154+00:00 [queued]>
[2024-05-15T08:33:32.050+0000] {taskinstance.py:1979} INFO - Dependencies all met for dep_context=requeueable deps ti=<TaskInstance: homework2_data_pipeline_demo.data_acquisition manual__2024-04-30T20:55:51.830154+00:00 [queued]>
[2024-05-15T08:33:32.051+0000] {taskinstance.py:2193} INFO - Starting attempt 28 of 28
[2024-05-15T08:33:32.070+0000] {taskinstance.py:2217} INFO - Executing <Task(_PythonVirtualenvDecoratedOperator): data_acquisition> on 2024-04-30 20:55:51.830154+00:00
[2024-05-15T08:33:32.076+0000] {standard_task_runner.py:60} INFO - Started process 106 to run task
[2024-05-15T08:33:32.081+0000] {standard_task_runner.py:87} INFO - Running: ['***', 'tasks', 'run', 'homework2_data_pipeline_demo', 'data_acquisition', 'manual__2024-04-30T20:55:51.830154+00:00', '--job-id', '173', '--raw', '--subdir', 'DAGS_FOLDER/pipeline.py', '--cfg-path', '/tmp/tmpy8yrspf_']
[2024-05-15T08:33:32.083+0000] {standard_task_runner.py:88} INFO - Job 173: Subtask data_acquisition
[2024-05-15T08:33:32.147+0000] {task_command.py:423} INFO - Running <TaskInstance: homework2_data_pipeline_demo.data_acquisition manual__2024-04-30T20:55:51.830154+00:00 [running]> on host f153e58ecd1c
[2024-05-15T08:33:32.249+0000] {taskinstance.py:2513} INFO - Exporting env vars: AIRFLOW_CTX_DAG_OWNER='***' AIRFLOW_CTX_DAG_ID='homework2_data_pipeline_demo' AIRFLOW_CTX_TASK_ID='data_acquisition' AIRFLOW_CTX_EXECUTION_DATE='2024-04-30T20:55:51.830154+00:00' AIRFLOW_CTX_TRY_NUMBER='28' AIRFLOW_CTX_DAG_RUN_ID='manual__2024-04-30T20:55:51.830154+00:00'
[2024-05-15T08:33:32.254+0000] {process_utils.py:182} INFO - Executing cmd: /usr/local/bin/python -m virtualenv /tmp/venvnms211sg --python=python
[2024-05-15T08:33:32.264+0000] {process_utils.py:186} INFO - Output:
[2024-05-15T08:33:33.641+0000] {process_utils.py:190} INFO - created virtual environment CPython3.8.19.final.0-64 in 685ms
[2024-05-15T08:33:33.642+0000] {process_utils.py:190} INFO -   creator CPython3Posix(dest=/tmp/venvnms211sg, clear=False, no_vcs_ignore=False, global=False)
[2024-05-15T08:33:33.642+0000] {process_utils.py:190} INFO -   seeder FromAppData(download=False, pip=bundle, setuptools=bundle, wheel=bundle, via=copy, app_data_dir=/home/***/.local/share/virtualenv)
[2024-05-15T08:33:33.643+0000] {process_utils.py:190} INFO -     added seed packages: pip==24.0, setuptools==69.5.1, wheel==0.43.0
[2024-05-15T08:33:33.644+0000] {process_utils.py:190} INFO -   activators BashActivator,CShellActivator,FishActivator,NushellActivator,PowerShellActivator,PythonActivator
[2024-05-15T08:33:33.684+0000] {process_utils.py:182} INFO - Executing cmd: /tmp/venvnms211sg/bin/pip install -r /tmp/venvnms211sg/requirements.txt
[2024-05-15T08:33:33.695+0000] {process_utils.py:186} INFO - Output:
[2024-05-15T08:33:35.215+0000] {process_utils.py:190} INFO - Collecting dill (from -r /tmp/venvnms211sg/requirements.txt (line 1))
[2024-05-15T08:33:35.219+0000] {process_utils.py:190} INFO -   Using cached dill-0.3.8-py3-none-any.whl.metadata (10 kB)
[2024-05-15T08:33:35.252+0000] {process_utils.py:190} INFO - Collecting funcsigs (from -r /tmp/venvnms211sg/requirements.txt (line 2))
[2024-05-15T08:33:35.256+0000] {process_utils.py:190} INFO -   Using cached funcsigs-1.0.2-py2.py3-none-any.whl.metadata (14 kB)
[2024-05-15T08:33:35.582+0000] {process_utils.py:190} INFO - Collecting pandas (from -r /tmp/venvnms211sg/requirements.txt (line 3))
[2024-05-15T08:33:35.585+0000] {process_utils.py:190} INFO -   Using cached pandas-2.0.3-cp38-cp38-manylinux_2_17_x86_64.manylinux2014_x86_64.whl.metadata (18 kB)
[2024-05-15T08:33:35.793+0000] {process_utils.py:190} INFO - Collecting python-dateutil>=2.8.2 (from pandas->-r /tmp/venvnms211sg/requirements.txt (line 3))
[2024-05-15T08:33:35.797+0000] {process_utils.py:190} INFO -   Using cached python_dateutil-2.9.0.post0-py2.py3-none-any.whl.metadata (8.4 kB)
[2024-05-15T08:33:35.921+0000] {process_utils.py:190} INFO - Collecting pytz>=2020.1 (from pandas->-r /tmp/venvnms211sg/requirements.txt (line 3))
[2024-05-15T08:33:35.926+0000] {process_utils.py:190} INFO -   Using cached pytz-2024.1-py2.py3-none-any.whl.metadata (22 kB)
[2024-05-15T08:33:35.974+0000] {process_utils.py:190} INFO - Collecting tzdata>=2022.1 (from pandas->-r /tmp/venvnms211sg/requirements.txt (line 3))
[2024-05-15T08:33:35.979+0000] {process_utils.py:190} INFO -   Using cached tzdata-2024.1-py2.py3-none-any.whl.metadata (1.4 kB)
[2024-05-15T08:33:36.447+0000] {process_utils.py:190} INFO - Collecting numpy>=1.20.3 (from pandas->-r /tmp/venvnms211sg/requirements.txt (line 3))
[2024-05-15T08:33:36.451+0000] {process_utils.py:190} INFO -   Using cached numpy-1.24.4-cp38-cp38-manylinux_2_17_x86_64.manylinux2014_x86_64.whl.metadata (5.6 kB)
[2024-05-15T08:33:36.512+0000] {process_utils.py:190} INFO - Collecting six>=1.5 (from python-dateutil>=2.8.2->pandas->-r /tmp/venvnms211sg/requirements.txt (line 3))
[2024-05-15T08:33:36.516+0000] {process_utils.py:190} INFO -   Using cached six-1.16.0-py2.py3-none-any.whl.metadata (1.8 kB)
[2024-05-15T08:33:36.534+0000] {process_utils.py:190} INFO - Using cached dill-0.3.8-py3-none-any.whl (116 kB)
[2024-05-15T08:33:36.541+0000] {process_utils.py:190} INFO - Using cached funcsigs-1.0.2-py2.py3-none-any.whl (17 kB)
[2024-05-15T08:33:36.544+0000] {process_utils.py:190} INFO - Using cached pandas-2.0.3-cp38-cp38-manylinux_2_17_x86_64.manylinux2014_x86_64.whl (12.4 MB)
[2024-05-15T08:33:36.765+0000] {process_utils.py:190} INFO - Using cached numpy-1.24.4-cp38-cp38-manylinux_2_17_x86_64.manylinux2014_x86_64.whl (17.3 MB)
[2024-05-15T08:33:37.300+0000] {process_utils.py:190} INFO - Using cached python_dateutil-2.9.0.post0-py2.py3-none-any.whl (229 kB)
[2024-05-15T08:33:37.310+0000] {process_utils.py:190} INFO - Using cached pytz-2024.1-py2.py3-none-any.whl (505 kB)
[2024-05-15T08:33:37.327+0000] {process_utils.py:190} INFO - Using cached tzdata-2024.1-py2.py3-none-any.whl (345 kB)
[2024-05-15T08:33:37.338+0000] {process_utils.py:190} INFO - Using cached six-1.16.0-py2.py3-none-any.whl (11 kB)
[2024-05-15T08:33:37.907+0000] {process_utils.py:190} INFO - Installing collected packages: pytz, funcsigs, tzdata, six, numpy, dill, python-dateutil, pandas
[2024-05-15T08:33:47.958+0000] {process_utils.py:190} INFO - Successfully installed dill-0.3.8 funcsigs-1.0.2 numpy-1.24.4 pandas-2.0.3 python-dateutil-2.9.0.post0 pytz-2024.1 six-1.16.0 tzdata-2024.1
[2024-05-15T08:33:48.374+0000] {process_utils.py:182} INFO - Executing cmd: /tmp/venvnms211sg/bin/python /tmp/venv-calldaozwvt_/script.py /tmp/venv-calldaozwvt_/script.in /tmp/venv-calldaozwvt_/script.out /tmp/venv-calldaozwvt_/string_args.txt /tmp/venv-calldaozwvt_/termination.log
[2024-05-15T08:33:48.385+0000] {process_utils.py:186} INFO - Output:
[2024-05-15T08:33:49.411+0000] {python.py:202} INFO - Done. Returned value was: {'status': 'success', 'data_path': '/storage/acquire/Metro_zori_uc_sfrcondomfr_sm_month.csv'}
[2024-05-15T08:33:49.447+0000] {taskinstance.py:1149} INFO - Marking task as SUCCESS. dag_id=homework2_data_pipeline_demo, task_id=data_acquisition, execution_date=20240430T205551, start_date=20240515T083332, end_date=20240515T083349
[2024-05-15T08:33:49.488+0000] {local_task_job_runner.py:234} INFO - Task exited with return code 0
[2024-05-15T08:33:49.522+0000] {taskinstance.py:3312} INFO - 1 downstream tasks scheduled from follow-on schedule check
