[2024-05-15T07:25:16.619+0000] {taskinstance.py:1979} INFO - Dependencies all met for dep_context=non-requeueable deps ti=<TaskInstance: homework2_data_pipeline_demo.data_acquisition manual__2024-04-30T20:55:51.830154+00:00 [queued]>
[2024-05-15T07:25:16.630+0000] {taskinstance.py:1979} INFO - Dependencies all met for dep_context=requeueable deps ti=<TaskInstance: homework2_data_pipeline_demo.data_acquisition manual__2024-04-30T20:55:51.830154+00:00 [queued]>
[2024-05-15T07:25:16.631+0000] {taskinstance.py:2193} INFO - Starting attempt 24 of 24
[2024-05-15T07:25:16.648+0000] {taskinstance.py:2217} INFO - Executing <Task(_PythonVirtualenvDecoratedOperator): data_acquisition> on 2024-04-30 20:55:51.830154+00:00
[2024-05-15T07:25:16.654+0000] {standard_task_runner.py:60} INFO - Started process 300 to run task
[2024-05-15T07:25:16.658+0000] {standard_task_runner.py:87} INFO - Running: ['***', 'tasks', 'run', 'homework2_data_pipeline_demo', 'data_acquisition', 'manual__2024-04-30T20:55:51.830154+00:00', '--job-id', '156', '--raw', '--subdir', 'DAGS_FOLDER/pipeline.py', '--cfg-path', '/tmp/tmpi77c7g40']
[2024-05-15T07:25:16.660+0000] {standard_task_runner.py:88} INFO - Job 156: Subtask data_acquisition
[2024-05-15T07:25:16.721+0000] {task_command.py:423} INFO - Running <TaskInstance: homework2_data_pipeline_demo.data_acquisition manual__2024-04-30T20:55:51.830154+00:00 [running]> on host f153e58ecd1c
[2024-05-15T07:25:16.817+0000] {taskinstance.py:2513} INFO - Exporting env vars: AIRFLOW_CTX_DAG_OWNER='***' AIRFLOW_CTX_DAG_ID='homework2_data_pipeline_demo' AIRFLOW_CTX_TASK_ID='data_acquisition' AIRFLOW_CTX_EXECUTION_DATE='2024-04-30T20:55:51.830154+00:00' AIRFLOW_CTX_TRY_NUMBER='24' AIRFLOW_CTX_DAG_RUN_ID='manual__2024-04-30T20:55:51.830154+00:00'
[2024-05-15T07:25:16.820+0000] {process_utils.py:182} INFO - Executing cmd: /usr/local/bin/python -m virtualenv /tmp/venvzh7r1f7y --python=python
[2024-05-15T07:25:16.832+0000] {process_utils.py:186} INFO - Output:
[2024-05-15T07:25:17.859+0000] {process_utils.py:190} INFO - created virtual environment CPython3.8.19.final.0-64 in 422ms
[2024-05-15T07:25:17.860+0000] {process_utils.py:190} INFO -   creator CPython3Posix(dest=/tmp/venvzh7r1f7y, clear=False, no_vcs_ignore=False, global=False)
[2024-05-15T07:25:17.860+0000] {process_utils.py:190} INFO -   seeder FromAppData(download=False, pip=bundle, setuptools=bundle, wheel=bundle, via=copy, app_data_dir=/home/***/.local/share/virtualenv)
[2024-05-15T07:25:17.861+0000] {process_utils.py:190} INFO -     added seed packages: pip==24.0, setuptools==69.5.1, wheel==0.43.0
[2024-05-15T07:25:17.862+0000] {process_utils.py:190} INFO -   activators BashActivator,CShellActivator,FishActivator,NushellActivator,PowerShellActivator,PythonActivator
[2024-05-15T07:25:17.908+0000] {process_utils.py:182} INFO - Executing cmd: /tmp/venvzh7r1f7y/bin/pip install -r /tmp/venvzh7r1f7y/requirements.txt
[2024-05-15T07:25:17.918+0000] {process_utils.py:186} INFO - Output:
[2024-05-15T07:25:19.398+0000] {process_utils.py:190} INFO - Collecting dill (from -r /tmp/venvzh7r1f7y/requirements.txt (line 1))
[2024-05-15T07:25:19.402+0000] {process_utils.py:190} INFO -   Using cached dill-0.3.8-py3-none-any.whl.metadata (10 kB)
[2024-05-15T07:25:19.441+0000] {process_utils.py:190} INFO - Collecting funcsigs (from -r /tmp/venvzh7r1f7y/requirements.txt (line 2))
[2024-05-15T07:25:19.445+0000] {process_utils.py:190} INFO -   Using cached funcsigs-1.0.2-py2.py3-none-any.whl.metadata (14 kB)
[2024-05-15T07:25:19.777+0000] {process_utils.py:190} INFO - Collecting pandas (from -r /tmp/venvzh7r1f7y/requirements.txt (line 3))
[2024-05-15T07:25:19.780+0000] {process_utils.py:190} INFO -   Using cached pandas-2.0.3-cp38-cp38-manylinux_2_17_x86_64.manylinux2014_x86_64.whl.metadata (18 kB)
[2024-05-15T07:25:20.029+0000] {process_utils.py:190} INFO - Collecting python-dateutil>=2.8.2 (from pandas->-r /tmp/venvzh7r1f7y/requirements.txt (line 3))
[2024-05-15T07:25:20.032+0000] {process_utils.py:190} INFO -   Using cached python_dateutil-2.9.0.post0-py2.py3-none-any.whl.metadata (8.4 kB)
[2024-05-15T07:25:20.177+0000] {process_utils.py:190} INFO - Collecting pytz>=2020.1 (from pandas->-r /tmp/venvzh7r1f7y/requirements.txt (line 3))
[2024-05-15T07:25:20.181+0000] {process_utils.py:190} INFO -   Using cached pytz-2024.1-py2.py3-none-any.whl.metadata (22 kB)
[2024-05-15T07:25:20.241+0000] {process_utils.py:190} INFO - Collecting tzdata>=2022.1 (from pandas->-r /tmp/venvzh7r1f7y/requirements.txt (line 3))
[2024-05-15T07:25:20.245+0000] {process_utils.py:190} INFO -   Using cached tzdata-2024.1-py2.py3-none-any.whl.metadata (1.4 kB)
[2024-05-15T07:25:20.721+0000] {process_utils.py:190} INFO - Collecting numpy>=1.20.3 (from pandas->-r /tmp/venvzh7r1f7y/requirements.txt (line 3))
[2024-05-15T07:25:20.724+0000] {process_utils.py:190} INFO -   Using cached numpy-1.24.4-cp38-cp38-manylinux_2_17_x86_64.manylinux2014_x86_64.whl.metadata (5.6 kB)
[2024-05-15T07:25:20.775+0000] {process_utils.py:190} INFO - Collecting six>=1.5 (from python-dateutil>=2.8.2->pandas->-r /tmp/venvzh7r1f7y/requirements.txt (line 3))
[2024-05-15T07:25:20.779+0000] {process_utils.py:190} INFO -   Using cached six-1.16.0-py2.py3-none-any.whl.metadata (1.8 kB)
[2024-05-15T07:25:20.794+0000] {process_utils.py:190} INFO - Using cached dill-0.3.8-py3-none-any.whl (116 kB)
[2024-05-15T07:25:20.797+0000] {process_utils.py:190} INFO - Using cached funcsigs-1.0.2-py2.py3-none-any.whl (17 kB)
[2024-05-15T07:25:20.800+0000] {process_utils.py:190} INFO - Using cached pandas-2.0.3-cp38-cp38-manylinux_2_17_x86_64.manylinux2014_x86_64.whl (12.4 MB)
[2024-05-15T07:25:20.838+0000] {process_utils.py:190} INFO - Using cached numpy-1.24.4-cp38-cp38-manylinux_2_17_x86_64.manylinux2014_x86_64.whl (17.3 MB)
[2024-05-15T07:25:20.892+0000] {process_utils.py:190} INFO - Using cached python_dateutil-2.9.0.post0-py2.py3-none-any.whl (229 kB)
[2024-05-15T07:25:20.896+0000] {process_utils.py:190} INFO - Using cached pytz-2024.1-py2.py3-none-any.whl (505 kB)
[2024-05-15T07:25:20.900+0000] {process_utils.py:190} INFO - Using cached tzdata-2024.1-py2.py3-none-any.whl (345 kB)
[2024-05-15T07:25:20.905+0000] {process_utils.py:190} INFO - Using cached six-1.16.0-py2.py3-none-any.whl (11 kB)
[2024-05-15T07:25:21.398+0000] {process_utils.py:190} INFO - Installing collected packages: pytz, funcsigs, tzdata, six, numpy, dill, python-dateutil, pandas
[2024-05-15T07:25:30.404+0000] {process_utils.py:190} INFO - Successfully installed dill-0.3.8 funcsigs-1.0.2 numpy-1.24.4 pandas-2.0.3 python-dateutil-2.9.0.post0 pytz-2024.1 six-1.16.0 tzdata-2024.1
[2024-05-15T07:25:30.784+0000] {process_utils.py:182} INFO - Executing cmd: /tmp/venvzh7r1f7y/bin/python /tmp/venv-call_jnk7vum/script.py /tmp/venv-call_jnk7vum/script.in /tmp/venv-call_jnk7vum/script.out /tmp/venv-call_jnk7vum/string_args.txt /tmp/venv-call_jnk7vum/termination.log
[2024-05-15T07:25:30.796+0000] {process_utils.py:186} INFO - Output:
[2024-05-15T07:25:31.734+0000] {python.py:202} INFO - Done. Returned value was: {'status': 'success', 'data_path': '/storage/acquire/Metro_zori_uc_sfrcondomfr_sm_month.csv'}
[2024-05-15T07:25:31.768+0000] {taskinstance.py:1149} INFO - Marking task as SUCCESS. dag_id=homework2_data_pipeline_demo, task_id=data_acquisition, execution_date=20240430T205551, start_date=20240515T072516, end_date=20240515T072531
[2024-05-15T07:25:31.813+0000] {local_task_job_runner.py:234} INFO - Task exited with return code 0
[2024-05-15T07:25:31.845+0000] {taskinstance.py:3312} INFO - 1 downstream tasks scheduled from follow-on schedule check
