[2024-05-15T08:39:55.401+0000] {taskinstance.py:1979} INFO - Dependencies all met for dep_context=non-requeueable deps ti=<TaskInstance: homework2_data_pipeline_demo.data_acquisition manual__2024-04-30T20:55:51.830154+00:00 [queued]>
[2024-05-15T08:39:55.412+0000] {taskinstance.py:1979} INFO - Dependencies all met for dep_context=requeueable deps ti=<TaskInstance: homework2_data_pipeline_demo.data_acquisition manual__2024-04-30T20:55:51.830154+00:00 [queued]>
[2024-05-15T08:39:55.413+0000] {taskinstance.py:2193} INFO - Starting attempt 30 of 30
[2024-05-15T08:39:55.432+0000] {taskinstance.py:2217} INFO - Executing <Task(_PythonVirtualenvDecoratedOperator): data_acquisition> on 2024-04-30 20:55:51.830154+00:00
[2024-05-15T08:39:55.438+0000] {standard_task_runner.py:60} INFO - Started process 301 to run task
[2024-05-15T08:39:55.442+0000] {standard_task_runner.py:87} INFO - Running: ['***', 'tasks', 'run', 'homework2_data_pipeline_demo', 'data_acquisition', 'manual__2024-04-30T20:55:51.830154+00:00', '--job-id', '180', '--raw', '--subdir', 'DAGS_FOLDER/pipeline.py', '--cfg-path', '/tmp/tmpszsxjy16']
[2024-05-15T08:39:55.444+0000] {standard_task_runner.py:88} INFO - Job 180: Subtask data_acquisition
[2024-05-15T08:39:55.506+0000] {task_command.py:423} INFO - Running <TaskInstance: homework2_data_pipeline_demo.data_acquisition manual__2024-04-30T20:55:51.830154+00:00 [running]> on host f153e58ecd1c
[2024-05-15T08:39:55.603+0000] {taskinstance.py:2513} INFO - Exporting env vars: AIRFLOW_CTX_DAG_OWNER='***' AIRFLOW_CTX_DAG_ID='homework2_data_pipeline_demo' AIRFLOW_CTX_TASK_ID='data_acquisition' AIRFLOW_CTX_EXECUTION_DATE='2024-04-30T20:55:51.830154+00:00' AIRFLOW_CTX_TRY_NUMBER='30' AIRFLOW_CTX_DAG_RUN_ID='manual__2024-04-30T20:55:51.830154+00:00'
[2024-05-15T08:39:55.607+0000] {process_utils.py:182} INFO - Executing cmd: /usr/local/bin/python -m virtualenv /tmp/venviuehq52m --python=python
[2024-05-15T08:39:55.618+0000] {process_utils.py:186} INFO - Output:
[2024-05-15T08:39:56.643+0000] {process_utils.py:190} INFO - created virtual environment CPython3.8.19.final.0-64 in 432ms
[2024-05-15T08:39:56.647+0000] {process_utils.py:190} INFO -   creator CPython3Posix(dest=/tmp/venviuehq52m, clear=False, no_vcs_ignore=False, global=False)
[2024-05-15T08:39:56.650+0000] {process_utils.py:190} INFO -   seeder FromAppData(download=False, pip=bundle, setuptools=bundle, wheel=bundle, via=copy, app_data_dir=/home/***/.local/share/virtualenv)
[2024-05-15T08:39:56.653+0000] {process_utils.py:190} INFO -     added seed packages: pip==24.0, setuptools==69.5.1, wheel==0.43.0
[2024-05-15T08:39:56.654+0000] {process_utils.py:190} INFO -   activators BashActivator,CShellActivator,FishActivator,NushellActivator,PowerShellActivator,PythonActivator
[2024-05-15T08:39:56.716+0000] {process_utils.py:182} INFO - Executing cmd: /tmp/venviuehq52m/bin/pip install -r /tmp/venviuehq52m/requirements.txt
[2024-05-15T08:39:56.726+0000] {process_utils.py:186} INFO - Output:
[2024-05-15T08:39:58.159+0000] {process_utils.py:190} INFO - Collecting dill (from -r /tmp/venviuehq52m/requirements.txt (line 1))
[2024-05-15T08:39:58.162+0000] {process_utils.py:190} INFO -   Using cached dill-0.3.8-py3-none-any.whl.metadata (10 kB)
[2024-05-15T08:39:58.197+0000] {process_utils.py:190} INFO - Collecting funcsigs (from -r /tmp/venviuehq52m/requirements.txt (line 2))
[2024-05-15T08:39:58.200+0000] {process_utils.py:190} INFO -   Using cached funcsigs-1.0.2-py2.py3-none-any.whl.metadata (14 kB)
[2024-05-15T08:39:58.508+0000] {process_utils.py:190} INFO - Collecting pandas (from -r /tmp/venviuehq52m/requirements.txt (line 3))
[2024-05-15T08:39:58.511+0000] {process_utils.py:190} INFO -   Using cached pandas-2.0.3-cp38-cp38-manylinux_2_17_x86_64.manylinux2014_x86_64.whl.metadata (18 kB)
[2024-05-15T08:39:58.724+0000] {process_utils.py:190} INFO - Collecting python-dateutil>=2.8.2 (from pandas->-r /tmp/venviuehq52m/requirements.txt (line 3))
[2024-05-15T08:39:58.728+0000] {process_utils.py:190} INFO -   Using cached python_dateutil-2.9.0.post0-py2.py3-none-any.whl.metadata (8.4 kB)
[2024-05-15T08:39:58.856+0000] {process_utils.py:190} INFO - Collecting pytz>=2020.1 (from pandas->-r /tmp/venviuehq52m/requirements.txt (line 3))
[2024-05-15T08:39:58.859+0000] {process_utils.py:190} INFO -   Using cached pytz-2024.1-py2.py3-none-any.whl.metadata (22 kB)
[2024-05-15T08:39:58.907+0000] {process_utils.py:190} INFO - Collecting tzdata>=2022.1 (from pandas->-r /tmp/venviuehq52m/requirements.txt (line 3))
[2024-05-15T08:39:58.911+0000] {process_utils.py:190} INFO -   Using cached tzdata-2024.1-py2.py3-none-any.whl.metadata (1.4 kB)
[2024-05-15T08:39:59.419+0000] {process_utils.py:190} INFO - Collecting numpy>=1.20.3 (from pandas->-r /tmp/venviuehq52m/requirements.txt (line 3))
[2024-05-15T08:39:59.423+0000] {process_utils.py:190} INFO -   Using cached numpy-1.24.4-cp38-cp38-manylinux_2_17_x86_64.manylinux2014_x86_64.whl.metadata (5.6 kB)
[2024-05-15T08:39:59.479+0000] {process_utils.py:190} INFO - Collecting six>=1.5 (from python-dateutil>=2.8.2->pandas->-r /tmp/venviuehq52m/requirements.txt (line 3))
[2024-05-15T08:39:59.482+0000] {process_utils.py:190} INFO -   Using cached six-1.16.0-py2.py3-none-any.whl.metadata (1.8 kB)
[2024-05-15T08:39:59.497+0000] {process_utils.py:190} INFO - Using cached dill-0.3.8-py3-none-any.whl (116 kB)
[2024-05-15T08:39:59.500+0000] {process_utils.py:190} INFO - Using cached funcsigs-1.0.2-py2.py3-none-any.whl (17 kB)
[2024-05-15T08:39:59.503+0000] {process_utils.py:190} INFO - Using cached pandas-2.0.3-cp38-cp38-manylinux_2_17_x86_64.manylinux2014_x86_64.whl (12.4 MB)
[2024-05-15T08:39:59.561+0000] {process_utils.py:190} INFO - Using cached numpy-1.24.4-cp38-cp38-manylinux_2_17_x86_64.manylinux2014_x86_64.whl (17.3 MB)
[2024-05-15T08:39:59.659+0000] {process_utils.py:190} INFO - Using cached python_dateutil-2.9.0.post0-py2.py3-none-any.whl (229 kB)
[2024-05-15T08:39:59.663+0000] {process_utils.py:190} INFO - Using cached pytz-2024.1-py2.py3-none-any.whl (505 kB)
[2024-05-15T08:39:59.668+0000] {process_utils.py:190} INFO - Using cached tzdata-2024.1-py2.py3-none-any.whl (345 kB)
[2024-05-15T08:39:59.672+0000] {process_utils.py:190} INFO - Using cached six-1.16.0-py2.py3-none-any.whl (11 kB)
[2024-05-15T08:40:00.130+0000] {process_utils.py:190} INFO - Installing collected packages: pytz, funcsigs, tzdata, six, numpy, dill, python-dateutil, pandas
[2024-05-15T08:40:08.722+0000] {process_utils.py:190} INFO - Successfully installed dill-0.3.8 funcsigs-1.0.2 numpy-1.24.4 pandas-2.0.3 python-dateutil-2.9.0.post0 pytz-2024.1 six-1.16.0 tzdata-2024.1
[2024-05-15T08:40:09.120+0000] {process_utils.py:182} INFO - Executing cmd: /tmp/venviuehq52m/bin/python /tmp/venv-callim491qqr/script.py /tmp/venv-callim491qqr/script.in /tmp/venv-callim491qqr/script.out /tmp/venv-callim491qqr/string_args.txt /tmp/venv-callim491qqr/termination.log
[2024-05-15T08:40:09.133+0000] {process_utils.py:186} INFO - Output:
[2024-05-15T08:40:10.093+0000] {python.py:202} INFO - Done. Returned value was: {'status': 'success', 'data_path': '/storage/acquire/Metro_zori_uc_sfrcondomfr_sm_month.csv'}
[2024-05-15T08:40:10.127+0000] {taskinstance.py:1149} INFO - Marking task as SUCCESS. dag_id=homework2_data_pipeline_demo, task_id=data_acquisition, execution_date=20240430T205551, start_date=20240515T083955, end_date=20240515T084010
[2024-05-15T08:40:10.150+0000] {local_task_job_runner.py:234} INFO - Task exited with return code 0
[2024-05-15T08:40:10.183+0000] {taskinstance.py:3312} INFO - 1 downstream tasks scheduled from follow-on schedule check
