[2024-04-30T20:54:34.317+0000] {taskinstance.py:1979} INFO - Dependencies all met for dep_context=non-requeueable deps ti=<TaskInstance: homework2_data_pipeline_demo.data_acquisition__1 manual__2024-04-30T20:54:31.302295+00:00 [queued]>
[2024-04-30T20:54:34.329+0000] {taskinstance.py:1979} INFO - Dependencies all met for dep_context=requeueable deps ti=<TaskInstance: homework2_data_pipeline_demo.data_acquisition__1 manual__2024-04-30T20:54:31.302295+00:00 [queued]>
[2024-04-30T20:54:34.330+0000] {taskinstance.py:2193} INFO - Starting attempt 1 of 1
[2024-04-30T20:54:34.353+0000] {taskinstance.py:2217} INFO - Executing <Task(_PythonVirtualenvDecoratedOperator): data_acquisition__1> on 2024-04-30 20:54:31.302295+00:00
[2024-04-30T20:54:34.360+0000] {standard_task_runner.py:60} INFO - Started process 5960 to run task
[2024-04-30T20:54:34.365+0000] {standard_task_runner.py:87} INFO - Running: ['***', 'tasks', 'run', 'homework2_data_pipeline_demo', 'data_acquisition__1', 'manual__2024-04-30T20:54:31.302295+00:00', '--job-id', '49', '--raw', '--subdir', 'DAGS_FOLDER/pipeline.py', '--cfg-path', '/tmp/tmp9tzr12z7']
[2024-04-30T20:54:34.368+0000] {standard_task_runner.py:88} INFO - Job 49: Subtask data_acquisition__1
[2024-04-30T20:54:34.457+0000] {task_command.py:423} INFO - Running <TaskInstance: homework2_data_pipeline_demo.data_acquisition__1 manual__2024-04-30T20:54:31.302295+00:00 [running]> on host f153e58ecd1c
[2024-04-30T20:54:34.575+0000] {taskinstance.py:2513} INFO - Exporting env vars: AIRFLOW_CTX_DAG_OWNER='***' AIRFLOW_CTX_DAG_ID='homework2_data_pipeline_demo' AIRFLOW_CTX_TASK_ID='data_acquisition__1' AIRFLOW_CTX_EXECUTION_DATE='2024-04-30T20:54:31.302295+00:00' AIRFLOW_CTX_TRY_NUMBER='1' AIRFLOW_CTX_DAG_RUN_ID='manual__2024-04-30T20:54:31.302295+00:00'
[2024-04-30T20:54:34.580+0000] {process_utils.py:182} INFO - Executing cmd: /usr/local/bin/python -m virtualenv /tmp/venvw_rq8xvm --python=python
[2024-04-30T20:54:34.598+0000] {process_utils.py:186} INFO - Output:
[2024-04-30T20:54:35.674+0000] {process_utils.py:190} INFO - created virtual environment CPython3.8.19.final.0-64 in 426ms
[2024-04-30T20:54:35.675+0000] {process_utils.py:190} INFO -   creator CPython3Posix(dest=/tmp/venvw_rq8xvm, clear=False, no_vcs_ignore=False, global=False)
[2024-04-30T20:54:35.676+0000] {process_utils.py:190} INFO -   seeder FromAppData(download=False, pip=bundle, setuptools=bundle, wheel=bundle, via=copy, app_data_dir=/home/***/.local/share/virtualenv)
[2024-04-30T20:54:35.677+0000] {process_utils.py:190} INFO -     added seed packages: pip==24.0, setuptools==69.2.0, wheel==0.43.0
[2024-04-30T20:54:35.677+0000] {process_utils.py:190} INFO -   activators BashActivator,CShellActivator,FishActivator,NushellActivator,PowerShellActivator,PythonActivator
[2024-04-30T20:54:35.744+0000] {process_utils.py:182} INFO - Executing cmd: /tmp/venvw_rq8xvm/bin/pip install -r /tmp/venvw_rq8xvm/requirements.txt
[2024-04-30T20:54:35.758+0000] {process_utils.py:186} INFO - Output:
[2024-04-30T20:54:37.479+0000] {process_utils.py:190} INFO - Collecting dill (from -r /tmp/venvw_rq8xvm/requirements.txt (line 1))
[2024-04-30T20:54:37.483+0000] {process_utils.py:190} INFO -   Using cached dill-0.3.8-py3-none-any.whl.metadata (10 kB)
[2024-04-30T20:54:37.512+0000] {process_utils.py:190} INFO - Collecting funcsigs (from -r /tmp/venvw_rq8xvm/requirements.txt (line 2))
[2024-04-30T20:54:37.516+0000] {process_utils.py:190} INFO -   Using cached funcsigs-1.0.2-py2.py3-none-any.whl.metadata (14 kB)
[2024-04-30T20:54:37.821+0000] {process_utils.py:190} INFO - Collecting pandas (from -r /tmp/venvw_rq8xvm/requirements.txt (line 3))
[2024-04-30T20:54:37.825+0000] {process_utils.py:190} INFO -   Using cached pandas-2.0.3-cp38-cp38-manylinux_2_17_x86_64.manylinux2014_x86_64.whl.metadata (18 kB)
[2024-04-30T20:54:38.069+0000] {process_utils.py:190} INFO - Collecting python-dateutil>=2.8.2 (from pandas->-r /tmp/venvw_rq8xvm/requirements.txt (line 3))
[2024-04-30T20:54:38.072+0000] {process_utils.py:190} INFO -   Using cached python_dateutil-2.9.0.post0-py2.py3-none-any.whl.metadata (8.4 kB)
[2024-04-30T20:54:38.209+0000] {process_utils.py:190} INFO - Collecting pytz>=2020.1 (from pandas->-r /tmp/venvw_rq8xvm/requirements.txt (line 3))
[2024-04-30T20:54:38.213+0000] {process_utils.py:190} INFO -   Using cached pytz-2024.1-py2.py3-none-any.whl.metadata (22 kB)
[2024-04-30T20:54:38.262+0000] {process_utils.py:190} INFO - Collecting tzdata>=2022.1 (from pandas->-r /tmp/venvw_rq8xvm/requirements.txt (line 3))
[2024-04-30T20:54:38.267+0000] {process_utils.py:190} INFO -   Using cached tzdata-2024.1-py2.py3-none-any.whl.metadata (1.4 kB)
[2024-04-30T20:54:38.739+0000] {process_utils.py:190} INFO - Collecting numpy>=1.20.3 (from pandas->-r /tmp/venvw_rq8xvm/requirements.txt (line 3))
[2024-04-30T20:54:38.742+0000] {process_utils.py:190} INFO -   Using cached numpy-1.24.4-cp38-cp38-manylinux_2_17_x86_64.manylinux2014_x86_64.whl.metadata (5.6 kB)
[2024-04-30T20:54:38.788+0000] {process_utils.py:190} INFO - Collecting six>=1.5 (from python-dateutil>=2.8.2->pandas->-r /tmp/venvw_rq8xvm/requirements.txt (line 3))
[2024-04-30T20:54:38.791+0000] {process_utils.py:190} INFO -   Using cached six-1.16.0-py2.py3-none-any.whl.metadata (1.8 kB)
[2024-04-30T20:54:38.806+0000] {process_utils.py:190} INFO - Using cached dill-0.3.8-py3-none-any.whl (116 kB)
[2024-04-30T20:54:38.809+0000] {process_utils.py:190} INFO - Using cached funcsigs-1.0.2-py2.py3-none-any.whl (17 kB)
[2024-04-30T20:54:38.812+0000] {process_utils.py:190} INFO - Using cached pandas-2.0.3-cp38-cp38-manylinux_2_17_x86_64.manylinux2014_x86_64.whl (12.4 MB)
[2024-04-30T20:54:38.851+0000] {process_utils.py:190} INFO - Using cached numpy-1.24.4-cp38-cp38-manylinux_2_17_x86_64.manylinux2014_x86_64.whl (17.3 MB)
[2024-04-30T20:54:38.923+0000] {process_utils.py:190} INFO - Using cached python_dateutil-2.9.0.post0-py2.py3-none-any.whl (229 kB)
[2024-04-30T20:54:38.926+0000] {process_utils.py:190} INFO - Using cached pytz-2024.1-py2.py3-none-any.whl (505 kB)
[2024-04-30T20:54:38.930+0000] {process_utils.py:190} INFO - Using cached tzdata-2024.1-py2.py3-none-any.whl (345 kB)
[2024-04-30T20:54:38.934+0000] {process_utils.py:190} INFO - Using cached six-1.16.0-py2.py3-none-any.whl (11 kB)
[2024-04-30T20:54:39.424+0000] {process_utils.py:190} INFO - Installing collected packages: pytz, funcsigs, tzdata, six, numpy, dill, python-dateutil, pandas
[2024-04-30T20:54:52.736+0000] {process_utils.py:190} INFO - Successfully installed dill-0.3.8 funcsigs-1.0.2 numpy-1.24.4 pandas-2.0.3 python-dateutil-2.9.0.post0 pytz-2024.1 six-1.16.0 tzdata-2024.1
[2024-04-30T20:54:53.679+0000] {process_utils.py:182} INFO - Executing cmd: /tmp/venvw_rq8xvm/bin/python /tmp/venv-callilgt2c22/script.py /tmp/venv-callilgt2c22/script.in /tmp/venv-callilgt2c22/script.out /tmp/venv-callilgt2c22/string_args.txt /tmp/venv-callilgt2c22/termination.log
[2024-04-30T20:54:53.740+0000] {process_utils.py:186} INFO - Output:
[2024-04-30T20:54:55.360+0000] {python.py:202} INFO - Done. Returned value was: {'status': 'success', 'data_path': '/storage/acquire/Metro_zori_uc_sfrcondomfr_sm_month.csv'}
[2024-04-30T20:54:55.410+0000] {taskinstance.py:1149} INFO - Marking task as SUCCESS. dag_id=homework2_data_pipeline_demo, task_id=data_acquisition__1, execution_date=20240430T205431, start_date=20240430T205434, end_date=20240430T205455
[2024-04-30T20:54:55.472+0000] {local_task_job_runner.py:234} INFO - Task exited with return code 0
[2024-04-30T20:54:55.525+0000] {taskinstance.py:3312} INFO - 1 downstream tasks scheduled from follow-on schedule check
