[2024-04-30T21:10:04.008+0000] {taskinstance.py:1979} INFO - Dependencies all met for dep_context=non-requeueable deps ti=<TaskInstance: homework2_data_pipeline_demo.data_acquisition__1 manual__2024-04-30T20:55:43.518367+00:00 [queued]>
[2024-04-30T21:10:04.028+0000] {taskinstance.py:1979} INFO - Dependencies all met for dep_context=requeueable deps ti=<TaskInstance: homework2_data_pipeline_demo.data_acquisition__1 manual__2024-04-30T20:55:43.518367+00:00 [queued]>
[2024-04-30T21:10:04.029+0000] {taskinstance.py:2193} INFO - Starting attempt 6 of 6
[2024-04-30T21:10:04.074+0000] {taskinstance.py:2217} INFO - Executing <Task(_PythonVirtualenvDecoratedOperator): data_acquisition__1> on 2024-04-30 20:55:43.518367+00:00
[2024-04-30T21:10:04.088+0000] {standard_task_runner.py:60} INFO - Started process 6899 to run task
[2024-04-30T21:10:04.094+0000] {standard_task_runner.py:87} INFO - Running: ['***', 'tasks', 'run', 'homework2_data_pipeline_demo', 'data_acquisition__1', 'manual__2024-04-30T20:55:43.518367+00:00', '--job-id', '77', '--raw', '--subdir', 'DAGS_FOLDER/pipeline.py', '--cfg-path', '/tmp/tmpna0mhf_z']
[2024-04-30T21:10:04.097+0000] {standard_task_runner.py:88} INFO - Job 77: Subtask data_acquisition__1
[2024-04-30T21:10:04.208+0000] {task_command.py:423} INFO - Running <TaskInstance: homework2_data_pipeline_demo.data_acquisition__1 manual__2024-04-30T20:55:43.518367+00:00 [running]> on host f153e58ecd1c
[2024-04-30T21:10:04.389+0000] {taskinstance.py:2513} INFO - Exporting env vars: AIRFLOW_CTX_DAG_OWNER='***' AIRFLOW_CTX_DAG_ID='homework2_data_pipeline_demo' AIRFLOW_CTX_TASK_ID='data_acquisition__1' AIRFLOW_CTX_EXECUTION_DATE='2024-04-30T20:55:43.518367+00:00' AIRFLOW_CTX_TRY_NUMBER='6' AIRFLOW_CTX_DAG_RUN_ID='manual__2024-04-30T20:55:43.518367+00:00'
[2024-04-30T21:10:04.393+0000] {process_utils.py:182} INFO - Executing cmd: /usr/local/bin/python -m virtualenv /tmp/venvy0c51fu_ --python=python
[2024-04-30T21:10:04.424+0000] {process_utils.py:186} INFO - Output:
[2024-04-30T21:10:06.879+0000] {process_utils.py:190} INFO - created virtual environment CPython3.8.19.final.0-64 in 997ms
[2024-04-30T21:10:06.887+0000] {process_utils.py:190} INFO -   creator CPython3Posix(dest=/tmp/venvy0c51fu_, clear=False, no_vcs_ignore=False, global=False)
[2024-04-30T21:10:06.889+0000] {process_utils.py:190} INFO -   seeder FromAppData(download=False, pip=bundle, setuptools=bundle, wheel=bundle, via=copy, app_data_dir=/home/***/.local/share/virtualenv)
[2024-04-30T21:10:06.903+0000] {process_utils.py:190} INFO -     added seed packages: pip==24.0, setuptools==69.2.0, wheel==0.43.0
[2024-04-30T21:10:06.906+0000] {process_utils.py:190} INFO -   activators BashActivator,CShellActivator,FishActivator,NushellActivator,PowerShellActivator,PythonActivator
[2024-04-30T21:10:07.141+0000] {process_utils.py:182} INFO - Executing cmd: /tmp/venvy0c51fu_/bin/pip install -r /tmp/venvy0c51fu_/requirements.txt
[2024-04-30T21:10:07.173+0000] {process_utils.py:186} INFO - Output:
[2024-04-30T21:10:11.480+0000] {process_utils.py:190} INFO - Collecting dill (from -r /tmp/venvy0c51fu_/requirements.txt (line 1))
[2024-04-30T21:10:11.487+0000] {process_utils.py:190} INFO -   Using cached dill-0.3.8-py3-none-any.whl.metadata (10 kB)
[2024-04-30T21:10:11.555+0000] {process_utils.py:190} INFO - Collecting funcsigs (from -r /tmp/venvy0c51fu_/requirements.txt (line 2))
[2024-04-30T21:10:11.562+0000] {process_utils.py:190} INFO -   Using cached funcsigs-1.0.2-py2.py3-none-any.whl.metadata (14 kB)
[2024-04-30T21:10:12.162+0000] {process_utils.py:190} INFO - Collecting pandas (from -r /tmp/venvy0c51fu_/requirements.txt (line 3))
[2024-04-30T21:10:12.172+0000] {process_utils.py:190} INFO -   Using cached pandas-2.0.3-cp38-cp38-manylinux_2_17_x86_64.manylinux2014_x86_64.whl.metadata (18 kB)
[2024-04-30T21:10:12.623+0000] {process_utils.py:190} INFO - Collecting python-dateutil>=2.8.2 (from pandas->-r /tmp/venvy0c51fu_/requirements.txt (line 3))
[2024-04-30T21:10:12.627+0000] {process_utils.py:190} INFO -   Using cached python_dateutil-2.9.0.post0-py2.py3-none-any.whl.metadata (8.4 kB)
[2024-04-30T21:10:12.826+0000] {process_utils.py:190} INFO - Collecting pytz>=2020.1 (from pandas->-r /tmp/venvy0c51fu_/requirements.txt (line 3))
[2024-04-30T21:10:12.838+0000] {process_utils.py:190} INFO -   Using cached pytz-2024.1-py2.py3-none-any.whl.metadata (22 kB)
[2024-04-30T21:10:12.932+0000] {process_utils.py:190} INFO - Collecting tzdata>=2022.1 (from pandas->-r /tmp/venvy0c51fu_/requirements.txt (line 3))
[2024-04-30T21:10:12.939+0000] {process_utils.py:190} INFO -   Using cached tzdata-2024.1-py2.py3-none-any.whl.metadata (1.4 kB)
[2024-04-30T21:10:13.683+0000] {process_utils.py:190} INFO - Collecting numpy>=1.20.3 (from pandas->-r /tmp/venvy0c51fu_/requirements.txt (line 3))
[2024-04-30T21:10:13.692+0000] {process_utils.py:190} INFO -   Using cached numpy-1.24.4-cp38-cp38-manylinux_2_17_x86_64.manylinux2014_x86_64.whl.metadata (5.6 kB)
[2024-04-30T21:10:13.796+0000] {process_utils.py:190} INFO - Collecting six>=1.5 (from python-dateutil>=2.8.2->pandas->-r /tmp/venvy0c51fu_/requirements.txt (line 3))
[2024-04-30T21:10:13.805+0000] {process_utils.py:190} INFO -   Using cached six-1.16.0-py2.py3-none-any.whl.metadata (1.8 kB)
[2024-04-30T21:10:13.837+0000] {process_utils.py:190} INFO - Using cached dill-0.3.8-py3-none-any.whl (116 kB)
[2024-04-30T21:10:13.844+0000] {process_utils.py:190} INFO - Using cached funcsigs-1.0.2-py2.py3-none-any.whl (17 kB)
[2024-04-30T21:10:13.853+0000] {process_utils.py:190} INFO - Using cached pandas-2.0.3-cp38-cp38-manylinux_2_17_x86_64.manylinux2014_x86_64.whl (12.4 MB)
[2024-04-30T21:10:13.914+0000] {process_utils.py:190} INFO - Using cached numpy-1.24.4-cp38-cp38-manylinux_2_17_x86_64.manylinux2014_x86_64.whl (17.3 MB)
[2024-04-30T21:10:14.007+0000] {process_utils.py:190} INFO - Using cached python_dateutil-2.9.0.post0-py2.py3-none-any.whl (229 kB)
[2024-04-30T21:10:14.012+0000] {process_utils.py:190} INFO - Using cached pytz-2024.1-py2.py3-none-any.whl (505 kB)
[2024-04-30T21:10:14.022+0000] {process_utils.py:190} INFO - Using cached tzdata-2024.1-py2.py3-none-any.whl (345 kB)
[2024-04-30T21:10:14.031+0000] {process_utils.py:190} INFO - Using cached six-1.16.0-py2.py3-none-any.whl (11 kB)
[2024-04-30T21:10:14.817+0000] {process_utils.py:190} INFO - Installing collected packages: pytz, funcsigs, tzdata, six, numpy, dill, python-dateutil, pandas
[2024-04-30T21:10:34.258+0000] {process_utils.py:190} INFO - Successfully installed dill-0.3.8 funcsigs-1.0.2 numpy-1.24.4 pandas-2.0.3 python-dateutil-2.9.0.post0 pytz-2024.1 six-1.16.0 tzdata-2024.1
[2024-04-30T21:10:35.136+0000] {process_utils.py:182} INFO - Executing cmd: /tmp/venvy0c51fu_/bin/python /tmp/venv-calls709qqdd/script.py /tmp/venv-calls709qqdd/script.in /tmp/venv-calls709qqdd/script.out /tmp/venv-calls709qqdd/string_args.txt /tmp/venv-calls709qqdd/termination.log
[2024-04-30T21:10:35.160+0000] {process_utils.py:186} INFO - Output:
[2024-04-30T21:10:37.222+0000] {python.py:202} INFO - Done. Returned value was: {'status': 'success', 'data_path': '/storage/acquire/Metro_zori_uc_sfrcondomfr_sm_month.csv'}
[2024-04-30T21:10:37.281+0000] {taskinstance.py:1149} INFO - Marking task as SUCCESS. dag_id=homework2_data_pipeline_demo, task_id=data_acquisition__1, execution_date=20240430T205543, start_date=20240430T211004, end_date=20240430T211037
[2024-04-30T21:10:37.367+0000] {local_task_job_runner.py:234} INFO - Task exited with return code 0
[2024-04-30T21:10:37.437+0000] {taskinstance.py:3312} INFO - 1 downstream tasks scheduled from follow-on schedule check
