[2024-04-30T21:05:30.896+0000] {taskinstance.py:1979} INFO - Dependencies all met for dep_context=non-requeueable deps ti=<TaskInstance: homework2_data_pipeline_demo.data_acquisition__1 manual__2024-04-30T20:55:43.518367+00:00 [queued]>
[2024-04-30T21:05:30.907+0000] {taskinstance.py:1979} INFO - Dependencies all met for dep_context=requeueable deps ti=<TaskInstance: homework2_data_pipeline_demo.data_acquisition__1 manual__2024-04-30T20:55:43.518367+00:00 [queued]>
[2024-04-30T21:05:30.908+0000] {taskinstance.py:2193} INFO - Starting attempt 4 of 4
[2024-04-30T21:05:30.926+0000] {taskinstance.py:2217} INFO - Executing <Task(_PythonVirtualenvDecoratedOperator): data_acquisition__1> on 2024-04-30 20:55:43.518367+00:00
[2024-04-30T21:05:30.934+0000] {standard_task_runner.py:60} INFO - Started process 6650 to run task
[2024-04-30T21:05:30.938+0000] {standard_task_runner.py:87} INFO - Running: ['***', 'tasks', 'run', 'homework2_data_pipeline_demo', 'data_acquisition__1', 'manual__2024-04-30T20:55:43.518367+00:00', '--job-id', '69', '--raw', '--subdir', 'DAGS_FOLDER/pipeline.py', '--cfg-path', '/tmp/tmp19ni2dst']
[2024-04-30T21:05:30.940+0000] {standard_task_runner.py:88} INFO - Job 69: Subtask data_acquisition__1
[2024-04-30T21:05:31.010+0000] {task_command.py:423} INFO - Running <TaskInstance: homework2_data_pipeline_demo.data_acquisition__1 manual__2024-04-30T20:55:43.518367+00:00 [running]> on host f153e58ecd1c
[2024-04-30T21:05:31.122+0000] {taskinstance.py:2513} INFO - Exporting env vars: AIRFLOW_CTX_DAG_OWNER='***' AIRFLOW_CTX_DAG_ID='homework2_data_pipeline_demo' AIRFLOW_CTX_TASK_ID='data_acquisition__1' AIRFLOW_CTX_EXECUTION_DATE='2024-04-30T20:55:43.518367+00:00' AIRFLOW_CTX_TRY_NUMBER='4' AIRFLOW_CTX_DAG_RUN_ID='manual__2024-04-30T20:55:43.518367+00:00'
[2024-04-30T21:05:31.126+0000] {process_utils.py:182} INFO - Executing cmd: /usr/local/bin/python -m virtualenv /tmp/venvytzlkh7i --python=python
[2024-04-30T21:05:31.140+0000] {process_utils.py:186} INFO - Output:
[2024-04-30T21:05:32.305+0000] {process_utils.py:190} INFO - created virtual environment CPython3.8.19.final.0-64 in 446ms
[2024-04-30T21:05:32.306+0000] {process_utils.py:190} INFO -   creator CPython3Posix(dest=/tmp/venvytzlkh7i, clear=False, no_vcs_ignore=False, global=False)
[2024-04-30T21:05:32.307+0000] {process_utils.py:190} INFO -   seeder FromAppData(download=False, pip=bundle, setuptools=bundle, wheel=bundle, via=copy, app_data_dir=/home/***/.local/share/virtualenv)
[2024-04-30T21:05:32.307+0000] {process_utils.py:190} INFO -     added seed packages: pip==24.0, setuptools==69.2.0, wheel==0.43.0
[2024-04-30T21:05:32.308+0000] {process_utils.py:190} INFO -   activators BashActivator,CShellActivator,FishActivator,NushellActivator,PowerShellActivator,PythonActivator
[2024-04-30T21:05:32.359+0000] {process_utils.py:182} INFO - Executing cmd: /tmp/venvytzlkh7i/bin/pip install -r /tmp/venvytzlkh7i/requirements.txt
[2024-04-30T21:05:32.372+0000] {process_utils.py:186} INFO - Output:
[2024-04-30T21:05:34.065+0000] {process_utils.py:190} INFO - Collecting dill (from -r /tmp/venvytzlkh7i/requirements.txt (line 1))
[2024-04-30T21:05:34.070+0000] {process_utils.py:190} INFO -   Using cached dill-0.3.8-py3-none-any.whl.metadata (10 kB)
[2024-04-30T21:05:34.116+0000] {process_utils.py:190} INFO - Collecting funcsigs (from -r /tmp/venvytzlkh7i/requirements.txt (line 2))
[2024-04-30T21:05:34.120+0000] {process_utils.py:190} INFO -   Using cached funcsigs-1.0.2-py2.py3-none-any.whl.metadata (14 kB)
[2024-04-30T21:05:34.525+0000] {process_utils.py:190} INFO - Collecting pandas (from -r /tmp/venvytzlkh7i/requirements.txt (line 3))
[2024-04-30T21:05:34.530+0000] {process_utils.py:190} INFO -   Using cached pandas-2.0.3-cp38-cp38-manylinux_2_17_x86_64.manylinux2014_x86_64.whl.metadata (18 kB)
[2024-04-30T21:05:34.779+0000] {process_utils.py:190} INFO - Collecting python-dateutil>=2.8.2 (from pandas->-r /tmp/venvytzlkh7i/requirements.txt (line 3))
[2024-04-30T21:05:34.782+0000] {process_utils.py:190} INFO -   Using cached python_dateutil-2.9.0.post0-py2.py3-none-any.whl.metadata (8.4 kB)
[2024-04-30T21:05:34.918+0000] {process_utils.py:190} INFO - Collecting pytz>=2020.1 (from pandas->-r /tmp/venvytzlkh7i/requirements.txt (line 3))
[2024-04-30T21:05:34.921+0000] {process_utils.py:190} INFO -   Using cached pytz-2024.1-py2.py3-none-any.whl.metadata (22 kB)
[2024-04-30T21:05:34.972+0000] {process_utils.py:190} INFO - Collecting tzdata>=2022.1 (from pandas->-r /tmp/venvytzlkh7i/requirements.txt (line 3))
[2024-04-30T21:05:34.976+0000] {process_utils.py:190} INFO -   Using cached tzdata-2024.1-py2.py3-none-any.whl.metadata (1.4 kB)
[2024-04-30T21:05:35.505+0000] {process_utils.py:190} INFO - Collecting numpy>=1.20.3 (from pandas->-r /tmp/venvytzlkh7i/requirements.txt (line 3))
[2024-04-30T21:05:35.509+0000] {process_utils.py:190} INFO -   Using cached numpy-1.24.4-cp38-cp38-manylinux_2_17_x86_64.manylinux2014_x86_64.whl.metadata (5.6 kB)
[2024-04-30T21:05:35.560+0000] {process_utils.py:190} INFO - Collecting six>=1.5 (from python-dateutil>=2.8.2->pandas->-r /tmp/venvytzlkh7i/requirements.txt (line 3))
[2024-04-30T21:05:35.564+0000] {process_utils.py:190} INFO -   Using cached six-1.16.0-py2.py3-none-any.whl.metadata (1.8 kB)
[2024-04-30T21:05:35.581+0000] {process_utils.py:190} INFO - Using cached dill-0.3.8-py3-none-any.whl (116 kB)
[2024-04-30T21:05:35.585+0000] {process_utils.py:190} INFO - Using cached funcsigs-1.0.2-py2.py3-none-any.whl (17 kB)
[2024-04-30T21:05:35.588+0000] {process_utils.py:190} INFO - Using cached pandas-2.0.3-cp38-cp38-manylinux_2_17_x86_64.manylinux2014_x86_64.whl (12.4 MB)
[2024-04-30T21:05:35.627+0000] {process_utils.py:190} INFO - Using cached numpy-1.24.4-cp38-cp38-manylinux_2_17_x86_64.manylinux2014_x86_64.whl (17.3 MB)
[2024-04-30T21:05:35.685+0000] {process_utils.py:190} INFO - Using cached python_dateutil-2.9.0.post0-py2.py3-none-any.whl (229 kB)
[2024-04-30T21:05:35.691+0000] {process_utils.py:190} INFO - Using cached pytz-2024.1-py2.py3-none-any.whl (505 kB)
[2024-04-30T21:05:35.696+0000] {process_utils.py:190} INFO - Using cached tzdata-2024.1-py2.py3-none-any.whl (345 kB)
[2024-04-30T21:05:35.700+0000] {process_utils.py:190} INFO - Using cached six-1.16.0-py2.py3-none-any.whl (11 kB)
[2024-04-30T21:05:36.203+0000] {process_utils.py:190} INFO - Installing collected packages: pytz, funcsigs, tzdata, six, numpy, dill, python-dateutil, pandas
[2024-04-30T21:05:45.626+0000] {process_utils.py:190} INFO - Successfully installed dill-0.3.8 funcsigs-1.0.2 numpy-1.24.4 pandas-2.0.3 python-dateutil-2.9.0.post0 pytz-2024.1 six-1.16.0 tzdata-2024.1
[2024-04-30T21:05:46.072+0000] {process_utils.py:182} INFO - Executing cmd: /tmp/venvytzlkh7i/bin/python /tmp/venv-call0l3il3un/script.py /tmp/venv-call0l3il3un/script.in /tmp/venv-call0l3il3un/script.out /tmp/venv-call0l3il3un/string_args.txt /tmp/venv-call0l3il3un/termination.log
[2024-04-30T21:05:46.085+0000] {process_utils.py:186} INFO - Output:
[2024-04-30T21:05:47.117+0000] {python.py:202} INFO - Done. Returned value was: {'status': 'success', 'data_path': '/storage/acquire/Metro_zori_uc_sfrcondomfr_sm_month.csv'}
[2024-04-30T21:05:47.152+0000] {taskinstance.py:1149} INFO - Marking task as SUCCESS. dag_id=homework2_data_pipeline_demo, task_id=data_acquisition__1, execution_date=20240430T205543, start_date=20240430T210530, end_date=20240430T210547
[2024-04-30T21:05:47.186+0000] {local_task_job_runner.py:234} INFO - Task exited with return code 0
[2024-04-30T21:05:47.221+0000] {taskinstance.py:3312} INFO - 1 downstream tasks scheduled from follow-on schedule check
