[2024-04-30T20:52:35.267+0000] {taskinstance.py:1979} INFO - Dependencies all met for dep_context=non-requeueable deps ti=<TaskInstance: homework2_data_pipeline_demo.data_acquisition manual__2024-04-30T20:30:41.382358+00:00 [queued]>
[2024-04-30T20:52:35.282+0000] {taskinstance.py:1979} INFO - Dependencies all met for dep_context=requeueable deps ti=<TaskInstance: homework2_data_pipeline_demo.data_acquisition manual__2024-04-30T20:30:41.382358+00:00 [queued]>
[2024-04-30T20:52:35.283+0000] {taskinstance.py:2193} INFO - Starting attempt 8 of 8
[2024-04-30T20:52:35.303+0000] {taskinstance.py:2217} INFO - Executing <Task(_PythonVirtualenvDecoratedOperator): data_acquisition> on 2024-04-30 20:30:41.382358+00:00
[2024-04-30T20:52:35.313+0000] {standard_task_runner.py:60} INFO - Started process 5845 to run task
[2024-04-30T20:52:35.324+0000] {standard_task_runner.py:87} INFO - Running: ['***', 'tasks', 'run', 'homework2_data_pipeline_demo', 'data_acquisition', 'manual__2024-04-30T20:30:41.382358+00:00', '--job-id', '44', '--raw', '--subdir', 'DAGS_FOLDER/pipeline.py', '--cfg-path', '/tmp/tmpsnjrmsls']
[2024-04-30T20:52:35.327+0000] {standard_task_runner.py:88} INFO - Job 44: Subtask data_acquisition
[2024-04-30T20:52:35.412+0000] {task_command.py:423} INFO - Running <TaskInstance: homework2_data_pipeline_demo.data_acquisition manual__2024-04-30T20:30:41.382358+00:00 [running]> on host f153e58ecd1c
[2024-04-30T20:52:35.521+0000] {taskinstance.py:2513} INFO - Exporting env vars: AIRFLOW_CTX_DAG_OWNER='***' AIRFLOW_CTX_DAG_ID='homework2_data_pipeline_demo' AIRFLOW_CTX_TASK_ID='data_acquisition' AIRFLOW_CTX_EXECUTION_DATE='2024-04-30T20:30:41.382358+00:00' AIRFLOW_CTX_TRY_NUMBER='8' AIRFLOW_CTX_DAG_RUN_ID='manual__2024-04-30T20:30:41.382358+00:00'
[2024-04-30T20:52:35.525+0000] {process_utils.py:182} INFO - Executing cmd: /usr/local/bin/python -m virtualenv /tmp/venv17aivsbu --python=python
[2024-04-30T20:52:35.540+0000] {process_utils.py:186} INFO - Output:
[2024-04-30T20:52:36.782+0000] {process_utils.py:190} INFO - created virtual environment CPython3.8.19.final.0-64 in 493ms
[2024-04-30T20:52:36.783+0000] {process_utils.py:190} INFO -   creator CPython3Posix(dest=/tmp/venv17aivsbu, clear=False, no_vcs_ignore=False, global=False)
[2024-04-30T20:52:36.784+0000] {process_utils.py:190} INFO -   seeder FromAppData(download=False, pip=bundle, setuptools=bundle, wheel=bundle, via=copy, app_data_dir=/home/***/.local/share/virtualenv)
[2024-04-30T20:52:36.785+0000] {process_utils.py:190} INFO -     added seed packages: pip==24.0, setuptools==69.2.0, wheel==0.43.0
[2024-04-30T20:52:36.785+0000] {process_utils.py:190} INFO -   activators BashActivator,CShellActivator,FishActivator,NushellActivator,PowerShellActivator,PythonActivator
[2024-04-30T20:52:36.837+0000] {process_utils.py:182} INFO - Executing cmd: /tmp/venv17aivsbu/bin/pip install -r /tmp/venv17aivsbu/requirements.txt
[2024-04-30T20:52:36.848+0000] {process_utils.py:186} INFO - Output:
[2024-04-30T20:52:38.530+0000] {process_utils.py:190} INFO - Collecting dill (from -r /tmp/venv17aivsbu/requirements.txt (line 1))
[2024-04-30T20:52:38.535+0000] {process_utils.py:190} INFO -   Using cached dill-0.3.8-py3-none-any.whl.metadata (10 kB)
[2024-04-30T20:52:38.570+0000] {process_utils.py:190} INFO - Collecting funcsigs (from -r /tmp/venv17aivsbu/requirements.txt (line 2))
[2024-04-30T20:52:38.575+0000] {process_utils.py:190} INFO -   Using cached funcsigs-1.0.2-py2.py3-none-any.whl.metadata (14 kB)
[2024-04-30T20:52:38.927+0000] {process_utils.py:190} INFO - Collecting pandas (from -r /tmp/venv17aivsbu/requirements.txt (line 3))
[2024-04-30T20:52:38.931+0000] {process_utils.py:190} INFO -   Using cached pandas-2.0.3-cp38-cp38-manylinux_2_17_x86_64.manylinux2014_x86_64.whl.metadata (18 kB)
[2024-04-30T20:52:39.160+0000] {process_utils.py:190} INFO - Collecting python-dateutil>=2.8.2 (from pandas->-r /tmp/venv17aivsbu/requirements.txt (line 3))
[2024-04-30T20:52:39.164+0000] {process_utils.py:190} INFO -   Using cached python_dateutil-2.9.0.post0-py2.py3-none-any.whl.metadata (8.4 kB)
[2024-04-30T20:52:39.301+0000] {process_utils.py:190} INFO - Collecting pytz>=2020.1 (from pandas->-r /tmp/venv17aivsbu/requirements.txt (line 3))
[2024-04-30T20:52:39.305+0000] {process_utils.py:190} INFO -   Using cached pytz-2024.1-py2.py3-none-any.whl.metadata (22 kB)
[2024-04-30T20:52:39.375+0000] {process_utils.py:190} INFO - Collecting tzdata>=2022.1 (from pandas->-r /tmp/venv17aivsbu/requirements.txt (line 3))
[2024-04-30T20:52:39.378+0000] {process_utils.py:190} INFO -   Using cached tzdata-2024.1-py2.py3-none-any.whl.metadata (1.4 kB)
[2024-04-30T20:52:39.876+0000] {process_utils.py:190} INFO - Collecting numpy>=1.20.3 (from pandas->-r /tmp/venv17aivsbu/requirements.txt (line 3))
[2024-04-30T20:52:39.879+0000] {process_utils.py:190} INFO -   Using cached numpy-1.24.4-cp38-cp38-manylinux_2_17_x86_64.manylinux2014_x86_64.whl.metadata (5.6 kB)
[2024-04-30T20:52:39.930+0000] {process_utils.py:190} INFO - Collecting six>=1.5 (from python-dateutil>=2.8.2->pandas->-r /tmp/venv17aivsbu/requirements.txt (line 3))
[2024-04-30T20:52:39.933+0000] {process_utils.py:190} INFO -   Using cached six-1.16.0-py2.py3-none-any.whl.metadata (1.8 kB)
[2024-04-30T20:52:39.948+0000] {process_utils.py:190} INFO - Using cached dill-0.3.8-py3-none-any.whl (116 kB)
[2024-04-30T20:52:39.952+0000] {process_utils.py:190} INFO - Using cached funcsigs-1.0.2-py2.py3-none-any.whl (17 kB)
[2024-04-30T20:52:39.956+0000] {process_utils.py:190} INFO - Using cached pandas-2.0.3-cp38-cp38-manylinux_2_17_x86_64.manylinux2014_x86_64.whl (12.4 MB)
[2024-04-30T20:52:40.006+0000] {process_utils.py:190} INFO - Using cached numpy-1.24.4-cp38-cp38-manylinux_2_17_x86_64.manylinux2014_x86_64.whl (17.3 MB)
[2024-04-30T20:52:40.067+0000] {process_utils.py:190} INFO - Using cached python_dateutil-2.9.0.post0-py2.py3-none-any.whl (229 kB)
[2024-04-30T20:52:40.071+0000] {process_utils.py:190} INFO - Using cached pytz-2024.1-py2.py3-none-any.whl (505 kB)
[2024-04-30T20:52:40.076+0000] {process_utils.py:190} INFO - Using cached tzdata-2024.1-py2.py3-none-any.whl (345 kB)
[2024-04-30T20:52:40.081+0000] {process_utils.py:190} INFO - Using cached six-1.16.0-py2.py3-none-any.whl (11 kB)
[2024-04-30T20:52:40.612+0000] {process_utils.py:190} INFO - Installing collected packages: pytz, funcsigs, tzdata, six, numpy, dill, python-dateutil, pandas
[2024-04-30T20:52:50.309+0000] {process_utils.py:190} INFO - Successfully installed dill-0.3.8 funcsigs-1.0.2 numpy-1.24.4 pandas-2.0.3 python-dateutil-2.9.0.post0 pytz-2024.1 six-1.16.0 tzdata-2024.1
[2024-04-30T20:52:50.769+0000] {process_utils.py:182} INFO - Executing cmd: /tmp/venv17aivsbu/bin/python /tmp/venv-callhyrmhe2c/script.py /tmp/venv-callhyrmhe2c/script.in /tmp/venv-callhyrmhe2c/script.out /tmp/venv-callhyrmhe2c/string_args.txt /tmp/venv-callhyrmhe2c/termination.log
[2024-04-30T20:52:50.780+0000] {process_utils.py:186} INFO - Output:
[2024-04-30T20:52:51.768+0000] {python.py:202} INFO - Done. Returned value was: {'status': 'success', 'data_path': '/storage/acquire/Metro_zori_uc_sfrcondomfr_sm_month.csv'}
[2024-04-30T20:52:51.803+0000] {taskinstance.py:1149} INFO - Marking task as SUCCESS. dag_id=homework2_data_pipeline_demo, task_id=data_acquisition, execution_date=20240430T203041, start_date=20240430T205235, end_date=20240430T205251
[2024-04-30T20:52:51.840+0000] {local_task_job_runner.py:234} INFO - Task exited with return code 0
[2024-04-30T20:52:51.860+0000] {taskinstance.py:3312} INFO - 0 downstream tasks scheduled from follow-on schedule check
