[2024-04-30T20:54:52.248+0000] {taskinstance.py:1979} INFO - Dependencies all met for dep_context=non-requeueable deps ti=<TaskInstance: homework2_data_pipeline_demo.data_acquisition manual__2024-04-30T20:30:41.382358+00:00 [queued]>
[2024-04-30T20:54:52.266+0000] {taskinstance.py:1979} INFO - Dependencies all met for dep_context=requeueable deps ti=<TaskInstance: homework2_data_pipeline_demo.data_acquisition manual__2024-04-30T20:30:41.382358+00:00 [queued]>
[2024-04-30T20:54:52.267+0000] {taskinstance.py:2193} INFO - Starting attempt 9 of 9
[2024-04-30T20:54:52.298+0000] {taskinstance.py:2217} INFO - Executing <Task(_PythonVirtualenvDecoratedOperator): data_acquisition> on 2024-04-30 20:30:41.382358+00:00
[2024-04-30T20:54:52.313+0000] {standard_task_runner.py:60} INFO - Started process 6036 to run task
[2024-04-30T20:54:52.324+0000] {standard_task_runner.py:87} INFO - Running: ['***', 'tasks', 'run', 'homework2_data_pipeline_demo', 'data_acquisition', 'manual__2024-04-30T20:30:41.382358+00:00', '--job-id', '51', '--raw', '--subdir', 'DAGS_FOLDER/pipeline.py', '--cfg-path', '/tmp/tmpbp9s1o85']
[2024-04-30T20:54:52.327+0000] {standard_task_runner.py:88} INFO - Job 51: Subtask data_acquisition
[2024-04-30T20:54:52.477+0000] {task_command.py:423} INFO - Running <TaskInstance: homework2_data_pipeline_demo.data_acquisition manual__2024-04-30T20:30:41.382358+00:00 [running]> on host f153e58ecd1c
[2024-04-30T20:54:52.792+0000] {taskinstance.py:2513} INFO - Exporting env vars: AIRFLOW_CTX_DAG_OWNER='***' AIRFLOW_CTX_DAG_ID='homework2_data_pipeline_demo' AIRFLOW_CTX_TASK_ID='data_acquisition' AIRFLOW_CTX_EXECUTION_DATE='2024-04-30T20:30:41.382358+00:00' AIRFLOW_CTX_TRY_NUMBER='9' AIRFLOW_CTX_DAG_RUN_ID='manual__2024-04-30T20:30:41.382358+00:00'
[2024-04-30T20:54:52.807+0000] {process_utils.py:182} INFO - Executing cmd: /usr/local/bin/python -m virtualenv /tmp/venve3npzvdk --python=python
[2024-04-30T20:54:52.871+0000] {process_utils.py:186} INFO - Output:
[2024-04-30T20:54:54.789+0000] {process_utils.py:190} INFO - created virtual environment CPython3.8.19.final.0-64 in 677ms
[2024-04-30T20:54:54.792+0000] {process_utils.py:190} INFO -   creator CPython3Posix(dest=/tmp/venve3npzvdk, clear=False, no_vcs_ignore=False, global=False)
[2024-04-30T20:54:54.793+0000] {process_utils.py:190} INFO -   seeder FromAppData(download=False, pip=bundle, setuptools=bundle, wheel=bundle, via=copy, app_data_dir=/home/***/.local/share/virtualenv)
[2024-04-30T20:54:54.794+0000] {process_utils.py:190} INFO -     added seed packages: pip==24.0, setuptools==69.2.0, wheel==0.43.0
[2024-04-30T20:54:54.794+0000] {process_utils.py:190} INFO -   activators BashActivator,CShellActivator,FishActivator,NushellActivator,PowerShellActivator,PythonActivator
[2024-04-30T20:54:54.907+0000] {process_utils.py:182} INFO - Executing cmd: /tmp/venve3npzvdk/bin/pip install -r /tmp/venve3npzvdk/requirements.txt
[2024-04-30T20:54:54.926+0000] {process_utils.py:186} INFO - Output:
[2024-04-30T20:54:57.175+0000] {process_utils.py:190} INFO - Collecting dill (from -r /tmp/venve3npzvdk/requirements.txt (line 1))
[2024-04-30T20:54:57.181+0000] {process_utils.py:190} INFO -   Using cached dill-0.3.8-py3-none-any.whl.metadata (10 kB)
[2024-04-30T20:54:57.220+0000] {process_utils.py:190} INFO - Collecting funcsigs (from -r /tmp/venve3npzvdk/requirements.txt (line 2))
[2024-04-30T20:54:57.224+0000] {process_utils.py:190} INFO -   Using cached funcsigs-1.0.2-py2.py3-none-any.whl.metadata (14 kB)
[2024-04-30T20:54:57.621+0000] {process_utils.py:190} INFO - Collecting pandas (from -r /tmp/venve3npzvdk/requirements.txt (line 3))
[2024-04-30T20:54:57.626+0000] {process_utils.py:190} INFO -   Using cached pandas-2.0.3-cp38-cp38-manylinux_2_17_x86_64.manylinux2014_x86_64.whl.metadata (18 kB)
[2024-04-30T20:54:57.893+0000] {process_utils.py:190} INFO - Collecting python-dateutil>=2.8.2 (from pandas->-r /tmp/venve3npzvdk/requirements.txt (line 3))
[2024-04-30T20:54:57.897+0000] {process_utils.py:190} INFO -   Using cached python_dateutil-2.9.0.post0-py2.py3-none-any.whl.metadata (8.4 kB)
[2024-04-30T20:54:58.053+0000] {process_utils.py:190} INFO - Collecting pytz>=2020.1 (from pandas->-r /tmp/venve3npzvdk/requirements.txt (line 3))
[2024-04-30T20:54:58.057+0000] {process_utils.py:190} INFO -   Using cached pytz-2024.1-py2.py3-none-any.whl.metadata (22 kB)
[2024-04-30T20:54:58.116+0000] {process_utils.py:190} INFO - Collecting tzdata>=2022.1 (from pandas->-r /tmp/venve3npzvdk/requirements.txt (line 3))
[2024-04-30T20:54:58.120+0000] {process_utils.py:190} INFO -   Using cached tzdata-2024.1-py2.py3-none-any.whl.metadata (1.4 kB)
[2024-04-30T20:54:58.662+0000] {process_utils.py:190} INFO - Collecting numpy>=1.20.3 (from pandas->-r /tmp/venve3npzvdk/requirements.txt (line 3))
[2024-04-30T20:54:58.666+0000] {process_utils.py:190} INFO -   Using cached numpy-1.24.4-cp38-cp38-manylinux_2_17_x86_64.manylinux2014_x86_64.whl.metadata (5.6 kB)
[2024-04-30T20:54:58.722+0000] {process_utils.py:190} INFO - Collecting six>=1.5 (from python-dateutil>=2.8.2->pandas->-r /tmp/venve3npzvdk/requirements.txt (line 3))
[2024-04-30T20:54:58.725+0000] {process_utils.py:190} INFO -   Using cached six-1.16.0-py2.py3-none-any.whl.metadata (1.8 kB)
[2024-04-30T20:54:58.741+0000] {process_utils.py:190} INFO - Using cached dill-0.3.8-py3-none-any.whl (116 kB)
[2024-04-30T20:54:58.745+0000] {process_utils.py:190} INFO - Using cached funcsigs-1.0.2-py2.py3-none-any.whl (17 kB)
[2024-04-30T20:54:58.748+0000] {process_utils.py:190} INFO - Using cached pandas-2.0.3-cp38-cp38-manylinux_2_17_x86_64.manylinux2014_x86_64.whl (12.4 MB)
[2024-04-30T20:54:58.786+0000] {process_utils.py:190} INFO - Using cached numpy-1.24.4-cp38-cp38-manylinux_2_17_x86_64.manylinux2014_x86_64.whl (17.3 MB)
[2024-04-30T20:54:58.843+0000] {process_utils.py:190} INFO - Using cached python_dateutil-2.9.0.post0-py2.py3-none-any.whl (229 kB)
[2024-04-30T20:54:58.847+0000] {process_utils.py:190} INFO - Using cached pytz-2024.1-py2.py3-none-any.whl (505 kB)
[2024-04-30T20:54:58.851+0000] {process_utils.py:190} INFO - Using cached tzdata-2024.1-py2.py3-none-any.whl (345 kB)
[2024-04-30T20:54:58.855+0000] {process_utils.py:190} INFO - Using cached six-1.16.0-py2.py3-none-any.whl (11 kB)
[2024-04-30T20:54:59.391+0000] {process_utils.py:190} INFO - Installing collected packages: pytz, funcsigs, tzdata, six, numpy, dill, python-dateutil, pandas
[2024-04-30T20:55:09.597+0000] {process_utils.py:190} INFO - Successfully installed dill-0.3.8 funcsigs-1.0.2 numpy-1.24.4 pandas-2.0.3 python-dateutil-2.9.0.post0 pytz-2024.1 six-1.16.0 tzdata-2024.1
[2024-04-30T20:55:10.206+0000] {process_utils.py:182} INFO - Executing cmd: /tmp/venve3npzvdk/bin/python /tmp/venv-calli2ugjlsl/script.py /tmp/venv-calli2ugjlsl/script.in /tmp/venv-calli2ugjlsl/script.out /tmp/venv-calli2ugjlsl/string_args.txt /tmp/venv-calli2ugjlsl/termination.log
[2024-04-30T20:55:10.220+0000] {process_utils.py:186} INFO - Output:
[2024-04-30T20:55:11.392+0000] {python.py:202} INFO - Done. Returned value was: {'status': 'success', 'data_path': '/storage/acquire/Metro_zori_uc_sfrcondomfr_sm_month.csv'}
[2024-04-30T20:55:11.427+0000] {taskinstance.py:1149} INFO - Marking task as SUCCESS. dag_id=homework2_data_pipeline_demo, task_id=data_acquisition, execution_date=20240430T203041, start_date=20240430T205452, end_date=20240430T205511
[2024-04-30T20:55:11.484+0000] {local_task_job_runner.py:234} INFO - Task exited with return code 0
[2024-04-30T20:55:11.507+0000] {taskinstance.py:3312} INFO - 0 downstream tasks scheduled from follow-on schedule check
