[2024-04-30T20:43:42.417+0000] {taskinstance.py:1979} INFO - Dependencies all met for dep_context=non-requeueable deps ti=<TaskInstance: homework2_data_pipeline_demo.data_acquisition manual__2024-04-30T20:30:41.382358+00:00 [queued]>
[2024-04-30T20:43:42.433+0000] {taskinstance.py:1979} INFO - Dependencies all met for dep_context=requeueable deps ti=<TaskInstance: homework2_data_pipeline_demo.data_acquisition manual__2024-04-30T20:30:41.382358+00:00 [queued]>
[2024-04-30T20:43:42.434+0000] {taskinstance.py:2193} INFO - Starting attempt 4 of 4
[2024-04-30T20:43:42.465+0000] {taskinstance.py:2217} INFO - Executing <Task(_PythonVirtualenvDecoratedOperator): data_acquisition> on 2024-04-30 20:30:41.382358+00:00
[2024-04-30T20:43:42.473+0000] {standard_task_runner.py:60} INFO - Started process 5369 to run task
[2024-04-30T20:43:42.479+0000] {standard_task_runner.py:87} INFO - Running: ['***', 'tasks', 'run', 'homework2_data_pipeline_demo', 'data_acquisition', 'manual__2024-04-30T20:30:41.382358+00:00', '--job-id', '32', '--raw', '--subdir', 'DAGS_FOLDER/pipeline.py', '--cfg-path', '/tmp/tmpm8mnzbi8']
[2024-04-30T20:43:42.487+0000] {standard_task_runner.py:88} INFO - Job 32: Subtask data_acquisition
[2024-04-30T20:43:42.584+0000] {task_command.py:423} INFO - Running <TaskInstance: homework2_data_pipeline_demo.data_acquisition manual__2024-04-30T20:30:41.382358+00:00 [running]> on host f153e58ecd1c
[2024-04-30T20:43:42.692+0000] {taskinstance.py:2513} INFO - Exporting env vars: AIRFLOW_CTX_DAG_OWNER='***' AIRFLOW_CTX_DAG_ID='homework2_data_pipeline_demo' AIRFLOW_CTX_TASK_ID='data_acquisition' AIRFLOW_CTX_EXECUTION_DATE='2024-04-30T20:30:41.382358+00:00' AIRFLOW_CTX_TRY_NUMBER='4' AIRFLOW_CTX_DAG_RUN_ID='manual__2024-04-30T20:30:41.382358+00:00'
[2024-04-30T20:43:42.695+0000] {process_utils.py:182} INFO - Executing cmd: /usr/local/bin/python -m virtualenv /tmp/venvkh1nwl33 --python=python
[2024-04-30T20:43:42.707+0000] {process_utils.py:186} INFO - Output:
[2024-04-30T20:43:43.758+0000] {process_utils.py:190} INFO - created virtual environment CPython3.8.19.final.0-64 in 418ms
[2024-04-30T20:43:43.759+0000] {process_utils.py:190} INFO -   creator CPython3Posix(dest=/tmp/venvkh1nwl33, clear=False, no_vcs_ignore=False, global=False)
[2024-04-30T20:43:43.760+0000] {process_utils.py:190} INFO -   seeder FromAppData(download=False, pip=bundle, setuptools=bundle, wheel=bundle, via=copy, app_data_dir=/home/***/.local/share/virtualenv)
[2024-04-30T20:43:43.761+0000] {process_utils.py:190} INFO -     added seed packages: pip==24.0, setuptools==69.2.0, wheel==0.43.0
[2024-04-30T20:43:43.761+0000] {process_utils.py:190} INFO -   activators BashActivator,CShellActivator,FishActivator,NushellActivator,PowerShellActivator,PythonActivator
[2024-04-30T20:43:43.809+0000] {process_utils.py:182} INFO - Executing cmd: /tmp/venvkh1nwl33/bin/pip install -r /tmp/venvkh1nwl33/requirements.txt
[2024-04-30T20:43:43.822+0000] {process_utils.py:186} INFO - Output:
[2024-04-30T20:43:45.694+0000] {process_utils.py:190} INFO - Collecting dill (from -r /tmp/venvkh1nwl33/requirements.txt (line 1))
[2024-04-30T20:43:45.699+0000] {process_utils.py:190} INFO -   Using cached dill-0.3.8-py3-none-any.whl.metadata (10 kB)
[2024-04-30T20:43:45.738+0000] {process_utils.py:190} INFO - Collecting funcsigs (from -r /tmp/venvkh1nwl33/requirements.txt (line 2))
[2024-04-30T20:43:45.743+0000] {process_utils.py:190} INFO -   Using cached funcsigs-1.0.2-py2.py3-none-any.whl.metadata (14 kB)
[2024-04-30T20:43:46.121+0000] {process_utils.py:190} INFO - Collecting pandas (from -r /tmp/venvkh1nwl33/requirements.txt (line 3))
[2024-04-30T20:43:46.125+0000] {process_utils.py:190} INFO -   Using cached pandas-2.0.3-cp38-cp38-manylinux_2_17_x86_64.manylinux2014_x86_64.whl.metadata (18 kB)
[2024-04-30T20:43:46.358+0000] {process_utils.py:190} INFO - Collecting python-dateutil>=2.8.2 (from pandas->-r /tmp/venvkh1nwl33/requirements.txt (line 3))
[2024-04-30T20:43:46.361+0000] {process_utils.py:190} INFO -   Using cached python_dateutil-2.9.0.post0-py2.py3-none-any.whl.metadata (8.4 kB)
[2024-04-30T20:43:46.497+0000] {process_utils.py:190} INFO - Collecting pytz>=2020.1 (from pandas->-r /tmp/venvkh1nwl33/requirements.txt (line 3))
[2024-04-30T20:43:46.501+0000] {process_utils.py:190} INFO -   Using cached pytz-2024.1-py2.py3-none-any.whl.metadata (22 kB)
[2024-04-30T20:43:46.555+0000] {process_utils.py:190} INFO - Collecting tzdata>=2022.1 (from pandas->-r /tmp/venvkh1nwl33/requirements.txt (line 3))
[2024-04-30T20:43:46.559+0000] {process_utils.py:190} INFO -   Using cached tzdata-2024.1-py2.py3-none-any.whl.metadata (1.4 kB)
[2024-04-30T20:43:47.078+0000] {process_utils.py:190} INFO - Collecting numpy>=1.20.3 (from pandas->-r /tmp/venvkh1nwl33/requirements.txt (line 3))
[2024-04-30T20:43:47.083+0000] {process_utils.py:190} INFO -   Using cached numpy-1.24.4-cp38-cp38-manylinux_2_17_x86_64.manylinux2014_x86_64.whl.metadata (5.6 kB)
[2024-04-30T20:43:47.136+0000] {process_utils.py:190} INFO - Collecting six>=1.5 (from python-dateutil>=2.8.2->pandas->-r /tmp/venvkh1nwl33/requirements.txt (line 3))
[2024-04-30T20:43:47.139+0000] {process_utils.py:190} INFO -   Using cached six-1.16.0-py2.py3-none-any.whl.metadata (1.8 kB)
[2024-04-30T20:43:47.156+0000] {process_utils.py:190} INFO - Using cached dill-0.3.8-py3-none-any.whl (116 kB)
[2024-04-30T20:43:47.159+0000] {process_utils.py:190} INFO - Using cached funcsigs-1.0.2-py2.py3-none-any.whl (17 kB)
[2024-04-30T20:43:47.162+0000] {process_utils.py:190} INFO - Using cached pandas-2.0.3-cp38-cp38-manylinux_2_17_x86_64.manylinux2014_x86_64.whl (12.4 MB)
[2024-04-30T20:43:47.261+0000] {process_utils.py:190} INFO - Using cached numpy-1.24.4-cp38-cp38-manylinux_2_17_x86_64.manylinux2014_x86_64.whl (17.3 MB)
[2024-04-30T20:43:47.449+0000] {process_utils.py:190} INFO - Using cached python_dateutil-2.9.0.post0-py2.py3-none-any.whl (229 kB)
[2024-04-30T20:43:47.454+0000] {process_utils.py:190} INFO - Using cached pytz-2024.1-py2.py3-none-any.whl (505 kB)
[2024-04-30T20:43:47.461+0000] {process_utils.py:190} INFO - Using cached tzdata-2024.1-py2.py3-none-any.whl (345 kB)
[2024-04-30T20:43:47.467+0000] {process_utils.py:190} INFO - Using cached six-1.16.0-py2.py3-none-any.whl (11 kB)
[2024-04-30T20:43:47.998+0000] {process_utils.py:190} INFO - Installing collected packages: pytz, funcsigs, tzdata, six, numpy, dill, python-dateutil, pandas
[2024-04-30T20:43:58.830+0000] {process_utils.py:190} INFO - Successfully installed dill-0.3.8 funcsigs-1.0.2 numpy-1.24.4 pandas-2.0.3 python-dateutil-2.9.0.post0 pytz-2024.1 six-1.16.0 tzdata-2024.1
[2024-04-30T20:43:59.405+0000] {process_utils.py:182} INFO - Executing cmd: /tmp/venvkh1nwl33/bin/python /tmp/venv-callr3w7s5a0/script.py /tmp/venv-callr3w7s5a0/script.in /tmp/venv-callr3w7s5a0/script.out /tmp/venv-callr3w7s5a0/string_args.txt /tmp/venv-callr3w7s5a0/termination.log
[2024-04-30T20:43:59.420+0000] {process_utils.py:186} INFO - Output:
[2024-04-30T20:44:00.419+0000] {python.py:202} INFO - Done. Returned value was: {'status': 'success', 'data_path': '/storage/acquire/Metro_zori_uc_sfrcondomfr_sm_month.csv'}
[2024-04-30T20:44:00.454+0000] {taskinstance.py:1149} INFO - Marking task as SUCCESS. dag_id=homework2_data_pipeline_demo, task_id=data_acquisition, execution_date=20240430T203041, start_date=20240430T204342, end_date=20240430T204400
[2024-04-30T20:44:00.489+0000] {local_task_job_runner.py:234} INFO - Task exited with return code 0
[2024-04-30T20:44:00.508+0000] {taskinstance.py:3312} INFO - 0 downstream tasks scheduled from follow-on schedule check
