[2024-04-30T20:51:04.807+0000] {taskinstance.py:1979} INFO - Dependencies all met for dep_context=non-requeueable deps ti=<TaskInstance: homework2_data_pipeline_demo.data_acquisition manual__2024-04-30T20:30:41.382358+00:00 [queued]>
[2024-04-30T20:51:04.820+0000] {taskinstance.py:1979} INFO - Dependencies all met for dep_context=requeueable deps ti=<TaskInstance: homework2_data_pipeline_demo.data_acquisition manual__2024-04-30T20:30:41.382358+00:00 [queued]>
[2024-04-30T20:51:04.820+0000] {taskinstance.py:2193} INFO - Starting attempt 7 of 7
[2024-04-30T20:51:04.843+0000] {taskinstance.py:2217} INFO - Executing <Task(_PythonVirtualenvDecoratedOperator): data_acquisition> on 2024-04-30 20:30:41.382358+00:00
[2024-04-30T20:51:04.850+0000] {standard_task_runner.py:60} INFO - Started process 5735 to run task
[2024-04-30T20:51:04.855+0000] {standard_task_runner.py:87} INFO - Running: ['***', 'tasks', 'run', 'homework2_data_pipeline_demo', 'data_acquisition', 'manual__2024-04-30T20:30:41.382358+00:00', '--job-id', '42', '--raw', '--subdir', 'DAGS_FOLDER/pipeline.py', '--cfg-path', '/tmp/tmp8o96nvo8']
[2024-04-30T20:51:04.857+0000] {standard_task_runner.py:88} INFO - Job 42: Subtask data_acquisition
[2024-04-30T20:51:04.936+0000] {task_command.py:423} INFO - Running <TaskInstance: homework2_data_pipeline_demo.data_acquisition manual__2024-04-30T20:30:41.382358+00:00 [running]> on host f153e58ecd1c
[2024-04-30T20:51:05.045+0000] {taskinstance.py:2513} INFO - Exporting env vars: AIRFLOW_CTX_DAG_OWNER='***' AIRFLOW_CTX_DAG_ID='homework2_data_pipeline_demo' AIRFLOW_CTX_TASK_ID='data_acquisition' AIRFLOW_CTX_EXECUTION_DATE='2024-04-30T20:30:41.382358+00:00' AIRFLOW_CTX_TRY_NUMBER='7' AIRFLOW_CTX_DAG_RUN_ID='manual__2024-04-30T20:30:41.382358+00:00'
[2024-04-30T20:51:05.048+0000] {process_utils.py:182} INFO - Executing cmd: /usr/local/bin/python -m virtualenv /tmp/venvkkqe9q3s --python=python
[2024-04-30T20:51:05.060+0000] {process_utils.py:186} INFO - Output:
[2024-04-30T20:51:06.202+0000] {process_utils.py:190} INFO - created virtual environment CPython3.8.19.final.0-64 in 454ms
[2024-04-30T20:51:06.203+0000] {process_utils.py:190} INFO -   creator CPython3Posix(dest=/tmp/venvkkqe9q3s, clear=False, no_vcs_ignore=False, global=False)
[2024-04-30T20:51:06.204+0000] {process_utils.py:190} INFO -   seeder FromAppData(download=False, pip=bundle, setuptools=bundle, wheel=bundle, via=copy, app_data_dir=/home/***/.local/share/virtualenv)
[2024-04-30T20:51:06.205+0000] {process_utils.py:190} INFO -     added seed packages: pip==24.0, setuptools==69.2.0, wheel==0.43.0
[2024-04-30T20:51:06.205+0000] {process_utils.py:190} INFO -   activators BashActivator,CShellActivator,FishActivator,NushellActivator,PowerShellActivator,PythonActivator
[2024-04-30T20:51:06.252+0000] {process_utils.py:182} INFO - Executing cmd: /tmp/venvkkqe9q3s/bin/pip install -r /tmp/venvkkqe9q3s/requirements.txt
[2024-04-30T20:51:06.263+0000] {process_utils.py:186} INFO - Output:
[2024-04-30T20:51:07.900+0000] {process_utils.py:190} INFO - Collecting dill (from -r /tmp/venvkkqe9q3s/requirements.txt (line 1))
[2024-04-30T20:51:07.903+0000] {process_utils.py:190} INFO -   Using cached dill-0.3.8-py3-none-any.whl.metadata (10 kB)
[2024-04-30T20:51:07.951+0000] {process_utils.py:190} INFO - Collecting funcsigs (from -r /tmp/venvkkqe9q3s/requirements.txt (line 2))
[2024-04-30T20:51:07.955+0000] {process_utils.py:190} INFO -   Using cached funcsigs-1.0.2-py2.py3-none-any.whl.metadata (14 kB)
[2024-04-30T20:51:08.311+0000] {process_utils.py:190} INFO - Collecting pandas (from -r /tmp/venvkkqe9q3s/requirements.txt (line 3))
[2024-04-30T20:51:08.315+0000] {process_utils.py:190} INFO -   Using cached pandas-2.0.3-cp38-cp38-manylinux_2_17_x86_64.manylinux2014_x86_64.whl.metadata (18 kB)
[2024-04-30T20:51:08.545+0000] {process_utils.py:190} INFO - Collecting python-dateutil>=2.8.2 (from pandas->-r /tmp/venvkkqe9q3s/requirements.txt (line 3))
[2024-04-30T20:51:08.548+0000] {process_utils.py:190} INFO -   Using cached python_dateutil-2.9.0.post0-py2.py3-none-any.whl.metadata (8.4 kB)
[2024-04-30T20:51:08.677+0000] {process_utils.py:190} INFO - Collecting pytz>=2020.1 (from pandas->-r /tmp/venvkkqe9q3s/requirements.txt (line 3))
[2024-04-30T20:51:08.682+0000] {process_utils.py:190} INFO -   Using cached pytz-2024.1-py2.py3-none-any.whl.metadata (22 kB)
[2024-04-30T20:51:08.734+0000] {process_utils.py:190} INFO - Collecting tzdata>=2022.1 (from pandas->-r /tmp/venvkkqe9q3s/requirements.txt (line 3))
[2024-04-30T20:51:08.737+0000] {process_utils.py:190} INFO -   Using cached tzdata-2024.1-py2.py3-none-any.whl.metadata (1.4 kB)
[2024-04-30T20:51:09.234+0000] {process_utils.py:190} INFO - Collecting numpy>=1.20.3 (from pandas->-r /tmp/venvkkqe9q3s/requirements.txt (line 3))
[2024-04-30T20:51:09.237+0000] {process_utils.py:190} INFO -   Using cached numpy-1.24.4-cp38-cp38-manylinux_2_17_x86_64.manylinux2014_x86_64.whl.metadata (5.6 kB)
[2024-04-30T20:51:09.293+0000] {process_utils.py:190} INFO - Collecting six>=1.5 (from python-dateutil>=2.8.2->pandas->-r /tmp/venvkkqe9q3s/requirements.txt (line 3))
[2024-04-30T20:51:09.296+0000] {process_utils.py:190} INFO -   Using cached six-1.16.0-py2.py3-none-any.whl.metadata (1.8 kB)
[2024-04-30T20:51:09.312+0000] {process_utils.py:190} INFO - Using cached dill-0.3.8-py3-none-any.whl (116 kB)
[2024-04-30T20:51:09.315+0000] {process_utils.py:190} INFO - Using cached funcsigs-1.0.2-py2.py3-none-any.whl (17 kB)
[2024-04-30T20:51:09.318+0000] {process_utils.py:190} INFO - Using cached pandas-2.0.3-cp38-cp38-manylinux_2_17_x86_64.manylinux2014_x86_64.whl (12.4 MB)
[2024-04-30T20:51:09.360+0000] {process_utils.py:190} INFO - Using cached numpy-1.24.4-cp38-cp38-manylinux_2_17_x86_64.manylinux2014_x86_64.whl (17.3 MB)
[2024-04-30T20:51:09.429+0000] {process_utils.py:190} INFO - Using cached python_dateutil-2.9.0.post0-py2.py3-none-any.whl (229 kB)
[2024-04-30T20:51:09.435+0000] {process_utils.py:190} INFO - Using cached pytz-2024.1-py2.py3-none-any.whl (505 kB)
[2024-04-30T20:51:09.442+0000] {process_utils.py:190} INFO - Using cached tzdata-2024.1-py2.py3-none-any.whl (345 kB)
[2024-04-30T20:51:09.446+0000] {process_utils.py:190} INFO - Using cached six-1.16.0-py2.py3-none-any.whl (11 kB)
[2024-04-30T20:51:09.963+0000] {process_utils.py:190} INFO - Installing collected packages: pytz, funcsigs, tzdata, six, numpy, dill, python-dateutil, pandas
[2024-04-30T20:51:20.288+0000] {process_utils.py:190} INFO - Successfully installed dill-0.3.8 funcsigs-1.0.2 numpy-1.24.4 pandas-2.0.3 python-dateutil-2.9.0.post0 pytz-2024.1 six-1.16.0 tzdata-2024.1
[2024-04-30T20:51:20.754+0000] {process_utils.py:182} INFO - Executing cmd: /tmp/venvkkqe9q3s/bin/python /tmp/venv-calleq1umk0a/script.py /tmp/venv-calleq1umk0a/script.in /tmp/venv-calleq1umk0a/script.out /tmp/venv-calleq1umk0a/string_args.txt /tmp/venv-calleq1umk0a/termination.log
[2024-04-30T20:51:20.765+0000] {process_utils.py:186} INFO - Output:
[2024-04-30T20:51:21.714+0000] {python.py:202} INFO - Done. Returned value was: {'status': 'success', 'data_path': '/storage/acquire/Metro_zori_uc_sfrcondomfr_sm_month.csv'}
[2024-04-30T20:51:21.765+0000] {taskinstance.py:1149} INFO - Marking task as SUCCESS. dag_id=homework2_data_pipeline_demo, task_id=data_acquisition, execution_date=20240430T203041, start_date=20240430T205104, end_date=20240430T205121
[2024-04-30T20:51:21.823+0000] {local_task_job_runner.py:234} INFO - Task exited with return code 0
[2024-04-30T20:51:21.868+0000] {taskinstance.py:3312} INFO - 0 downstream tasks scheduled from follow-on schedule check
