[2024-04-30T20:48:22.769+0000] {taskinstance.py:1979} INFO - Dependencies all met for dep_context=non-requeueable deps ti=<TaskInstance: homework2_data_pipeline_demo.data_acquisition__1 manual__2024-04-30T20:30:41.382358+00:00 [queued]>
[2024-04-30T20:48:22.782+0000] {taskinstance.py:1979} INFO - Dependencies all met for dep_context=requeueable deps ti=<TaskInstance: homework2_data_pipeline_demo.data_acquisition__1 manual__2024-04-30T20:30:41.382358+00:00 [queued]>
[2024-04-30T20:48:22.783+0000] {taskinstance.py:2193} INFO - Starting attempt 4 of 4
[2024-04-30T20:48:22.802+0000] {taskinstance.py:2217} INFO - Executing <Task(_PythonVirtualenvDecoratedOperator): data_acquisition__1> on 2024-04-30 20:30:41.382358+00:00
[2024-04-30T20:48:22.809+0000] {standard_task_runner.py:60} INFO - Started process 5608 to run task
[2024-04-30T20:48:22.814+0000] {standard_task_runner.py:87} INFO - Running: ['***', 'tasks', 'run', 'homework2_data_pipeline_demo', 'data_acquisition__1', 'manual__2024-04-30T20:30:41.382358+00:00', '--job-id', '39', '--raw', '--subdir', 'DAGS_FOLDER/pipeline.py', '--cfg-path', '/tmp/tmptdmagzjh']
[2024-04-30T20:48:22.816+0000] {standard_task_runner.py:88} INFO - Job 39: Subtask data_acquisition__1
[2024-04-30T20:48:22.889+0000] {task_command.py:423} INFO - Running <TaskInstance: homework2_data_pipeline_demo.data_acquisition__1 manual__2024-04-30T20:30:41.382358+00:00 [running]> on host f153e58ecd1c
[2024-04-30T20:48:22.987+0000] {taskinstance.py:2513} INFO - Exporting env vars: AIRFLOW_CTX_DAG_OWNER='***' AIRFLOW_CTX_DAG_ID='homework2_data_pipeline_demo' AIRFLOW_CTX_TASK_ID='data_acquisition__1' AIRFLOW_CTX_EXECUTION_DATE='2024-04-30T20:30:41.382358+00:00' AIRFLOW_CTX_TRY_NUMBER='4' AIRFLOW_CTX_DAG_RUN_ID='manual__2024-04-30T20:30:41.382358+00:00'
[2024-04-30T20:48:22.991+0000] {process_utils.py:182} INFO - Executing cmd: /usr/local/bin/python -m virtualenv /tmp/venvcl85vvw2 --python=python
[2024-04-30T20:48:23.004+0000] {process_utils.py:186} INFO - Output:
[2024-04-30T20:48:24.088+0000] {process_utils.py:190} INFO - created virtual environment CPython3.8.19.final.0-64 in 436ms
[2024-04-30T20:48:24.089+0000] {process_utils.py:190} INFO -   creator CPython3Posix(dest=/tmp/venvcl85vvw2, clear=False, no_vcs_ignore=False, global=False)
[2024-04-30T20:48:24.090+0000] {process_utils.py:190} INFO -   seeder FromAppData(download=False, pip=bundle, setuptools=bundle, wheel=bundle, via=copy, app_data_dir=/home/***/.local/share/virtualenv)
[2024-04-30T20:48:24.091+0000] {process_utils.py:190} INFO -     added seed packages: pip==24.0, setuptools==69.2.0, wheel==0.43.0
[2024-04-30T20:48:24.092+0000] {process_utils.py:190} INFO -   activators BashActivator,CShellActivator,FishActivator,NushellActivator,PowerShellActivator,PythonActivator
[2024-04-30T20:48:24.162+0000] {process_utils.py:182} INFO - Executing cmd: /tmp/venvcl85vvw2/bin/pip install -r /tmp/venvcl85vvw2/requirements.txt
[2024-04-30T20:48:24.173+0000] {process_utils.py:186} INFO - Output:
[2024-04-30T20:48:25.710+0000] {process_utils.py:190} INFO - Collecting dill (from -r /tmp/venvcl85vvw2/requirements.txt (line 1))
[2024-04-30T20:48:25.713+0000] {process_utils.py:190} INFO -   Using cached dill-0.3.8-py3-none-any.whl.metadata (10 kB)
[2024-04-30T20:48:25.746+0000] {process_utils.py:190} INFO - Collecting funcsigs (from -r /tmp/venvcl85vvw2/requirements.txt (line 2))
[2024-04-30T20:48:25.749+0000] {process_utils.py:190} INFO -   Using cached funcsigs-1.0.2-py2.py3-none-any.whl.metadata (14 kB)
[2024-04-30T20:48:26.065+0000] {process_utils.py:190} INFO - Collecting pandas (from -r /tmp/venvcl85vvw2/requirements.txt (line 3))
[2024-04-30T20:48:26.070+0000] {process_utils.py:190} INFO -   Using cached pandas-2.0.3-cp38-cp38-manylinux_2_17_x86_64.manylinux2014_x86_64.whl.metadata (18 kB)
[2024-04-30T20:48:26.305+0000] {process_utils.py:190} INFO - Collecting python-dateutil>=2.8.2 (from pandas->-r /tmp/venvcl85vvw2/requirements.txt (line 3))
[2024-04-30T20:48:26.309+0000] {process_utils.py:190} INFO -   Using cached python_dateutil-2.9.0.post0-py2.py3-none-any.whl.metadata (8.4 kB)
[2024-04-30T20:48:26.454+0000] {process_utils.py:190} INFO - Collecting pytz>=2020.1 (from pandas->-r /tmp/venvcl85vvw2/requirements.txt (line 3))
[2024-04-30T20:48:26.459+0000] {process_utils.py:190} INFO -   Using cached pytz-2024.1-py2.py3-none-any.whl.metadata (22 kB)
[2024-04-30T20:48:26.520+0000] {process_utils.py:190} INFO - Collecting tzdata>=2022.1 (from pandas->-r /tmp/venvcl85vvw2/requirements.txt (line 3))
[2024-04-30T20:48:26.524+0000] {process_utils.py:190} INFO -   Using cached tzdata-2024.1-py2.py3-none-any.whl.metadata (1.4 kB)
[2024-04-30T20:48:27.026+0000] {process_utils.py:190} INFO - Collecting numpy>=1.20.3 (from pandas->-r /tmp/venvcl85vvw2/requirements.txt (line 3))
[2024-04-30T20:48:27.030+0000] {process_utils.py:190} INFO -   Using cached numpy-1.24.4-cp38-cp38-manylinux_2_17_x86_64.manylinux2014_x86_64.whl.metadata (5.6 kB)
[2024-04-30T20:48:27.081+0000] {process_utils.py:190} INFO - Collecting six>=1.5 (from python-dateutil>=2.8.2->pandas->-r /tmp/venvcl85vvw2/requirements.txt (line 3))
[2024-04-30T20:48:27.085+0000] {process_utils.py:190} INFO -   Using cached six-1.16.0-py2.py3-none-any.whl.metadata (1.8 kB)
[2024-04-30T20:48:27.106+0000] {process_utils.py:190} INFO - Using cached dill-0.3.8-py3-none-any.whl (116 kB)
[2024-04-30T20:48:27.111+0000] {process_utils.py:190} INFO - Using cached funcsigs-1.0.2-py2.py3-none-any.whl (17 kB)
[2024-04-30T20:48:27.115+0000] {process_utils.py:190} INFO - Using cached pandas-2.0.3-cp38-cp38-manylinux_2_17_x86_64.manylinux2014_x86_64.whl (12.4 MB)
[2024-04-30T20:48:27.175+0000] {process_utils.py:190} INFO - Using cached numpy-1.24.4-cp38-cp38-manylinux_2_17_x86_64.manylinux2014_x86_64.whl (17.3 MB)
[2024-04-30T20:48:27.248+0000] {process_utils.py:190} INFO - Using cached python_dateutil-2.9.0.post0-py2.py3-none-any.whl (229 kB)
[2024-04-30T20:48:27.253+0000] {process_utils.py:190} INFO - Using cached pytz-2024.1-py2.py3-none-any.whl (505 kB)
[2024-04-30T20:48:27.261+0000] {process_utils.py:190} INFO - Using cached tzdata-2024.1-py2.py3-none-any.whl (345 kB)
[2024-04-30T20:48:27.266+0000] {process_utils.py:190} INFO - Using cached six-1.16.0-py2.py3-none-any.whl (11 kB)
[2024-04-30T20:48:27.768+0000] {process_utils.py:190} INFO - Installing collected packages: pytz, funcsigs, tzdata, six, numpy, dill, python-dateutil, pandas
[2024-04-30T20:48:37.055+0000] {process_utils.py:190} INFO - Successfully installed dill-0.3.8 funcsigs-1.0.2 numpy-1.24.4 pandas-2.0.3 python-dateutil-2.9.0.post0 pytz-2024.1 six-1.16.0 tzdata-2024.1
[2024-04-30T20:48:37.535+0000] {process_utils.py:182} INFO - Executing cmd: /tmp/venvcl85vvw2/bin/python /tmp/venv-callo9dlvj0y/script.py /tmp/venv-callo9dlvj0y/script.in /tmp/venv-callo9dlvj0y/script.out /tmp/venv-callo9dlvj0y/string_args.txt /tmp/venv-callo9dlvj0y/termination.log
[2024-04-30T20:48:37.547+0000] {process_utils.py:186} INFO - Output:
[2024-04-30T20:48:38.552+0000] {python.py:202} INFO - Done. Returned value was: {'status': 'success', 'data_path': '/storage/acquire/Metro_zori_uc_sfrcondomfr_sm_month.csv'}
[2024-04-30T20:48:38.585+0000] {taskinstance.py:1149} INFO - Marking task as SUCCESS. dag_id=homework2_data_pipeline_demo, task_id=data_acquisition__1, execution_date=20240430T203041, start_date=20240430T204822, end_date=20240430T204838
[2024-04-30T20:48:38.642+0000] {local_task_job_runner.py:234} INFO - Task exited with return code 0
[2024-04-30T20:48:38.673+0000] {taskinstance.py:3312} INFO - 1 downstream tasks scheduled from follow-on schedule check
