[2024-04-30T20:37:28.554+0000] {taskinstance.py:1979} INFO - Dependencies all met for dep_context=non-requeueable deps ti=<TaskInstance: homework2_data_pipeline_demo.data_acquisition__1 manual__2024-04-30T20:30:41.382358+00:00 [queued]>
[2024-04-30T20:37:28.566+0000] {taskinstance.py:1979} INFO - Dependencies all met for dep_context=requeueable deps ti=<TaskInstance: homework2_data_pipeline_demo.data_acquisition__1 manual__2024-04-30T20:30:41.382358+00:00 [queued]>
[2024-04-30T20:37:28.567+0000] {taskinstance.py:2193} INFO - Starting attempt 1 of 1
[2024-04-30T20:37:28.586+0000] {taskinstance.py:2217} INFO - Executing <Task(_PythonVirtualenvDecoratedOperator): data_acquisition__1> on 2024-04-30 20:30:41.382358+00:00
[2024-04-30T20:37:28.594+0000] {standard_task_runner.py:60} INFO - Started process 5177 to run task
[2024-04-30T20:37:28.599+0000] {standard_task_runner.py:87} INFO - Running: ['***', 'tasks', 'run', 'homework2_data_pipeline_demo', 'data_acquisition__1', 'manual__2024-04-30T20:30:41.382358+00:00', '--job-id', '29', '--raw', '--subdir', 'DAGS_FOLDER/pipeline.py', '--cfg-path', '/tmp/tmpqlluuc5o']
[2024-04-30T20:37:28.601+0000] {standard_task_runner.py:88} INFO - Job 29: Subtask data_acquisition__1
[2024-04-30T20:37:28.667+0000] {task_command.py:423} INFO - Running <TaskInstance: homework2_data_pipeline_demo.data_acquisition__1 manual__2024-04-30T20:30:41.382358+00:00 [running]> on host f153e58ecd1c
[2024-04-30T20:37:28.789+0000] {taskinstance.py:2513} INFO - Exporting env vars: AIRFLOW_CTX_DAG_OWNER='***' AIRFLOW_CTX_DAG_ID='homework2_data_pipeline_demo' AIRFLOW_CTX_TASK_ID='data_acquisition__1' AIRFLOW_CTX_EXECUTION_DATE='2024-04-30T20:30:41.382358+00:00' AIRFLOW_CTX_TRY_NUMBER='1' AIRFLOW_CTX_DAG_RUN_ID='manual__2024-04-30T20:30:41.382358+00:00'
[2024-04-30T20:37:28.794+0000] {process_utils.py:182} INFO - Executing cmd: /usr/local/bin/python -m virtualenv /tmp/venv9j2nr9b8 --python=python
[2024-04-30T20:37:28.813+0000] {process_utils.py:186} INFO - Output:
[2024-04-30T20:37:30.052+0000] {process_utils.py:190} INFO - created virtual environment CPython3.8.19.final.0-64 in 459ms
[2024-04-30T20:37:30.053+0000] {process_utils.py:190} INFO -   creator CPython3Posix(dest=/tmp/venv9j2nr9b8, clear=False, no_vcs_ignore=False, global=False)
[2024-04-30T20:37:30.053+0000] {process_utils.py:190} INFO -   seeder FromAppData(download=False, pip=bundle, setuptools=bundle, wheel=bundle, via=copy, app_data_dir=/home/***/.local/share/virtualenv)
[2024-04-30T20:37:30.054+0000] {process_utils.py:190} INFO -     added seed packages: pip==24.0, setuptools==69.2.0, wheel==0.43.0
[2024-04-30T20:37:30.055+0000] {process_utils.py:190} INFO -   activators BashActivator,CShellActivator,FishActivator,NushellActivator,PowerShellActivator,PythonActivator
[2024-04-30T20:37:30.103+0000] {process_utils.py:182} INFO - Executing cmd: /tmp/venv9j2nr9b8/bin/pip install -r /tmp/venv9j2nr9b8/requirements.txt
[2024-04-30T20:37:30.115+0000] {process_utils.py:186} INFO - Output:
[2024-04-30T20:37:31.833+0000] {process_utils.py:190} INFO - Collecting dill (from -r /tmp/venv9j2nr9b8/requirements.txt (line 1))
[2024-04-30T20:37:31.840+0000] {process_utils.py:190} INFO -   Using cached dill-0.3.8-py3-none-any.whl.metadata (10 kB)
[2024-04-30T20:37:31.899+0000] {process_utils.py:190} INFO - Collecting funcsigs (from -r /tmp/venv9j2nr9b8/requirements.txt (line 2))
[2024-04-30T20:37:31.932+0000] {process_utils.py:190} INFO -   Using cached funcsigs-1.0.2-py2.py3-none-any.whl.metadata (14 kB)
[2024-04-30T20:37:32.477+0000] {process_utils.py:190} INFO - Collecting pandas (from -r /tmp/venv9j2nr9b8/requirements.txt (line 3))
[2024-04-30T20:37:32.483+0000] {process_utils.py:190} INFO -   Using cached pandas-2.0.3-cp38-cp38-manylinux_2_17_x86_64.manylinux2014_x86_64.whl.metadata (18 kB)
[2024-04-30T20:37:32.815+0000] {process_utils.py:190} INFO - Collecting python-dateutil>=2.8.2 (from pandas->-r /tmp/venv9j2nr9b8/requirements.txt (line 3))
[2024-04-30T20:37:32.818+0000] {process_utils.py:190} INFO -   Using cached python_dateutil-2.9.0.post0-py2.py3-none-any.whl.metadata (8.4 kB)
[2024-04-30T20:37:32.967+0000] {process_utils.py:190} INFO - Collecting pytz>=2020.1 (from pandas->-r /tmp/venv9j2nr9b8/requirements.txt (line 3))
[2024-04-30T20:37:32.971+0000] {process_utils.py:190} INFO -   Using cached pytz-2024.1-py2.py3-none-any.whl.metadata (22 kB)
[2024-04-30T20:37:33.034+0000] {process_utils.py:190} INFO - Collecting tzdata>=2022.1 (from pandas->-r /tmp/venv9j2nr9b8/requirements.txt (line 3))
[2024-04-30T20:37:33.037+0000] {process_utils.py:190} INFO -   Using cached tzdata-2024.1-py2.py3-none-any.whl.metadata (1.4 kB)
[2024-04-30T20:37:33.584+0000] {process_utils.py:190} INFO - Collecting numpy>=1.20.3 (from pandas->-r /tmp/venv9j2nr9b8/requirements.txt (line 3))
[2024-04-30T20:37:33.590+0000] {process_utils.py:190} INFO -   Using cached numpy-1.24.4-cp38-cp38-manylinux_2_17_x86_64.manylinux2014_x86_64.whl.metadata (5.6 kB)
[2024-04-30T20:37:33.674+0000] {process_utils.py:190} INFO - Collecting six>=1.5 (from python-dateutil>=2.8.2->pandas->-r /tmp/venv9j2nr9b8/requirements.txt (line 3))
[2024-04-30T20:37:33.680+0000] {process_utils.py:190} INFO -   Using cached six-1.16.0-py2.py3-none-any.whl.metadata (1.8 kB)
[2024-04-30T20:37:33.706+0000] {process_utils.py:190} INFO - Using cached dill-0.3.8-py3-none-any.whl (116 kB)
[2024-04-30T20:37:33.711+0000] {process_utils.py:190} INFO - Using cached funcsigs-1.0.2-py2.py3-none-any.whl (17 kB)
[2024-04-30T20:37:33.715+0000] {process_utils.py:190} INFO - Using cached pandas-2.0.3-cp38-cp38-manylinux_2_17_x86_64.manylinux2014_x86_64.whl (12.4 MB)
[2024-04-30T20:37:34.006+0000] {process_utils.py:190} INFO - Using cached numpy-1.24.4-cp38-cp38-manylinux_2_17_x86_64.manylinux2014_x86_64.whl (17.3 MB)
[2024-04-30T20:37:34.394+0000] {process_utils.py:190} INFO - Using cached python_dateutil-2.9.0.post0-py2.py3-none-any.whl (229 kB)
[2024-04-30T20:37:34.402+0000] {process_utils.py:190} INFO - Using cached pytz-2024.1-py2.py3-none-any.whl (505 kB)
[2024-04-30T20:37:34.421+0000] {process_utils.py:190} INFO - Using cached tzdata-2024.1-py2.py3-none-any.whl (345 kB)
[2024-04-30T20:37:34.433+0000] {process_utils.py:190} INFO - Using cached six-1.16.0-py2.py3-none-any.whl (11 kB)
[2024-04-30T20:37:35.078+0000] {process_utils.py:190} INFO - Installing collected packages: pytz, funcsigs, tzdata, six, numpy, dill, python-dateutil, pandas
[2024-04-30T20:37:45.064+0000] {process_utils.py:190} INFO - Successfully installed dill-0.3.8 funcsigs-1.0.2 numpy-1.24.4 pandas-2.0.3 python-dateutil-2.9.0.post0 pytz-2024.1 six-1.16.0 tzdata-2024.1
[2024-04-30T20:37:45.498+0000] {process_utils.py:182} INFO - Executing cmd: /tmp/venv9j2nr9b8/bin/python /tmp/venv-callrd_9eux1/script.py /tmp/venv-callrd_9eux1/script.in /tmp/venv-callrd_9eux1/script.out /tmp/venv-callrd_9eux1/string_args.txt /tmp/venv-callrd_9eux1/termination.log
[2024-04-30T20:37:45.512+0000] {process_utils.py:186} INFO - Output:
[2024-04-30T20:37:46.425+0000] {python.py:202} INFO - Done. Returned value was: {'status': 'success', 'data_path': '/storage/acquire/Metro_zori_uc_sfrcondomfr_sm_month.csv'}
[2024-04-30T20:37:46.458+0000] {taskinstance.py:1149} INFO - Marking task as SUCCESS. dag_id=homework2_data_pipeline_demo, task_id=data_acquisition__1, execution_date=20240430T203041, start_date=20240430T203728, end_date=20240430T203746
[2024-04-30T20:37:46.518+0000] {local_task_job_runner.py:234} INFO - Task exited with return code 0
[2024-04-30T20:37:46.554+0000] {taskinstance.py:3312} INFO - 1 downstream tasks scheduled from follow-on schedule check
