[2024-04-30T20:46:06.442+0000] {taskinstance.py:1979} INFO - Dependencies all met for dep_context=non-requeueable deps ti=<TaskInstance: homework2_data_pipeline_demo.data_acquisition__1 manual__2024-04-30T20:30:41.382358+00:00 [queued]>
[2024-04-30T20:46:06.455+0000] {taskinstance.py:1979} INFO - Dependencies all met for dep_context=requeueable deps ti=<TaskInstance: homework2_data_pipeline_demo.data_acquisition__1 manual__2024-04-30T20:30:41.382358+00:00 [queued]>
[2024-04-30T20:46:06.456+0000] {taskinstance.py:2193} INFO - Starting attempt 3 of 3
[2024-04-30T20:46:06.480+0000] {taskinstance.py:2217} INFO - Executing <Task(_PythonVirtualenvDecoratedOperator): data_acquisition__1> on 2024-04-30 20:30:41.382358+00:00
[2024-04-30T20:46:06.489+0000] {standard_task_runner.py:60} INFO - Started process 5488 to run task
[2024-04-30T20:46:06.494+0000] {standard_task_runner.py:87} INFO - Running: ['***', 'tasks', 'run', 'homework2_data_pipeline_demo', 'data_acquisition__1', 'manual__2024-04-30T20:30:41.382358+00:00', '--job-id', '35', '--raw', '--subdir', 'DAGS_FOLDER/pipeline.py', '--cfg-path', '/tmp/tmpazgq_1qm']
[2024-04-30T20:46:06.495+0000] {standard_task_runner.py:88} INFO - Job 35: Subtask data_acquisition__1
[2024-04-30T20:46:06.574+0000] {task_command.py:423} INFO - Running <TaskInstance: homework2_data_pipeline_demo.data_acquisition__1 manual__2024-04-30T20:30:41.382358+00:00 [running]> on host f153e58ecd1c
[2024-04-30T20:46:06.713+0000] {taskinstance.py:2513} INFO - Exporting env vars: AIRFLOW_CTX_DAG_OWNER='***' AIRFLOW_CTX_DAG_ID='homework2_data_pipeline_demo' AIRFLOW_CTX_TASK_ID='data_acquisition__1' AIRFLOW_CTX_EXECUTION_DATE='2024-04-30T20:30:41.382358+00:00' AIRFLOW_CTX_TRY_NUMBER='3' AIRFLOW_CTX_DAG_RUN_ID='manual__2024-04-30T20:30:41.382358+00:00'
[2024-04-30T20:46:06.717+0000] {process_utils.py:182} INFO - Executing cmd: /usr/local/bin/python -m virtualenv /tmp/venv36flgn0c --python=python
[2024-04-30T20:46:06.730+0000] {process_utils.py:186} INFO - Output:
[2024-04-30T20:46:07.889+0000] {process_utils.py:190} INFO - created virtual environment CPython3.8.19.final.0-64 in 497ms
[2024-04-30T20:46:07.891+0000] {process_utils.py:190} INFO -   creator CPython3Posix(dest=/tmp/venv36flgn0c, clear=False, no_vcs_ignore=False, global=False)
[2024-04-30T20:46:07.891+0000] {process_utils.py:190} INFO -   seeder FromAppData(download=False, pip=bundle, setuptools=bundle, wheel=bundle, via=copy, app_data_dir=/home/***/.local/share/virtualenv)
[2024-04-30T20:46:07.892+0000] {process_utils.py:190} INFO -     added seed packages: pip==24.0, setuptools==69.2.0, wheel==0.43.0
[2024-04-30T20:46:07.893+0000] {process_utils.py:190} INFO -   activators BashActivator,CShellActivator,FishActivator,NushellActivator,PowerShellActivator,PythonActivator
[2024-04-30T20:46:07.967+0000] {process_utils.py:182} INFO - Executing cmd: /tmp/venv36flgn0c/bin/pip install -r /tmp/venv36flgn0c/requirements.txt
[2024-04-30T20:46:07.981+0000] {process_utils.py:186} INFO - Output:
[2024-04-30T20:46:09.569+0000] {process_utils.py:190} INFO - Collecting dill (from -r /tmp/venv36flgn0c/requirements.txt (line 1))
[2024-04-30T20:46:09.572+0000] {process_utils.py:190} INFO -   Using cached dill-0.3.8-py3-none-any.whl.metadata (10 kB)
[2024-04-30T20:46:09.609+0000] {process_utils.py:190} INFO - Collecting funcsigs (from -r /tmp/venv36flgn0c/requirements.txt (line 2))
[2024-04-30T20:46:09.613+0000] {process_utils.py:190} INFO -   Using cached funcsigs-1.0.2-py2.py3-none-any.whl.metadata (14 kB)
[2024-04-30T20:46:09.945+0000] {process_utils.py:190} INFO - Collecting pandas (from -r /tmp/venv36flgn0c/requirements.txt (line 3))
[2024-04-30T20:46:09.948+0000] {process_utils.py:190} INFO -   Using cached pandas-2.0.3-cp38-cp38-manylinux_2_17_x86_64.manylinux2014_x86_64.whl.metadata (18 kB)
[2024-04-30T20:46:10.161+0000] {process_utils.py:190} INFO - Collecting python-dateutil>=2.8.2 (from pandas->-r /tmp/venv36flgn0c/requirements.txt (line 3))
[2024-04-30T20:46:10.165+0000] {process_utils.py:190} INFO -   Using cached python_dateutil-2.9.0.post0-py2.py3-none-any.whl.metadata (8.4 kB)
[2024-04-30T20:46:10.306+0000] {process_utils.py:190} INFO - Collecting pytz>=2020.1 (from pandas->-r /tmp/venv36flgn0c/requirements.txt (line 3))
[2024-04-30T20:46:10.312+0000] {process_utils.py:190} INFO -   Using cached pytz-2024.1-py2.py3-none-any.whl.metadata (22 kB)
[2024-04-30T20:46:10.370+0000] {process_utils.py:190} INFO - Collecting tzdata>=2022.1 (from pandas->-r /tmp/venv36flgn0c/requirements.txt (line 3))
[2024-04-30T20:46:10.375+0000] {process_utils.py:190} INFO -   Using cached tzdata-2024.1-py2.py3-none-any.whl.metadata (1.4 kB)
[2024-04-30T20:46:10.867+0000] {process_utils.py:190} INFO - Collecting numpy>=1.20.3 (from pandas->-r /tmp/venv36flgn0c/requirements.txt (line 3))
[2024-04-30T20:46:10.870+0000] {process_utils.py:190} INFO -   Using cached numpy-1.24.4-cp38-cp38-manylinux_2_17_x86_64.manylinux2014_x86_64.whl.metadata (5.6 kB)
[2024-04-30T20:46:10.924+0000] {process_utils.py:190} INFO - Collecting six>=1.5 (from python-dateutil>=2.8.2->pandas->-r /tmp/venv36flgn0c/requirements.txt (line 3))
[2024-04-30T20:46:10.927+0000] {process_utils.py:190} INFO -   Using cached six-1.16.0-py2.py3-none-any.whl.metadata (1.8 kB)
[2024-04-30T20:46:10.944+0000] {process_utils.py:190} INFO - Using cached dill-0.3.8-py3-none-any.whl (116 kB)
[2024-04-30T20:46:10.947+0000] {process_utils.py:190} INFO - Using cached funcsigs-1.0.2-py2.py3-none-any.whl (17 kB)
[2024-04-30T20:46:10.950+0000] {process_utils.py:190} INFO - Using cached pandas-2.0.3-cp38-cp38-manylinux_2_17_x86_64.manylinux2014_x86_64.whl (12.4 MB)
[2024-04-30T20:46:11.008+0000] {process_utils.py:190} INFO - Using cached numpy-1.24.4-cp38-cp38-manylinux_2_17_x86_64.manylinux2014_x86_64.whl (17.3 MB)
[2024-04-30T20:46:11.089+0000] {process_utils.py:190} INFO - Using cached python_dateutil-2.9.0.post0-py2.py3-none-any.whl (229 kB)
[2024-04-30T20:46:11.093+0000] {process_utils.py:190} INFO - Using cached pytz-2024.1-py2.py3-none-any.whl (505 kB)
[2024-04-30T20:46:11.099+0000] {process_utils.py:190} INFO - Using cached tzdata-2024.1-py2.py3-none-any.whl (345 kB)
[2024-04-30T20:46:11.103+0000] {process_utils.py:190} INFO - Using cached six-1.16.0-py2.py3-none-any.whl (11 kB)
[2024-04-30T20:46:11.570+0000] {process_utils.py:190} INFO - Installing collected packages: pytz, funcsigs, tzdata, six, numpy, dill, python-dateutil, pandas
[2024-04-30T20:46:20.946+0000] {process_utils.py:190} INFO - Successfully installed dill-0.3.8 funcsigs-1.0.2 numpy-1.24.4 pandas-2.0.3 python-dateutil-2.9.0.post0 pytz-2024.1 six-1.16.0 tzdata-2024.1
[2024-04-30T20:46:21.392+0000] {process_utils.py:182} INFO - Executing cmd: /tmp/venv36flgn0c/bin/python /tmp/venv-call5l56qaz8/script.py /tmp/venv-call5l56qaz8/script.in /tmp/venv-call5l56qaz8/script.out /tmp/venv-call5l56qaz8/string_args.txt /tmp/venv-call5l56qaz8/termination.log
[2024-04-30T20:46:21.405+0000] {process_utils.py:186} INFO - Output:
[2024-04-30T20:46:22.337+0000] {python.py:202} INFO - Done. Returned value was: {'status': 'success', 'data_path': '/storage/acquire/Metro_zori_uc_sfrcondomfr_sm_month.csv'}
[2024-04-30T20:46:22.372+0000] {taskinstance.py:1149} INFO - Marking task as SUCCESS. dag_id=homework2_data_pipeline_demo, task_id=data_acquisition__1, execution_date=20240430T203041, start_date=20240430T204606, end_date=20240430T204622
[2024-04-30T20:46:22.404+0000] {local_task_job_runner.py:234} INFO - Task exited with return code 0
[2024-04-30T20:46:22.437+0000] {taskinstance.py:3312} INFO - 1 downstream tasks scheduled from follow-on schedule check
