[2024-04-30T20:09:18.964+0000] {taskinstance.py:1979} INFO - Dependencies all met for dep_context=non-requeueable deps ti=<TaskInstance: homework2_data_pipeline_demo.data_aquisition manual__2024-04-30T19:51:15.036853+00:00 [queued]>
[2024-04-30T20:09:18.977+0000] {taskinstance.py:1979} INFO - Dependencies all met for dep_context=requeueable deps ti=<TaskInstance: homework2_data_pipeline_demo.data_aquisition manual__2024-04-30T19:51:15.036853+00:00 [queued]>
[2024-04-30T20:09:18.978+0000] {taskinstance.py:2193} INFO - Starting attempt 2 of 2
[2024-04-30T20:09:18.998+0000] {taskinstance.py:2217} INFO - Executing <Task(_PythonVirtualenvDecoratedOperator): data_aquisition> on 2024-04-30 19:51:15.036853+00:00
[2024-04-30T20:09:19.006+0000] {standard_task_runner.py:60} INFO - Started process 4517 to run task
[2024-04-30T20:09:19.010+0000] {standard_task_runner.py:87} INFO - Running: ['***', 'tasks', 'run', 'homework2_data_pipeline_demo', 'data_aquisition', 'manual__2024-04-30T19:51:15.036853+00:00', '--job-id', '18', '--raw', '--subdir', 'DAGS_FOLDER/Hw2.py', '--cfg-path', '/tmp/tmpq7rcaxap']
[2024-04-30T20:09:19.015+0000] {standard_task_runner.py:88} INFO - Job 18: Subtask data_aquisition
[2024-04-30T20:09:19.084+0000] {task_command.py:423} INFO - Running <TaskInstance: homework2_data_pipeline_demo.data_aquisition manual__2024-04-30T19:51:15.036853+00:00 [running]> on host f153e58ecd1c
[2024-04-30T20:09:19.192+0000] {taskinstance.py:2513} INFO - Exporting env vars: AIRFLOW_CTX_DAG_OWNER='***' AIRFLOW_CTX_DAG_ID='homework2_data_pipeline_demo' AIRFLOW_CTX_TASK_ID='data_aquisition' AIRFLOW_CTX_EXECUTION_DATE='2024-04-30T19:51:15.036853+00:00' AIRFLOW_CTX_TRY_NUMBER='2' AIRFLOW_CTX_DAG_RUN_ID='manual__2024-04-30T19:51:15.036853+00:00'
[2024-04-30T20:09:19.196+0000] {process_utils.py:182} INFO - Executing cmd: /usr/local/bin/python -m virtualenv /tmp/venvhfijm3bk --python=python
[2024-04-30T20:09:19.209+0000] {process_utils.py:186} INFO - Output:
[2024-04-30T20:09:20.605+0000] {process_utils.py:190} INFO - created virtual environment CPython3.8.19.final.0-64 in 467ms
[2024-04-30T20:09:20.606+0000] {process_utils.py:190} INFO -   creator CPython3Posix(dest=/tmp/venvhfijm3bk, clear=False, no_vcs_ignore=False, global=False)
[2024-04-30T20:09:20.607+0000] {process_utils.py:190} INFO -   seeder FromAppData(download=False, pip=bundle, setuptools=bundle, wheel=bundle, via=copy, app_data_dir=/home/***/.local/share/virtualenv)
[2024-04-30T20:09:20.608+0000] {process_utils.py:190} INFO -     added seed packages: pip==24.0, setuptools==69.2.0, wheel==0.43.0
[2024-04-30T20:09:20.609+0000] {process_utils.py:190} INFO -   activators BashActivator,CShellActivator,FishActivator,NushellActivator,PowerShellActivator,PythonActivator
[2024-04-30T20:09:20.657+0000] {process_utils.py:182} INFO - Executing cmd: /tmp/venvhfijm3bk/bin/pip install -r /tmp/venvhfijm3bk/requirements.txt
[2024-04-30T20:09:20.669+0000] {process_utils.py:186} INFO - Output:
[2024-04-30T20:09:22.149+0000] {process_utils.py:190} INFO - Collecting dill (from -r /tmp/venvhfijm3bk/requirements.txt (line 1))
[2024-04-30T20:09:22.153+0000] {process_utils.py:190} INFO -   Using cached dill-0.3.8-py3-none-any.whl.metadata (10 kB)
[2024-04-30T20:09:22.189+0000] {process_utils.py:190} INFO - Collecting funcsigs (from -r /tmp/venvhfijm3bk/requirements.txt (line 2))
[2024-04-30T20:09:22.193+0000] {process_utils.py:190} INFO -   Using cached funcsigs-1.0.2-py2.py3-none-any.whl.metadata (14 kB)
[2024-04-30T20:09:22.207+0000] {process_utils.py:190} INFO - Using cached dill-0.3.8-py3-none-any.whl (116 kB)
[2024-04-30T20:09:22.211+0000] {process_utils.py:190} INFO - Using cached funcsigs-1.0.2-py2.py3-none-any.whl (17 kB)
[2024-04-30T20:09:22.316+0000] {process_utils.py:190} INFO - Installing collected packages: funcsigs, dill
[2024-04-30T20:09:22.456+0000] {process_utils.py:190} INFO - Successfully installed dill-0.3.8 funcsigs-1.0.2
[2024-04-30T20:09:22.758+0000] {process_utils.py:182} INFO - Executing cmd: /tmp/venvhfijm3bk/bin/python /tmp/venv-call1lx2jhrj/script.py /tmp/venv-call1lx2jhrj/script.in /tmp/venv-call1lx2jhrj/script.out /tmp/venv-call1lx2jhrj/string_args.txt /tmp/venv-call1lx2jhrj/termination.log
[2024-04-30T20:09:22.770+0000] {process_utils.py:186} INFO - Output:
[2024-04-30T20:09:22.957+0000] {python.py:202} INFO - Done. Returned value was: {'status': 'success', 'data_path': '/storage/acquire/1234'}
[2024-04-30T20:09:23.002+0000] {taskinstance.py:1149} INFO - Marking task as SUCCESS. dag_id=homework2_data_pipeline_demo, task_id=data_aquisition, execution_date=20240430T195115, start_date=20240430T200918, end_date=20240430T200923
[2024-04-30T20:09:23.046+0000] {local_task_job_runner.py:234} INFO - Task exited with return code 0
[2024-04-30T20:09:23.084+0000] {taskinstance.py:3312} INFO - 1 downstream tasks scheduled from follow-on schedule check
